<?xml version="1.0" encoding="UTF-8" ?>
<testsuites errors="111"
            failures="2"
            tests="6">

  <testsuite name="forms.submitForms"
    errors="111" failures="2" hostname="" id="" package="forms" skipped="0"
    tests="6" time="179.5" timestamp="Mon, 29 Jan 2018 12:38:12 GMT">
  
    <testcase name="it Should submit the Contact Us form and display Thank you message" classname="forms.submitForms" time="24.75" assertions="8">

    

    

    

    

    

    

    

    
    </testcase>
  
    <testcase name="it Should submit the Become a Dealer form and display Thank you message" classname="forms.submitForms" time="32.72" assertions="8">

    

    

    

    

    

    

    

    
    </testcase>
  
    <testcase name="it Should submit the Club Gear form and display Thank you message" classname="forms.submitForms" time="75.02" assertions="10">

      <failure message="Timed out while waiting for element &lt;.global-views-message:not(#newsletter-message-box) .confirmation-icon&gt; to be present for 10000 milliseconds.">    at thankYouMessageCG (/Users/lubna/Documents/local-assos-webstore/nightwatch/test/forms/submitForms.js:86:10)
    at Object.it Should submit the Club Gear form and display Thank you message (/Users/lubna/Documents/local-assos-webstore/nightwatch/test/forms/submitForms.js:159:9)</failure>

      <failure message="Testing if element &lt;.global-views-breadcrumb&gt; contains text: &quot;HOME CLUB GEAR&quot;. Element could not be located. after 5000 milliseconds.">    at thankYouMessageCG (/Users/lubna/Documents/local-assos-webstore/nightwatch/test/forms/submitForms.js:88:17)
    at Object.it Should submit the Club Gear form and display Thank you message (/Users/lubna/Documents/local-assos-webstore/nightwatch/test/forms/submitForms.js:159:9)</failure>

      <failure message="Testing if element &lt;.support-form-holder .section-title&gt; contains text: &quot;Club Gear Order Request&quot;. Element could not be located. after 5000 milliseconds.">    at thankYouMessageCG (/Users/lubna/Documents/local-assos-webstore/nightwatch/test/forms/submitForms.js:89:17)
    at Object.it Should submit the Club Gear form and display Thank you message (/Users/lubna/Documents/local-assos-webstore/nightwatch/test/forms/submitForms.js:159:9)</failure>

      <failure message="Testing if element &lt;.section-dediscription-holder p&gt; contains text: &quot;Order your custom club gear built with patented ASSOS technology and Swiss quality. We offer multiple jersey &amp; short types, at different price points, to suit your need and budget. We will customise your outfit using your logo, pattern choice and colour selection. Go ahead and complete the form and we will get in touch with you to design your custom club gear!&quot;. Element could not be located. after 5000 milliseconds.">    at thankYouMessageCG (/Users/lubna/Documents/local-assos-webstore/nightwatch/test/forms/submitForms.js:90:17)
    at Object.it Should submit the Club Gear form and display Thank you message (/Users/lubna/Documents/local-assos-webstore/nightwatch/test/forms/submitForms.js:159:9)</failure>

      <failure message="Testing if element &lt;.global-views-message:not(#newsletter-message-box) .form-succuss-message p:nth-child(1)&gt; contains text: &quot;Thank you for submitting your club gear request. An ASSOS representative will be in touch with you shortly to guide you through the design process. We look forward to welcoming you to the ASSOS family.&quot;. Element could not be located. after 5000 milliseconds.">    at thankYouMessageCG (/Users/lubna/Documents/local-assos-webstore/nightwatch/test/forms/submitForms.js:91:17)
    at Object.it Should submit the Club Gear form and display Thank you message (/Users/lubna/Documents/local-assos-webstore/nightwatch/test/forms/submitForms.js:159:9)</failure>

      <failure message="Testing if element &lt;.global-views-message:not(#newsletter-message-box) .form-succuss-message p:nth-child(2)&gt; contains text: &quot;Have a good ride!&quot;. Element could not be located. after 5000 milliseconds.">    at thankYouMessageCG (/Users/lubna/Documents/local-assos-webstore/nightwatch/test/forms/submitForms.js:92:17)
    at Object.it Should submit the Club Gear form and display Thank you message (/Users/lubna/Documents/local-assos-webstore/nightwatch/test/forms/submitForms.js:159:9)</failure>

      <failure message="Testing if element &lt;.global-views-message:not(#newsletter-message-box) .form-succuss-message p:nth-child(3)&gt; contains text: &quot;ASSOS of Switzerland&quot;. Element could not be located. after 5000 milliseconds.">    at thankYouMessageCG (/Users/lubna/Documents/local-assos-webstore/nightwatch/test/forms/submitForms.js:93:17)
    at Object.it Should submit the Club Gear form and display Thank you message (/Users/lubna/Documents/local-assos-webstore/nightwatch/test/forms/submitForms.js:159:9)</failure>

      <failure message="Testing if element &lt;.global-views-message:not(#newsletter-message-box) .confirmation-icon&gt; is present. after 5000 milliseconds.">    at thankYouMessageCG (/Users/lubna/Documents/local-assos-webstore/nightwatch/test/forms/submitForms.js:94:17)
    at Object.it Should submit the Club Gear form and display Thank you message (/Users/lubna/Documents/local-assos-webstore/nightwatch/test/forms/submitForms.js:159:9)</failure>

      <failure message="Testing if element &lt;.global-views-message:not(#newsletter-message-box) .global-views-message-button&gt; is present. after 5000 milliseconds.">    at thankYouMessageCG (/Users/lubna/Documents/local-assos-webstore/nightwatch/test/forms/submitForms.js:95:17)
    at Object.it Should submit the Club Gear form and display Thank you message (/Users/lubna/Documents/local-assos-webstore/nightwatch/test/forms/submitForms.js:159:9)</failure>

    
    </testcase>
  
    <testcase name="it Should check that Privacy Policy opens in a new tab - Contact Us form" classname="forms.submitForms" time="17.16" assertions="2">

    

    
    </testcase>
  
    <testcase name="it Should check that Privacy Policy opens in a new tab - Become a Dealer form" classname="forms.submitForms" time="15.65" assertions="2">

    

    
    </testcase>
  
    <testcase name="it Should check that Privacy Policy opens in a new tab - Club Gear form" classname="forms.submitForms" time="14.20" assertions="2">

      <failure message="Testing if the URL equals &quot;https://www.assos.com/privacy&quot;. after 5000 milliseconds.">    at Object.&lt;anonymous&gt; (/Users/lubna/Documents/local-assos-webstore/nightwatch/test/forms/submitForms.js:120:25)</failure>

    
    </testcase>
  

  
    <system-err>
      ERROR: Unable to locate element: &quot;.section-title&quot; using: css selector
    at F.command (/Users/lubna/Documents/local-assos-webstore/node_modules/nightwatch/lib/api/assertions/containsText.js:46:21)
    at F.module.exports.BaseAssertion._scheduleAssertion (/Users/lubna/Documents/local-assos-webstore/node_modules/nightwatch/lib/core/assertion.js:87:17)
    at F.module.exports.BaseAssertion._executeCommand (/Users/lubna/Documents/local-assos-webstore/node_modules/nightwatch/lib/core/assertion.js:82:17)
    at AssertionInstance.commandFn [as _commandFn] (/Users/lubna/Documents/local-assos-webstore/node_modules/nightwatch/lib/core/assertion.js:180:21)
    at AsyncTree.runCommand (/Users/lubna/Documents/local-assos-webstore/node_modules/nightwatch/lib/core/queue.js:154:30)
    at AsyncTree.runChildNode (/Users/lubna/Documents/local-assos-webstore/node_modules/nightwatch/lib/core/queue.js:114:8)
    at AsyncTree.walkDown (/Users/lubna/Documents/local-assos-webstore/node_modules/nightwatch/lib/core/queue.js:80:10)
    at AsyncTree.walkUp (/Users/lubna/Documents/local-assos-webstore/node_modules/nightwatch/lib/core/queue.js:97:8)
    at AsyncTree.walkDown (/Users/lubna/Documents/local-assos-webstore/node_modules/nightwatch/lib/core/queue.js:90:12)
    at AsyncTree.walkUp (/Users/lubna/Documents/local-assos-webstore/node_modules/nightwatch/lib/core/queue.js:97:8)
ERROR: Unable to locate element: &quot;.container  div h3:nth-child(3)&quot; using: css selector
    at enterCommonData (/Users/lubna/Documents/local-assos-webstore/nightwatch/test/forms/submitForms.js:18:10)
    at Object.it Should submit the Club Gear form and display Thank you message (/Users/lubna/Documents/local-assos-webstore/nightwatch/test/forms/submitForms.js:152:9)
    at Module.call (/Users/lubna/Documents/local-assos-webstore/node_modules/nightwatch/lib/runner/module.js:62:34)
    at /Users/lubna/Documents/local-assos-webstore/node_modules/nightwatch/lib/runner/testcase.js:70:29
    at _fulfilled (/Users/lubna/Documents/local-assos-webstore/node_modules/nightwatch/node_modules/q/q.js:834:54)
    at self.promiseDispatch.done (/Users/lubna/Documents/local-assos-webstore/node_modules/nightwatch/node_modules/q/q.js:863:30)
    at Promise.promise.promiseDispatch (/Users/lubna/Documents/local-assos-webstore/node_modules/nightwatch/node_modules/q/q.js:796:13)
    at /Users/lubna/Documents/local-assos-webstore/node_modules/nightwatch/node_modules/q/q.js:556:49
    at runSingle (/Users/lubna/Documents/local-assos-webstore/node_modules/nightwatch/node_modules/q/q.js:137:13)
    at flush (/Users/lubna/Documents/local-assos-webstore/node_modules/nightwatch/node_modules/q/q.js:125:13)
ERROR: Unable to locate element: &quot;#support-firstname&quot; using: css selector
    at enterCommonData (/Users/lubna/Documents/local-assos-webstore/nightwatch/test/forms/submitForms.js:19:10)
    at Object.it Should submit the Club Gear form and display Thank you message (/Users/lubna/Documents/local-assos-webstore/nightwatch/test/forms/submitForms.js:152:9)
    at Module.call (/Users/lubna/Documents/local-assos-webstore/node_modules/nightwatch/lib/runner/module.js:62:34)
    at /Users/lubna/Documents/local-assos-webstore/node_modules/nightwatch/lib/runner/testcase.js:70:29
    at _fulfilled (/Users/lubna/Documents/local-assos-webstore/node_modules/nightwatch/node_modules/q/q.js:834:54)
    at self.promiseDispatch.done (/Users/lubna/Documents/local-assos-webstore/node_modules/nightwatch/node_modules/q/q.js:863:30)
    at Promise.promise.promiseDispatch (/Users/lubna/Documents/local-assos-webstore/node_modules/nightwatch/node_modules/q/q.js:796:13)
    at /Users/lubna/Documents/local-assos-webstore/node_modules/nightwatch/node_modules/q/q.js:556:49
    at runSingle (/Users/lubna/Documents/local-assos-webstore/node_modules/nightwatch/node_modules/q/q.js:137:13)
    at flush (/Users/lubna/Documents/local-assos-webstore/node_modules/nightwatch/node_modules/q/q.js:125:13)
ERROR: Unable to locate element: &quot;#support-lastname&quot; using: css selector
    at enterCommonData (/Users/lubna/Documents/local-assos-webstore/nightwatch/test/forms/submitForms.js:20:10)
    at Object.it Should submit the Club Gear form and display Thank you message (/Users/lubna/Documents/local-assos-webstore/nightwatch/test/forms/submitForms.js:152:9)
    at Module.call (/Users/lubna/Documents/local-assos-webstore/node_modules/nightwatch/lib/runner/module.js:62:34)
    at /Users/lubna/Documents/local-assos-webstore/node_modules/nightwatch/lib/runner/testcase.js:70:29
    at _fulfilled (/Users/lubna/Documents/local-assos-webstore/node_modules/nightwatch/node_modules/q/q.js:834:54)
    at self.promiseDispatch.done (/Users/lubna/Documents/local-assos-webstore/node_modules/nightwatch/node_modules/q/q.js:863:30)
    at Promise.promise.promiseDispatch (/Users/lubna/Documents/local-assos-webstore/node_modules/nightwatch/node_modules/q/q.js:796:13)
    at /Users/lubna/Documents/local-assos-webstore/node_modules/nightwatch/node_modules/q/q.js:556:49
    at runSingle (/Users/lubna/Documents/local-assos-webstore/node_modules/nightwatch/node_modules/q/q.js:137:13)
    at flush (/Users/lubna/Documents/local-assos-webstore/node_modules/nightwatch/node_modules/q/q.js:125:13)
ERROR: Unable to locate element: &quot;#support-email&quot; using: css selector
    at enterCommonData (/Users/lubna/Documents/local-assos-webstore/nightwatch/test/forms/submitForms.js:21:10)
    at Object.it Should submit the Club Gear form and display Thank you message (/Users/lubna/Documents/local-assos-webstore/nightwatch/test/forms/submitForms.js:152:9)
    at Module.call (/Users/lubna/Documents/local-assos-webstore/node_modules/nightwatch/lib/runner/module.js:62:34)
    at /Users/lubna/Documents/local-assos-webstore/node_modules/nightwatch/lib/runner/testcase.js:70:29
    at _fulfilled (/Users/lubna/Documents/local-assos-webstore/node_modules/nightwatch/node_modules/q/q.js:834:54)
    at self.promiseDispatch.done (/Users/lubna/Documents/local-assos-webstore/node_modules/nightwatch/node_modules/q/q.js:863:30)
    at Promise.promise.promiseDispatch (/Users/lubna/Documents/local-assos-webstore/node_modules/nightwatch/node_modules/q/q.js:796:13)
    at /Users/lubna/Documents/local-assos-webstore/node_modules/nightwatch/node_modules/q/q.js:556:49
    at runSingle (/Users/lubna/Documents/local-assos-webstore/node_modules/nightwatch/node_modules/q/q.js:137:13)
    at flush (/Users/lubna/Documents/local-assos-webstore/node_modules/nightwatch/node_modules/q/q.js:125:13)
ERROR: Unable to locate element: &quot;#support-phone&quot; using: css selector
    at enterCommonData (/Users/lubna/Documents/local-assos-webstore/nightwatch/test/forms/submitForms.js:22:10)
    at Object.it Should submit the Club Gear form and display Thank you message (/Users/lubna/Documents/local-assos-webstore/nightwatch/test/forms/submitForms.js:152:9)
    at Module.call (/Users/lubna/Documents/local-assos-webstore/node_modules/nightwatch/lib/runner/module.js:62:34)
    at /Users/lubna/Documents/local-assos-webstore/node_modules/nightwatch/lib/runner/testcase.js:70:29
    at _fulfilled (/Users/lubna/Documents/local-assos-webstore/node_modules/nightwatch/node_modules/q/q.js:834:54)
    at self.promiseDispatch.done (/Users/lubna/Documents/local-assos-webstore/node_modules/nightwatch/node_modules/q/q.js:863:30)
    at Promise.promise.promiseDispatch (/Users/lubna/Documents/local-assos-webstore/node_modules/nightwatch/node_modules/q/q.js:796:13)
    at /Users/lubna/Documents/local-assos-webstore/node_modules/nightwatch/node_modules/q/q.js:556:49
    at runSingle (/Users/lubna/Documents/local-assos-webstore/node_modules/nightwatch/node_modules/q/q.js:137:13)
    at flush (/Users/lubna/Documents/local-assos-webstore/node_modules/nightwatch/node_modules/q/q.js:125:13)
ERROR: Unable to locate element: &quot;.container  div h3:nth-child(5)&quot; using: css selector
    at enterCommonData (/Users/lubna/Documents/local-assos-webstore/nightwatch/test/forms/submitForms.js:24:10)
    at Object.it Should submit the Club Gear form and display Thank you message (/Users/lubna/Documents/local-assos-webstore/nightwatch/test/forms/submitForms.js:152:9)
    at Module.call (/Users/lubna/Documents/local-assos-webstore/node_modules/nightwatch/lib/runner/module.js:62:34)
    at /Users/lubna/Documents/local-assos-webstore/node_modules/nightwatch/lib/runner/testcase.js:70:29
    at _fulfilled (/Users/lubna/Documents/local-assos-webstore/node_modules/nightwatch/node_modules/q/q.js:834:54)
    at self.promiseDispatch.done (/Users/lubna/Documents/local-assos-webstore/node_modules/nightwatch/node_modules/q/q.js:863:30)
    at Promise.promise.promiseDispatch (/Users/lubna/Documents/local-assos-webstore/node_modules/nightwatch/node_modules/q/q.js:796:13)
    at /Users/lubna/Documents/local-assos-webstore/node_modules/nightwatch/node_modules/q/q.js:556:49
    at runSingle (/Users/lubna/Documents/local-assos-webstore/node_modules/nightwatch/node_modules/q/q.js:137:13)
    at flush (/Users/lubna/Documents/local-assos-webstore/node_modules/nightwatch/node_modules/q/q.js:125:13)
ERROR: Unable to locate element: &quot;#companyname&quot; using: css selector
    at enterFormSpecificData (/Users/lubna/Documents/local-assos-webstore/nightwatch/test/forms/submitForms.js:71:14)
    at Object.it Should submit the Club Gear form and display Thank you message (/Users/lubna/Documents/local-assos-webstore/nightwatch/test/forms/submitForms.js:153:9)
    at Module.call (/Users/lubna/Documents/local-assos-webstore/node_modules/nightwatch/lib/runner/module.js:62:34)
    at /Users/lubna/Documents/local-assos-webstore/node_modules/nightwatch/lib/runner/testcase.js:70:29
    at _fulfilled (/Users/lubna/Documents/local-assos-webstore/node_modules/nightwatch/node_modules/q/q.js:834:54)
    at self.promiseDispatch.done (/Users/lubna/Documents/local-assos-webstore/node_modules/nightwatch/node_modules/q/q.js:863:30)
    at Promise.promise.promiseDispatch (/Users/lubna/Documents/local-assos-webstore/node_modules/nightwatch/node_modules/q/q.js:796:13)
    at /Users/lubna/Documents/local-assos-webstore/node_modules/nightwatch/node_modules/q/q.js:556:49
    at runSingle (/Users/lubna/Documents/local-assos-webstore/node_modules/nightwatch/node_modules/q/q.js:137:13)
    at flush (/Users/lubna/Documents/local-assos-webstore/node_modules/nightwatch/node_modules/q/q.js:125:13)
ERROR: Unable to locate element: &quot;#address1&quot; using: css selector
    at enterFormSpecificData (/Users/lubna/Documents/local-assos-webstore/nightwatch/test/forms/submitForms.js:72:14)
    at Object.it Should submit the Club Gear form and display Thank you message (/Users/lubna/Documents/local-assos-webstore/nightwatch/test/forms/submitForms.js:153:9)
    at Module.call (/Users/lubna/Documents/local-assos-webstore/node_modules/nightwatch/lib/runner/module.js:62:34)
    at /Users/lubna/Documents/local-assos-webstore/node_modules/nightwatch/lib/runner/testcase.js:70:29
    at _fulfilled (/Users/lubna/Documents/local-assos-webstore/node_modules/nightwatch/node_modules/q/q.js:834:54)
    at self.promiseDispatch.done (/Users/lubna/Documents/local-assos-webstore/node_modules/nightwatch/node_modules/q/q.js:863:30)
    at Promise.promise.promiseDispatch (/Users/lubna/Documents/local-assos-webstore/node_modules/nightwatch/node_modules/q/q.js:796:13)
    at /Users/lubna/Documents/local-assos-webstore/node_modules/nightwatch/node_modules/q/q.js:556:49
    at runSingle (/Users/lubna/Documents/local-assos-webstore/node_modules/nightwatch/node_modules/q/q.js:137:13)
    at flush (/Users/lubna/Documents/local-assos-webstore/node_modules/nightwatch/node_modules/q/q.js:125:13)
ERROR: Unable to locate element: &quot;#city&quot; using: css selector
    at enterFormSpecificData (/Users/lubna/Documents/local-assos-webstore/nightwatch/test/forms/submitForms.js:73:14)
    at Object.it Should submit the Club Gear form and display Thank you message (/Users/lubna/Documents/local-assos-webstore/nightwatch/test/forms/submitForms.js:153:9)
    at Module.call (/Users/lubna/Documents/local-assos-webstore/node_modules/nightwatch/lib/runner/module.js:62:34)
    at /Users/lubna/Documents/local-assos-webstore/node_modules/nightwatch/lib/runner/testcase.js:70:29
    at _fulfilled (/Users/lubna/Documents/local-assos-webstore/node_modules/nightwatch/node_modules/q/q.js:834:54)
    at self.promiseDispatch.done (/Users/lubna/Documents/local-assos-webstore/node_modules/nightwatch/node_modules/q/q.js:863:30)
    at Promise.promise.promiseDispatch (/Users/lubna/Documents/local-assos-webstore/node_modules/nightwatch/node_modules/q/q.js:796:13)
    at /Users/lubna/Documents/local-assos-webstore/node_modules/nightwatch/node_modules/q/q.js:556:49
    at runSingle (/Users/lubna/Documents/local-assos-webstore/node_modules/nightwatch/node_modules/q/q.js:137:13)
    at flush (/Users/lubna/Documents/local-assos-webstore/node_modules/nightwatch/node_modules/q/q.js:125:13)
ERROR: Unable to locate element: &quot;#zipcode&quot; using: css selector
    at enterFormSpecificData (/Users/lubna/Documents/local-assos-webstore/nightwatch/test/forms/submitForms.js:74:14)
    at Object.it Should submit the Club Gear form and display Thank you message (/Users/lubna/Documents/local-assos-webstore/nightwatch/test/forms/submitForms.js:153:9)
    at Module.call (/Users/lubna/Documents/local-assos-webstore/node_modules/nightwatch/lib/runner/module.js:62:34)
    at /Users/lubna/Documents/local-assos-webstore/node_modules/nightwatch/lib/runner/testcase.js:70:29
    at _fulfilled (/Users/lubna/Documents/local-assos-webstore/node_modules/nightwatch/node_modules/q/q.js:834:54)
    at self.promiseDispatch.done (/Users/lubna/Documents/local-assos-webstore/node_modules/nightwatch/node_modules/q/q.js:863:30)
    at Promise.promise.promiseDispatch (/Users/lubna/Documents/local-assos-webstore/node_modules/nightwatch/node_modules/q/q.js:796:13)
    at /Users/lubna/Documents/local-assos-webstore/node_modules/nightwatch/node_modules/q/q.js:556:49
    at runSingle (/Users/lubna/Documents/local-assos-webstore/node_modules/nightwatch/node_modules/q/q.js:137:13)
    at flush (/Users/lubna/Documents/local-assos-webstore/node_modules/nightwatch/node_modules/q/q.js:125:13)
ERROR: Unable to locate element: &quot;.contactus-button-submit&quot; using: css selector
    at enterFormSpecificData (/Users/lubna/Documents/local-assos-webstore/nightwatch/test/forms/submitForms.js:77:14)
    at Object.it Should submit the Club Gear form and display Thank you message (/Users/lubna/Documents/local-assos-webstore/nightwatch/test/forms/submitForms.js:153:9)
    at Module.call (/Users/lubna/Documents/local-assos-webstore/node_modules/nightwatch/lib/runner/module.js:62:34)
    at /Users/lubna/Documents/local-assos-webstore/node_modules/nightwatch/lib/runner/testcase.js:70:29
    at _fulfilled (/Users/lubna/Documents/local-assos-webstore/node_modules/nightwatch/node_modules/q/q.js:834:54)
    at self.promiseDispatch.done (/Users/lubna/Documents/local-assos-webstore/node_modules/nightwatch/node_modules/q/q.js:863:30)
    at Promise.promise.promiseDispatch (/Users/lubna/Documents/local-assos-webstore/node_modules/nightwatch/node_modules/q/q.js:796:13)
    at /Users/lubna/Documents/local-assos-webstore/node_modules/nightwatch/node_modules/q/q.js:556:49
    at runSingle (/Users/lubna/Documents/local-assos-webstore/node_modules/nightwatch/node_modules/q/q.js:137:13)
    at flush (/Users/lubna/Documents/local-assos-webstore/node_modules/nightwatch/node_modules/q/q.js:125:13)
ERROR: Unable to locate element: &quot;#support-privacy_policy&quot; using: css selector
    at enterFormSpecificData (/Users/lubna/Documents/local-assos-webstore/nightwatch/test/forms/submitForms.js:79:14)
    at Object.it Should submit the Club Gear form and display Thank you message (/Users/lubna/Documents/local-assos-webstore/nightwatch/test/forms/submitForms.js:153:9)
    at Module.call (/Users/lubna/Documents/local-assos-webstore/node_modules/nightwatch/lib/runner/module.js:62:34)
    at /Users/lubna/Documents/local-assos-webstore/node_modules/nightwatch/lib/runner/testcase.js:70:29
    at _fulfilled (/Users/lubna/Documents/local-assos-webstore/node_modules/nightwatch/node_modules/q/q.js:834:54)
    at self.promiseDispatch.done (/Users/lubna/Documents/local-assos-webstore/node_modules/nightwatch/node_modules/q/q.js:863:30)
    at Promise.promise.promiseDispatch (/Users/lubna/Documents/local-assos-webstore/node_modules/nightwatch/node_modules/q/q.js:796:13)
    at /Users/lubna/Documents/local-assos-webstore/node_modules/nightwatch/node_modules/q/q.js:556:49
    at runSingle (/Users/lubna/Documents/local-assos-webstore/node_modules/nightwatch/node_modules/q/q.js:137:13)
    at flush (/Users/lubna/Documents/local-assos-webstore/node_modules/nightwatch/node_modules/q/q.js:125:13)
ERROR: Unable to locate element: &quot;#custentity_number_of_members&quot; using: css selector
    at Object.it Should submit the Club Gear form and display Thank you message (/Users/lubna/Documents/local-assos-webstore/nightwatch/test/forms/submitForms.js:155:14)
    at Module.call (/Users/lubna/Documents/local-assos-webstore/node_modules/nightwatch/lib/runner/module.js:62:34)
    at /Users/lubna/Documents/local-assos-webstore/node_modules/nightwatch/lib/runner/testcase.js:70:29
    at _fulfilled (/Users/lubna/Documents/local-assos-webstore/node_modules/nightwatch/node_modules/q/q.js:834:54)
    at self.promiseDispatch.done (/Users/lubna/Documents/local-assos-webstore/node_modules/nightwatch/node_modules/q/q.js:863:30)
    at Promise.promise.promiseDispatch (/Users/lubna/Documents/local-assos-webstore/node_modules/nightwatch/node_modules/q/q.js:796:13)
    at /Users/lubna/Documents/local-assos-webstore/node_modules/nightwatch/node_modules/q/q.js:556:49
    at runSingle (/Users/lubna/Documents/local-assos-webstore/node_modules/nightwatch/node_modules/q/q.js:137:13)
    at flush (/Users/lubna/Documents/local-assos-webstore/node_modules/nightwatch/node_modules/q/q.js:125:13)
    at _combinedTickCallback (internal/process/next_tick.js:131:7)
ERROR: Unable to locate element: &quot;.contactus-button-submit&quot; using: css selector
    at Object.it Should submit the Club Gear form and display Thank you message (/Users/lubna/Documents/local-assos-webstore/nightwatch/test/forms/submitForms.js:156:14)
    at Module.call (/Users/lubna/Documents/local-assos-webstore/node_modules/nightwatch/lib/runner/module.js:62:34)
    at /Users/lubna/Documents/local-assos-webstore/node_modules/nightwatch/lib/runner/testcase.js:70:29
    at _fulfilled (/Users/lubna/Documents/local-assos-webstore/node_modules/nightwatch/node_modules/q/q.js:834:54)
    at self.promiseDispatch.done (/Users/lubna/Documents/local-assos-webstore/node_modules/nightwatch/node_modules/q/q.js:863:30)
    at Promise.promise.promiseDispatch (/Users/lubna/Documents/local-assos-webstore/node_modules/nightwatch/node_modules/q/q.js:796:13)
    at /Users/lubna/Documents/local-assos-webstore/node_modules/nightwatch/node_modules/q/q.js:556:49
    at runSingle (/Users/lubna/Documents/local-assos-webstore/node_modules/nightwatch/node_modules/q/q.js:137:13)
    at flush (/Users/lubna/Documents/local-assos-webstore/node_modules/nightwatch/node_modules/q/q.js:125:13)
    at _combinedTickCallback (internal/process/next_tick.js:131:7)
ERROR: Unable to locate element: &quot;.contactus-button-submit&quot; using: css selector
    at Object.it Should submit the Club Gear form and display Thank you message (/Users/lubna/Documents/local-assos-webstore/nightwatch/test/forms/submitForms.js:158:14)
    at Module.call (/Users/lubna/Documents/local-assos-webstore/node_modules/nightwatch/lib/runner/module.js:62:34)
    at /Users/lubna/Documents/local-assos-webstore/node_modules/nightwatch/lib/runner/testcase.js:70:29
    at _fulfilled (/Users/lubna/Documents/local-assos-webstore/node_modules/nightwatch/node_modules/q/q.js:834:54)
    at self.promiseDispatch.done (/Users/lubna/Documents/local-assos-webstore/node_modules/nightwatch/node_modules/q/q.js:863:30)
    at Promise.promise.promiseDispatch (/Users/lubna/Documents/local-assos-webstore/node_modules/nightwatch/node_modules/q/q.js:796:13)
    at /Users/lubna/Documents/local-assos-webstore/node_modules/nightwatch/node_modules/q/q.js:556:49
    at runSingle (/Users/lubna/Documents/local-assos-webstore/node_modules/nightwatch/node_modules/q/q.js:137:13)
    at flush (/Users/lubna/Documents/local-assos-webstore/node_modules/nightwatch/node_modules/q/q.js:125:13)
    at _combinedTickCallback (internal/process/next_tick.js:131:7)
ERROR: Unable to locate element: &quot;.global-views-breadcrumb&quot; using: css selector
    at thankYouMessageCG (/Users/lubna/Documents/local-assos-webstore/nightwatch/test/forms/submitForms.js:87:10)
    at Object.it Should submit the Club Gear form and display Thank you message (/Users/lubna/Documents/local-assos-webstore/nightwatch/test/forms/submitForms.js:159:9)
    at Module.call (/Users/lubna/Documents/local-assos-webstore/node_modules/nightwatch/lib/runner/module.js:62:34)
    at /Users/lubna/Documents/local-assos-webstore/node_modules/nightwatch/lib/runner/testcase.js:70:29
    at _fulfilled (/Users/lubna/Documents/local-assos-webstore/node_modules/nightwatch/node_modules/q/q.js:834:54)
    at self.promiseDispatch.done (/Users/lubna/Documents/local-assos-webstore/node_modules/nightwatch/node_modules/q/q.js:863:30)
    at Promise.promise.promiseDispatch (/Users/lubna/Documents/local-assos-webstore/node_modules/nightwatch/node_modules/q/q.js:796:13)
    at /Users/lubna/Documents/local-assos-webstore/node_modules/nightwatch/node_modules/q/q.js:556:49
    at runSingle (/Users/lubna/Documents/local-assos-webstore/node_modules/nightwatch/node_modules/q/q.js:137:13)
    at flush (/Users/lubna/Documents/local-assos-webstore/node_modules/nightwatch/node_modules/q/q.js:125:13)
ERROR: Unable to locate element: &quot;.global-views-breadcrumb&quot; using: css selector
    at F.command (/Users/lubna/Documents/local-assos-webstore/node_modules/nightwatch/lib/api/assertions/containsText.js:46:21)
    at F.module.exports.BaseAssertion._scheduleAssertion (/Users/lubna/Documents/local-assos-webstore/node_modules/nightwatch/lib/core/assertion.js:87:17)
    at F.module.exports.BaseAssertion._executeCommand (/Users/lubna/Documents/local-assos-webstore/node_modules/nightwatch/lib/core/assertion.js:82:17)
    at AssertionInstance.commandFn [as _commandFn] (/Users/lubna/Documents/local-assos-webstore/node_modules/nightwatch/lib/core/assertion.js:180:21)
    at AsyncTree.runCommand (/Users/lubna/Documents/local-assos-webstore/node_modules/nightwatch/lib/core/queue.js:154:30)
    at AsyncTree.runChildNode (/Users/lubna/Documents/local-assos-webstore/node_modules/nightwatch/lib/core/queue.js:114:8)
    at AsyncTree.walkDown (/Users/lubna/Documents/local-assos-webstore/node_modules/nightwatch/lib/core/queue.js:80:10)
    at AsyncTree.walkUp (/Users/lubna/Documents/local-assos-webstore/node_modules/nightwatch/lib/core/queue.js:97:8)
    at AsyncTree.walkDown (/Users/lubna/Documents/local-assos-webstore/node_modules/nightwatch/lib/core/queue.js:90:12)
    at AsyncTree.traverse (/Users/lubna/Documents/local-assos-webstore/node_modules/nightwatch/lib/core/queue.js:73:8)
ERROR: Unable to locate element: &quot;.global-views-breadcrumb&quot; using: css selector
    at F.command (/Users/lubna/Documents/local-assos-webstore/node_modules/nightwatch/lib/api/assertions/containsText.js:46:21)
    at F.module.exports.BaseAssertion._scheduleAssertion (/Users/lubna/Documents/local-assos-webstore/node_modules/nightwatch/lib/core/assertion.js:87:17)
    at F.module.exports.BaseAssertion._reschedule (/Users/lubna/Documents/local-assos-webstore/node_modules/nightwatch/lib/core/assertion.js:121:17)
    at Object.&lt;anonymous&gt; (/Users/lubna/Documents/local-assos-webstore/node_modules/nightwatch/lib/core/assertion.js:100:21)
    at Object.&lt;anonymous&gt; (/Users/lubna/Documents/local-assos-webstore/node_modules/nightwatch/lib/api/element-commands.js:346:18)
    at HttpRequest.&lt;anonymous&gt; (/Users/lubna/Documents/local-assos-webstore/node_modules/nightwatch/lib/index.js:366:18)
    at emitTwo (events.js:125:13)
    at HttpRequest.emit (events.js:213:7)
    at HttpRequest.&lt;anonymous&gt; (/Users/lubna/Documents/local-assos-webstore/node_modules/nightwatch/lib/index.js:393:15)
    at emitThree (events.js:135:13)
ERROR: Unable to locate element: &quot;.global-views-breadcrumb&quot; using: css selector
    at F.command (/Users/lubna/Documents/local-assos-webstore/node_modules/nightwatch/lib/api/assertions/containsText.js:46:21)
    at F.module.exports.BaseAssertion._scheduleAssertion (/Users/lubna/Documents/local-assos-webstore/node_modules/nightwatch/lib/core/assertion.js:87:17)
    at F.module.exports.BaseAssertion._reschedule (/Users/lubna/Documents/local-assos-webstore/node_modules/nightwatch/lib/core/assertion.js:121:17)
    at Object.&lt;anonymous&gt; (/Users/lubna/Documents/local-assos-webstore/node_modules/nightwatch/lib/core/assertion.js:100:21)
    at Object.&lt;anonymous&gt; (/Users/lubna/Documents/local-assos-webstore/node_modules/nightwatch/lib/api/element-commands.js:346:18)
    at HttpRequest.&lt;anonymous&gt; (/Users/lubna/Documents/local-assos-webstore/node_modules/nightwatch/lib/index.js:366:18)
    at emitTwo (events.js:125:13)
    at HttpRequest.emit (events.js:213:7)
    at HttpRequest.&lt;anonymous&gt; (/Users/lubna/Documents/local-assos-webstore/node_modules/nightwatch/lib/index.js:393:15)
    at emitThree (events.js:135:13)
ERROR: Unable to locate element: &quot;.global-views-breadcrumb&quot; using: css selector
    at F.command (/Users/lubna/Documents/local-assos-webstore/node_modules/nightwatch/lib/api/assertions/containsText.js:46:21)
    at F.module.exports.BaseAssertion._scheduleAssertion (/Users/lubna/Documents/local-assos-webstore/node_modules/nightwatch/lib/core/assertion.js:87:17)
    at F.module.exports.BaseAssertion._reschedule (/Users/lubna/Documents/local-assos-webstore/node_modules/nightwatch/lib/core/assertion.js:121:17)
    at Object.&lt;anonymous&gt; (/Users/lubna/Documents/local-assos-webstore/node_modules/nightwatch/lib/core/assertion.js:100:21)
    at Object.&lt;anonymous&gt; (/Users/lubna/Documents/local-assos-webstore/node_modules/nightwatch/lib/api/element-commands.js:346:18)
    at HttpRequest.&lt;anonymous&gt; (/Users/lubna/Documents/local-assos-webstore/node_modules/nightwatch/lib/index.js:366:18)
    at emitTwo (events.js:125:13)
    at HttpRequest.emit (events.js:213:7)
    at HttpRequest.&lt;anonymous&gt; (/Users/lubna/Documents/local-assos-webstore/node_modules/nightwatch/lib/index.js:393:15)
    at emitThree (events.js:135:13)
ERROR: Unable to locate element: &quot;.global-views-breadcrumb&quot; using: css selector
    at F.command (/Users/lubna/Documents/local-assos-webstore/node_modules/nightwatch/lib/api/assertions/containsText.js:46:21)
    at F.module.exports.BaseAssertion._scheduleAssertion (/Users/lubna/Documents/local-assos-webstore/node_modules/nightwatch/lib/core/assertion.js:87:17)
    at F.module.exports.BaseAssertion._reschedule (/Users/lubna/Documents/local-assos-webstore/node_modules/nightwatch/lib/core/assertion.js:121:17)
    at Object.&lt;anonymous&gt; (/Users/lubna/Documents/local-assos-webstore/node_modules/nightwatch/lib/core/assertion.js:100:21)
    at Object.&lt;anonymous&gt; (/Users/lubna/Documents/local-assos-webstore/node_modules/nightwatch/lib/api/element-commands.js:346:18)
    at HttpRequest.&lt;anonymous&gt; (/Users/lubna/Documents/local-assos-webstore/node_modules/nightwatch/lib/index.js:366:18)
    at emitTwo (events.js:125:13)
    at HttpRequest.emit (events.js:213:7)
    at HttpRequest.&lt;anonymous&gt; (/Users/lubna/Documents/local-assos-webstore/node_modules/nightwatch/lib/index.js:393:15)
    at emitThree (events.js:135:13)
ERROR: Unable to locate element: &quot;.global-views-breadcrumb&quot; using: css selector
    at F.command (/Users/lubna/Documents/local-assos-webstore/node_modules/nightwatch/lib/api/assertions/containsText.js:46:21)
    at F.module.exports.BaseAssertion._scheduleAssertion (/Users/lubna/Documents/local-assos-webstore/node_modules/nightwatch/lib/core/assertion.js:87:17)
    at F.module.exports.BaseAssertion._reschedule (/Users/lubna/Documents/local-assos-webstore/node_modules/nightwatch/lib/core/assertion.js:121:17)
    at Object.&lt;anonymous&gt; (/Users/lubna/Documents/local-assos-webstore/node_modules/nightwatch/lib/core/assertion.js:100:21)
    at Object.&lt;anonymous&gt; (/Users/lubna/Documents/local-assos-webstore/node_modules/nightwatch/lib/api/element-commands.js:346:18)
    at HttpRequest.&lt;anonymous&gt; (/Users/lubna/Documents/local-assos-webstore/node_modules/nightwatch/lib/index.js:366:18)
    at emitTwo (events.js:125:13)
    at HttpRequest.emit (events.js:213:7)
    at HttpRequest.&lt;anonymous&gt; (/Users/lubna/Documents/local-assos-webstore/node_modules/nightwatch/lib/index.js:393:15)
    at emitThree (events.js:135:13)
ERROR: Unable to locate element: &quot;.global-views-breadcrumb&quot; using: css selector
    at F.command (/Users/lubna/Documents/local-assos-webstore/node_modules/nightwatch/lib/api/assertions/containsText.js:46:21)
    at F.module.exports.BaseAssertion._scheduleAssertion (/Users/lubna/Documents/local-assos-webstore/node_modules/nightwatch/lib/core/assertion.js:87:17)
    at F.module.exports.BaseAssertion._reschedule (/Users/lubna/Documents/local-assos-webstore/node_modules/nightwatch/lib/core/assertion.js:121:17)
    at Object.&lt;anonymous&gt; (/Users/lubna/Documents/local-assos-webstore/node_modules/nightwatch/lib/core/assertion.js:100:21)
    at Object.&lt;anonymous&gt; (/Users/lubna/Documents/local-assos-webstore/node_modules/nightwatch/lib/api/element-commands.js:346:18)
    at HttpRequest.&lt;anonymous&gt; (/Users/lubna/Documents/local-assos-webstore/node_modules/nightwatch/lib/index.js:366:18)
    at emitTwo (events.js:125:13)
    at HttpRequest.emit (events.js:213:7)
    at HttpRequest.&lt;anonymous&gt; (/Users/lubna/Documents/local-assos-webstore/node_modules/nightwatch/lib/index.js:393:15)
    at emitThree (events.js:135:13)
ERROR: Unable to locate element: &quot;.global-views-breadcrumb&quot; using: css selector
    at F.command (/Users/lubna/Documents/local-assos-webstore/node_modules/nightwatch/lib/api/assertions/containsText.js:46:21)
    at F.module.exports.BaseAssertion._scheduleAssertion (/Users/lubna/Documents/local-assos-webstore/node_modules/nightwatch/lib/core/assertion.js:87:17)
    at F.module.exports.BaseAssertion._reschedule (/Users/lubna/Documents/local-assos-webstore/node_modules/nightwatch/lib/core/assertion.js:121:17)
    at Object.&lt;anonymous&gt; (/Users/lubna/Documents/local-assos-webstore/node_modules/nightwatch/lib/core/assertion.js:100:21)
    at Object.&lt;anonymous&gt; (/Users/lubna/Documents/local-assos-webstore/node_modules/nightwatch/lib/api/element-commands.js:346:18)
    at HttpRequest.&lt;anonymous&gt; (/Users/lubna/Documents/local-assos-webstore/node_modules/nightwatch/lib/index.js:366:18)
    at emitTwo (events.js:125:13)
    at HttpRequest.emit (events.js:213:7)
    at HttpRequest.&lt;anonymous&gt; (/Users/lubna/Documents/local-assos-webstore/node_modules/nightwatch/lib/index.js:393:15)
    at emitThree (events.js:135:13)
ERROR: Unable to locate element: &quot;.global-views-breadcrumb&quot; using: css selector
    at F.command (/Users/lubna/Documents/local-assos-webstore/node_modules/nightwatch/lib/api/assertions/containsText.js:46:21)
    at F.module.exports.BaseAssertion._scheduleAssertion (/Users/lubna/Documents/local-assos-webstore/node_modules/nightwatch/lib/core/assertion.js:87:17)
    at F.module.exports.BaseAssertion._reschedule (/Users/lubna/Documents/local-assos-webstore/node_modules/nightwatch/lib/core/assertion.js:121:17)
    at Object.&lt;anonymous&gt; (/Users/lubna/Documents/local-assos-webstore/node_modules/nightwatch/lib/core/assertion.js:100:21)
    at Object.&lt;anonymous&gt; (/Users/lubna/Documents/local-assos-webstore/node_modules/nightwatch/lib/api/element-commands.js:346:18)
    at HttpRequest.&lt;anonymous&gt; (/Users/lubna/Documents/local-assos-webstore/node_modules/nightwatch/lib/index.js:366:18)
    at emitTwo (events.js:125:13)
    at HttpRequest.emit (events.js:213:7)
    at HttpRequest.&lt;anonymous&gt; (/Users/lubna/Documents/local-assos-webstore/node_modules/nightwatch/lib/index.js:393:15)
    at emitThree (events.js:135:13)
ERROR: Unable to locate element: &quot;.global-views-breadcrumb&quot; using: css selector
    at F.command (/Users/lubna/Documents/local-assos-webstore/node_modules/nightwatch/lib/api/assertions/containsText.js:46:21)
    at F.module.exports.BaseAssertion._scheduleAssertion (/Users/lubna/Documents/local-assos-webstore/node_modules/nightwatch/lib/core/assertion.js:87:17)
    at F.module.exports.BaseAssertion._reschedule (/Users/lubna/Documents/local-assos-webstore/node_modules/nightwatch/lib/core/assertion.js:121:17)
    at Object.&lt;anonymous&gt; (/Users/lubna/Documents/local-assos-webstore/node_modules/nightwatch/lib/core/assertion.js:100:21)
    at Object.&lt;anonymous&gt; (/Users/lubna/Documents/local-assos-webstore/node_modules/nightwatch/lib/api/element-commands.js:346:18)
    at HttpRequest.&lt;anonymous&gt; (/Users/lubna/Documents/local-assos-webstore/node_modules/nightwatch/lib/index.js:366:18)
    at emitTwo (events.js:125:13)
    at HttpRequest.emit (events.js:213:7)
    at HttpRequest.&lt;anonymous&gt; (/Users/lubna/Documents/local-assos-webstore/node_modules/nightwatch/lib/index.js:393:15)
    at emitThree (events.js:135:13)
ERROR: Unable to locate element: &quot;.global-views-breadcrumb&quot; using: css selector
    at F.command (/Users/lubna/Documents/local-assos-webstore/node_modules/nightwatch/lib/api/assertions/containsText.js:46:21)
    at F.module.exports.BaseAssertion._scheduleAssertion (/Users/lubna/Documents/local-assos-webstore/node_modules/nightwatch/lib/core/assertion.js:87:17)
    at F.module.exports.BaseAssertion._reschedule (/Users/lubna/Documents/local-assos-webstore/node_modules/nightwatch/lib/core/assertion.js:121:17)
    at Object.&lt;anonymous&gt; (/Users/lubna/Documents/local-assos-webstore/node_modules/nightwatch/lib/core/assertion.js:100:21)
    at Object.&lt;anonymous&gt; (/Users/lubna/Documents/local-assos-webstore/node_modules/nightwatch/lib/api/element-commands.js:346:18)
    at HttpRequest.&lt;anonymous&gt; (/Users/lubna/Documents/local-assos-webstore/node_modules/nightwatch/lib/index.js:366:18)
    at emitTwo (events.js:125:13)
    at HttpRequest.emit (events.js:213:7)
    at HttpRequest.&lt;anonymous&gt; (/Users/lubna/Documents/local-assos-webstore/node_modules/nightwatch/lib/index.js:393:15)
    at emitThree (events.js:135:13)
ERROR: Unable to locate element: &quot;.global-views-breadcrumb&quot; using: css selector
    at F.command (/Users/lubna/Documents/local-assos-webstore/node_modules/nightwatch/lib/api/assertions/containsText.js:46:21)
    at F.module.exports.BaseAssertion._scheduleAssertion (/Users/lubna/Documents/local-assos-webstore/node_modules/nightwatch/lib/core/assertion.js:87:17)
    at F.module.exports.BaseAssertion._reschedule (/Users/lubna/Documents/local-assos-webstore/node_modules/nightwatch/lib/core/assertion.js:121:17)
    at Object.&lt;anonymous&gt; (/Users/lubna/Documents/local-assos-webstore/node_modules/nightwatch/lib/core/assertion.js:100:21)
    at Object.&lt;anonymous&gt; (/Users/lubna/Documents/local-assos-webstore/node_modules/nightwatch/lib/api/element-commands.js:346:18)
    at HttpRequest.&lt;anonymous&gt; (/Users/lubna/Documents/local-assos-webstore/node_modules/nightwatch/lib/index.js:366:18)
    at emitTwo (events.js:125:13)
    at HttpRequest.emit (events.js:213:7)
    at HttpRequest.&lt;anonymous&gt; (/Users/lubna/Documents/local-assos-webstore/node_modules/nightwatch/lib/index.js:393:15)
    at emitThree (events.js:135:13)
ERROR: Unable to locate element: &quot;.global-views-breadcrumb&quot; using: css selector
    at F.command (/Users/lubna/Documents/local-assos-webstore/node_modules/nightwatch/lib/api/assertions/containsText.js:46:21)
    at F.module.exports.BaseAssertion._scheduleAssertion (/Users/lubna/Documents/local-assos-webstore/node_modules/nightwatch/lib/core/assertion.js:87:17)
    at F.module.exports.BaseAssertion._reschedule (/Users/lubna/Documents/local-assos-webstore/node_modules/nightwatch/lib/core/assertion.js:121:17)
    at Object.&lt;anonymous&gt; (/Users/lubna/Documents/local-assos-webstore/node_modules/nightwatch/lib/core/assertion.js:100:21)
    at Object.&lt;anonymous&gt; (/Users/lubna/Documents/local-assos-webstore/node_modules/nightwatch/lib/api/element-commands.js:346:18)
    at HttpRequest.&lt;anonymous&gt; (/Users/lubna/Documents/local-assos-webstore/node_modules/nightwatch/lib/index.js:366:18)
    at emitTwo (events.js:125:13)
    at HttpRequest.emit (events.js:213:7)
    at HttpRequest.&lt;anonymous&gt; (/Users/lubna/Documents/local-assos-webstore/node_modules/nightwatch/lib/index.js:393:15)
    at emitThree (events.js:135:13)
ERROR: Unable to locate element: &quot;.global-views-breadcrumb&quot; using: css selector
    at F.command (/Users/lubna/Documents/local-assos-webstore/node_modules/nightwatch/lib/api/assertions/containsText.js:46:21)
    at F.module.exports.BaseAssertion._scheduleAssertion (/Users/lubna/Documents/local-assos-webstore/node_modules/nightwatch/lib/core/assertion.js:87:17)
    at F.module.exports.BaseAssertion._reschedule (/Users/lubna/Documents/local-assos-webstore/node_modules/nightwatch/lib/core/assertion.js:121:17)
    at Object.&lt;anonymous&gt; (/Users/lubna/Documents/local-assos-webstore/node_modules/nightwatch/lib/core/assertion.js:100:21)
    at Object.&lt;anonymous&gt; (/Users/lubna/Documents/local-assos-webstore/node_modules/nightwatch/lib/api/element-commands.js:346:18)
    at HttpRequest.&lt;anonymous&gt; (/Users/lubna/Documents/local-assos-webstore/node_modules/nightwatch/lib/index.js:366:18)
    at emitTwo (events.js:125:13)
    at HttpRequest.emit (events.js:213:7)
    at HttpRequest.&lt;anonymous&gt; (/Users/lubna/Documents/local-assos-webstore/node_modules/nightwatch/lib/index.js:393:15)
    at emitThree (events.js:135:13)
ERROR: Unable to locate element: &quot;.global-views-breadcrumb&quot; using: css selector
    at F.command (/Users/lubna/Documents/local-assos-webstore/node_modules/nightwatch/lib/api/assertions/containsText.js:46:21)
    at F.module.exports.BaseAssertion._scheduleAssertion (/Users/lubna/Documents/local-assos-webstore/node_modules/nightwatch/lib/core/assertion.js:87:17)
    at F.module.exports.BaseAssertion._reschedule (/Users/lubna/Documents/local-assos-webstore/node_modules/nightwatch/lib/core/assertion.js:121:17)
    at Object.&lt;anonymous&gt; (/Users/lubna/Documents/local-assos-webstore/node_modules/nightwatch/lib/core/assertion.js:100:21)
    at Object.&lt;anonymous&gt; (/Users/lubna/Documents/local-assos-webstore/node_modules/nightwatch/lib/api/element-commands.js:346:18)
    at HttpRequest.&lt;anonymous&gt; (/Users/lubna/Documents/local-assos-webstore/node_modules/nightwatch/lib/index.js:366:18)
    at emitTwo (events.js:125:13)
    at HttpRequest.emit (events.js:213:7)
    at HttpRequest.&lt;anonymous&gt; (/Users/lubna/Documents/local-assos-webstore/node_modules/nightwatch/lib/index.js:393:15)
    at emitThree (events.js:135:13)
ERROR: Unable to locate element: &quot;.support-form-holder .section-title&quot; using: css selector
    at F.command (/Users/lubna/Documents/local-assos-webstore/node_modules/nightwatch/lib/api/assertions/containsText.js:46:21)
    at F.module.exports.BaseAssertion._scheduleAssertion (/Users/lubna/Documents/local-assos-webstore/node_modules/nightwatch/lib/core/assertion.js:87:17)
    at F.module.exports.BaseAssertion._executeCommand (/Users/lubna/Documents/local-assos-webstore/node_modules/nightwatch/lib/core/assertion.js:82:17)
    at AssertionInstance.commandFn [as _commandFn] (/Users/lubna/Documents/local-assos-webstore/node_modules/nightwatch/lib/core/assertion.js:180:21)
    at AsyncTree.runCommand (/Users/lubna/Documents/local-assos-webstore/node_modules/nightwatch/lib/core/queue.js:154:30)
    at AsyncTree.runChildNode (/Users/lubna/Documents/local-assos-webstore/node_modules/nightwatch/lib/core/queue.js:114:8)
    at AsyncTree.walkDown (/Users/lubna/Documents/local-assos-webstore/node_modules/nightwatch/lib/core/queue.js:80:10)
    at AsyncTree.walkUp (/Users/lubna/Documents/local-assos-webstore/node_modules/nightwatch/lib/core/queue.js:97:8)
    at AsyncTree.walkDown (/Users/lubna/Documents/local-assos-webstore/node_modules/nightwatch/lib/core/queue.js:90:12)
    at AsyncTree.walkUp (/Users/lubna/Documents/local-assos-webstore/node_modules/nightwatch/lib/core/queue.js:97:8)
ERROR: Unable to locate element: &quot;.support-form-holder .section-title&quot; using: css selector
    at F.command (/Users/lubna/Documents/local-assos-webstore/node_modules/nightwatch/lib/api/assertions/containsText.js:46:21)
    at F.module.exports.BaseAssertion._scheduleAssertion (/Users/lubna/Documents/local-assos-webstore/node_modules/nightwatch/lib/core/assertion.js:87:17)
    at F.module.exports.BaseAssertion._reschedule (/Users/lubna/Documents/local-assos-webstore/node_modules/nightwatch/lib/core/assertion.js:121:17)
    at Object.&lt;anonymous&gt; (/Users/lubna/Documents/local-assos-webstore/node_modules/nightwatch/lib/core/assertion.js:100:21)
    at Object.&lt;anonymous&gt; (/Users/lubna/Documents/local-assos-webstore/node_modules/nightwatch/lib/api/element-commands.js:346:18)
    at HttpRequest.&lt;anonymous&gt; (/Users/lubna/Documents/local-assos-webstore/node_modules/nightwatch/lib/index.js:366:18)
    at emitTwo (events.js:125:13)
    at HttpRequest.emit (events.js:213:7)
    at HttpRequest.&lt;anonymous&gt; (/Users/lubna/Documents/local-assos-webstore/node_modules/nightwatch/lib/index.js:393:15)
    at emitThree (events.js:135:13)
ERROR: Unable to locate element: &quot;.support-form-holder .section-title&quot; using: css selector
    at F.command (/Users/lubna/Documents/local-assos-webstore/node_modules/nightwatch/lib/api/assertions/containsText.js:46:21)
    at F.module.exports.BaseAssertion._scheduleAssertion (/Users/lubna/Documents/local-assos-webstore/node_modules/nightwatch/lib/core/assertion.js:87:17)
    at F.module.exports.BaseAssertion._reschedule (/Users/lubna/Documents/local-assos-webstore/node_modules/nightwatch/lib/core/assertion.js:121:17)
    at Object.&lt;anonymous&gt; (/Users/lubna/Documents/local-assos-webstore/node_modules/nightwatch/lib/core/assertion.js:100:21)
    at Object.&lt;anonymous&gt; (/Users/lubna/Documents/local-assos-webstore/node_modules/nightwatch/lib/api/element-commands.js:346:18)
    at HttpRequest.&lt;anonymous&gt; (/Users/lubna/Documents/local-assos-webstore/node_modules/nightwatch/lib/index.js:366:18)
    at emitTwo (events.js:125:13)
    at HttpRequest.emit (events.js:213:7)
    at HttpRequest.&lt;anonymous&gt; (/Users/lubna/Documents/local-assos-webstore/node_modules/nightwatch/lib/index.js:393:15)
    at emitThree (events.js:135:13)
ERROR: Unable to locate element: &quot;.support-form-holder .section-title&quot; using: css selector
    at F.command (/Users/lubna/Documents/local-assos-webstore/node_modules/nightwatch/lib/api/assertions/containsText.js:46:21)
    at F.module.exports.BaseAssertion._scheduleAssertion (/Users/lubna/Documents/local-assos-webstore/node_modules/nightwatch/lib/core/assertion.js:87:17)
    at F.module.exports.BaseAssertion._reschedule (/Users/lubna/Documents/local-assos-webstore/node_modules/nightwatch/lib/core/assertion.js:121:17)
    at Object.&lt;anonymous&gt; (/Users/lubna/Documents/local-assos-webstore/node_modules/nightwatch/lib/core/assertion.js:100:21)
    at Object.&lt;anonymous&gt; (/Users/lubna/Documents/local-assos-webstore/node_modules/nightwatch/lib/api/element-commands.js:346:18)
    at HttpRequest.&lt;anonymous&gt; (/Users/lubna/Documents/local-assos-webstore/node_modules/nightwatch/lib/index.js:366:18)
    at emitTwo (events.js:125:13)
    at HttpRequest.emit (events.js:213:7)
    at HttpRequest.&lt;anonymous&gt; (/Users/lubna/Documents/local-assos-webstore/node_modules/nightwatch/lib/index.js:393:15)
    at emitThree (events.js:135:13)
ERROR: Unable to locate element: &quot;.support-form-holder .section-title&quot; using: css selector
    at F.command (/Users/lubna/Documents/local-assos-webstore/node_modules/nightwatch/lib/api/assertions/containsText.js:46:21)
    at F.module.exports.BaseAssertion._scheduleAssertion (/Users/lubna/Documents/local-assos-webstore/node_modules/nightwatch/lib/core/assertion.js:87:17)
    at F.module.exports.BaseAssertion._reschedule (/Users/lubna/Documents/local-assos-webstore/node_modules/nightwatch/lib/core/assertion.js:121:17)
    at Object.&lt;anonymous&gt; (/Users/lubna/Documents/local-assos-webstore/node_modules/nightwatch/lib/core/assertion.js:100:21)
    at Object.&lt;anonymous&gt; (/Users/lubna/Documents/local-assos-webstore/node_modules/nightwatch/lib/api/element-commands.js:346:18)
    at HttpRequest.&lt;anonymous&gt; (/Users/lubna/Documents/local-assos-webstore/node_modules/nightwatch/lib/index.js:366:18)
    at emitTwo (events.js:125:13)
    at HttpRequest.emit (events.js:213:7)
    at HttpRequest.&lt;anonymous&gt; (/Users/lubna/Documents/local-assos-webstore/node_modules/nightwatch/lib/index.js:393:15)
    at emitThree (events.js:135:13)
ERROR: Unable to locate element: &quot;.support-form-holder .section-title&quot; using: css selector
    at F.command (/Users/lubna/Documents/local-assos-webstore/node_modules/nightwatch/lib/api/assertions/containsText.js:46:21)
    at F.module.exports.BaseAssertion._scheduleAssertion (/Users/lubna/Documents/local-assos-webstore/node_modules/nightwatch/lib/core/assertion.js:87:17)
    at F.module.exports.BaseAssertion._reschedule (/Users/lubna/Documents/local-assos-webstore/node_modules/nightwatch/lib/core/assertion.js:121:17)
    at Object.&lt;anonymous&gt; (/Users/lubna/Documents/local-assos-webstore/node_modules/nightwatch/lib/core/assertion.js:100:21)
    at Object.&lt;anonymous&gt; (/Users/lubna/Documents/local-assos-webstore/node_modules/nightwatch/lib/api/element-commands.js:346:18)
    at HttpRequest.&lt;anonymous&gt; (/Users/lubna/Documents/local-assos-webstore/node_modules/nightwatch/lib/index.js:366:18)
    at emitTwo (events.js:125:13)
    at HttpRequest.emit (events.js:213:7)
    at HttpRequest.&lt;anonymous&gt; (/Users/lubna/Documents/local-assos-webstore/node_modules/nightwatch/lib/index.js:393:15)
    at emitThree (events.js:135:13)
ERROR: Unable to locate element: &quot;.support-form-holder .section-title&quot; using: css selector
    at F.command (/Users/lubna/Documents/local-assos-webstore/node_modules/nightwatch/lib/api/assertions/containsText.js:46:21)
    at F.module.exports.BaseAssertion._scheduleAssertion (/Users/lubna/Documents/local-assos-webstore/node_modules/nightwatch/lib/core/assertion.js:87:17)
    at F.module.exports.BaseAssertion._reschedule (/Users/lubna/Documents/local-assos-webstore/node_modules/nightwatch/lib/core/assertion.js:121:17)
    at Object.&lt;anonymous&gt; (/Users/lubna/Documents/local-assos-webstore/node_modules/nightwatch/lib/core/assertion.js:100:21)
    at Object.&lt;anonymous&gt; (/Users/lubna/Documents/local-assos-webstore/node_modules/nightwatch/lib/api/element-commands.js:346:18)
    at HttpRequest.&lt;anonymous&gt; (/Users/lubna/Documents/local-assos-webstore/node_modules/nightwatch/lib/index.js:366:18)
    at emitTwo (events.js:125:13)
    at HttpRequest.emit (events.js:213:7)
    at HttpRequest.&lt;anonymous&gt; (/Users/lubna/Documents/local-assos-webstore/node_modules/nightwatch/lib/index.js:393:15)
    at emitThree (events.js:135:13)
ERROR: Unable to locate element: &quot;.support-form-holder .section-title&quot; using: css selector
    at F.command (/Users/lubna/Documents/local-assos-webstore/node_modules/nightwatch/lib/api/assertions/containsText.js:46:21)
    at F.module.exports.BaseAssertion._scheduleAssertion (/Users/lubna/Documents/local-assos-webstore/node_modules/nightwatch/lib/core/assertion.js:87:17)
    at F.module.exports.BaseAssertion._reschedule (/Users/lubna/Documents/local-assos-webstore/node_modules/nightwatch/lib/core/assertion.js:121:17)
    at Object.&lt;anonymous&gt; (/Users/lubna/Documents/local-assos-webstore/node_modules/nightwatch/lib/core/assertion.js:100:21)
    at Object.&lt;anonymous&gt; (/Users/lubna/Documents/local-assos-webstore/node_modules/nightwatch/lib/api/element-commands.js:346:18)
    at HttpRequest.&lt;anonymous&gt; (/Users/lubna/Documents/local-assos-webstore/node_modules/nightwatch/lib/index.js:366:18)
    at emitTwo (events.js:125:13)
    at HttpRequest.emit (events.js:213:7)
    at HttpRequest.&lt;anonymous&gt; (/Users/lubna/Documents/local-assos-webstore/node_modules/nightwatch/lib/index.js:393:15)
    at emitThree (events.js:135:13)
ERROR: Unable to locate element: &quot;.support-form-holder .section-title&quot; using: css selector
    at F.command (/Users/lubna/Documents/local-assos-webstore/node_modules/nightwatch/lib/api/assertions/containsText.js:46:21)
    at F.module.exports.BaseAssertion._scheduleAssertion (/Users/lubna/Documents/local-assos-webstore/node_modules/nightwatch/lib/core/assertion.js:87:17)
    at F.module.exports.BaseAssertion._reschedule (/Users/lubna/Documents/local-assos-webstore/node_modules/nightwatch/lib/core/assertion.js:121:17)
    at Object.&lt;anonymous&gt; (/Users/lubna/Documents/local-assos-webstore/node_modules/nightwatch/lib/core/assertion.js:100:21)
    at Object.&lt;anonymous&gt; (/Users/lubna/Documents/local-assos-webstore/node_modules/nightwatch/lib/api/element-commands.js:346:18)
    at HttpRequest.&lt;anonymous&gt; (/Users/lubna/Documents/local-assos-webstore/node_modules/nightwatch/lib/index.js:366:18)
    at emitTwo (events.js:125:13)
    at HttpRequest.emit (events.js:213:7)
    at HttpRequest.&lt;anonymous&gt; (/Users/lubna/Documents/local-assos-webstore/node_modules/nightwatch/lib/index.js:393:15)
    at emitThree (events.js:135:13)
ERROR: Unable to locate element: &quot;.support-form-holder .section-title&quot; using: css selector
    at F.command (/Users/lubna/Documents/local-assos-webstore/node_modules/nightwatch/lib/api/assertions/containsText.js:46:21)
    at F.module.exports.BaseAssertion._scheduleAssertion (/Users/lubna/Documents/local-assos-webstore/node_modules/nightwatch/lib/core/assertion.js:87:17)
    at F.module.exports.BaseAssertion._reschedule (/Users/lubna/Documents/local-assos-webstore/node_modules/nightwatch/lib/core/assertion.js:121:17)
    at Object.&lt;anonymous&gt; (/Users/lubna/Documents/local-assos-webstore/node_modules/nightwatch/lib/core/assertion.js:100:21)
    at Object.&lt;anonymous&gt; (/Users/lubna/Documents/local-assos-webstore/node_modules/nightwatch/lib/api/element-commands.js:346:18)
    at HttpRequest.&lt;anonymous&gt; (/Users/lubna/Documents/local-assos-webstore/node_modules/nightwatch/lib/index.js:366:18)
    at emitTwo (events.js:125:13)
    at HttpRequest.emit (events.js:213:7)
    at HttpRequest.&lt;anonymous&gt; (/Users/lubna/Documents/local-assos-webstore/node_modules/nightwatch/lib/index.js:393:15)
    at emitThree (events.js:135:13)
ERROR: Unable to locate element: &quot;.support-form-holder .section-title&quot; using: css selector
    at F.command (/Users/lubna/Documents/local-assos-webstore/node_modules/nightwatch/lib/api/assertions/containsText.js:46:21)
    at F.module.exports.BaseAssertion._scheduleAssertion (/Users/lubna/Documents/local-assos-webstore/node_modules/nightwatch/lib/core/assertion.js:87:17)
    at F.module.exports.BaseAssertion._reschedule (/Users/lubna/Documents/local-assos-webstore/node_modules/nightwatch/lib/core/assertion.js:121:17)
    at Object.&lt;anonymous&gt; (/Users/lubna/Documents/local-assos-webstore/node_modules/nightwatch/lib/core/assertion.js:100:21)
    at Object.&lt;anonymous&gt; (/Users/lubna/Documents/local-assos-webstore/node_modules/nightwatch/lib/api/element-commands.js:346:18)
    at HttpRequest.&lt;anonymous&gt; (/Users/lubna/Documents/local-assos-webstore/node_modules/nightwatch/lib/index.js:366:18)
    at emitTwo (events.js:125:13)
    at HttpRequest.emit (events.js:213:7)
    at HttpRequest.&lt;anonymous&gt; (/Users/lubna/Documents/local-assos-webstore/node_modules/nightwatch/lib/index.js:393:15)
    at emitThree (events.js:135:13)
ERROR: Unable to locate element: &quot;.support-form-holder .section-title&quot; using: css selector
    at F.command (/Users/lubna/Documents/local-assos-webstore/node_modules/nightwatch/lib/api/assertions/containsText.js:46:21)
    at F.module.exports.BaseAssertion._scheduleAssertion (/Users/lubna/Documents/local-assos-webstore/node_modules/nightwatch/lib/core/assertion.js:87:17)
    at F.module.exports.BaseAssertion._reschedule (/Users/lubna/Documents/local-assos-webstore/node_modules/nightwatch/lib/core/assertion.js:121:17)
    at Object.&lt;anonymous&gt; (/Users/lubna/Documents/local-assos-webstore/node_modules/nightwatch/lib/core/assertion.js:100:21)
    at Object.&lt;anonymous&gt; (/Users/lubna/Documents/local-assos-webstore/node_modules/nightwatch/lib/api/element-commands.js:346:18)
    at HttpRequest.&lt;anonymous&gt; (/Users/lubna/Documents/local-assos-webstore/node_modules/nightwatch/lib/index.js:366:18)
    at emitTwo (events.js:125:13)
    at HttpRequest.emit (events.js:213:7)
    at HttpRequest.&lt;anonymous&gt; (/Users/lubna/Documents/local-assos-webstore/node_modules/nightwatch/lib/index.js:393:15)
    at emitThree (events.js:135:13)
ERROR: Unable to locate element: &quot;.support-form-holder .section-title&quot; using: css selector
    at F.command (/Users/lubna/Documents/local-assos-webstore/node_modules/nightwatch/lib/api/assertions/containsText.js:46:21)
    at F.module.exports.BaseAssertion._scheduleAssertion (/Users/lubna/Documents/local-assos-webstore/node_modules/nightwatch/lib/core/assertion.js:87:17)
    at F.module.exports.BaseAssertion._reschedule (/Users/lubna/Documents/local-assos-webstore/node_modules/nightwatch/lib/core/assertion.js:121:17)
    at Object.&lt;anonymous&gt; (/Users/lubna/Documents/local-assos-webstore/node_modules/nightwatch/lib/core/assertion.js:100:21)
    at Object.&lt;anonymous&gt; (/Users/lubna/Documents/local-assos-webstore/node_modules/nightwatch/lib/api/element-commands.js:346:18)
    at HttpRequest.&lt;anonymous&gt; (/Users/lubna/Documents/local-assos-webstore/node_modules/nightwatch/lib/index.js:366:18)
    at emitTwo (events.js:125:13)
    at HttpRequest.emit (events.js:213:7)
    at HttpRequest.&lt;anonymous&gt; (/Users/lubna/Documents/local-assos-webstore/node_modules/nightwatch/lib/index.js:393:15)
    at emitThree (events.js:135:13)
ERROR: Unable to locate element: &quot;.support-form-holder .section-title&quot; using: css selector
    at F.command (/Users/lubna/Documents/local-assos-webstore/node_modules/nightwatch/lib/api/assertions/containsText.js:46:21)
    at F.module.exports.BaseAssertion._scheduleAssertion (/Users/lubna/Documents/local-assos-webstore/node_modules/nightwatch/lib/core/assertion.js:87:17)
    at F.module.exports.BaseAssertion._reschedule (/Users/lubna/Documents/local-assos-webstore/node_modules/nightwatch/lib/core/assertion.js:121:17)
    at Object.&lt;anonymous&gt; (/Users/lubna/Documents/local-assos-webstore/node_modules/nightwatch/lib/core/assertion.js:100:21)
    at Object.&lt;anonymous&gt; (/Users/lubna/Documents/local-assos-webstore/node_modules/nightwatch/lib/api/element-commands.js:346:18)
    at HttpRequest.&lt;anonymous&gt; (/Users/lubna/Documents/local-assos-webstore/node_modules/nightwatch/lib/index.js:366:18)
    at emitTwo (events.js:125:13)
    at HttpRequest.emit (events.js:213:7)
    at HttpRequest.&lt;anonymous&gt; (/Users/lubna/Documents/local-assos-webstore/node_modules/nightwatch/lib/index.js:393:15)
    at emitThree (events.js:135:13)
ERROR: Unable to locate element: &quot;.support-form-holder .section-title&quot; using: css selector
    at F.command (/Users/lubna/Documents/local-assos-webstore/node_modules/nightwatch/lib/api/assertions/containsText.js:46:21)
    at F.module.exports.BaseAssertion._scheduleAssertion (/Users/lubna/Documents/local-assos-webstore/node_modules/nightwatch/lib/core/assertion.js:87:17)
    at F.module.exports.BaseAssertion._reschedule (/Users/lubna/Documents/local-assos-webstore/node_modules/nightwatch/lib/core/assertion.js:121:17)
    at Object.&lt;anonymous&gt; (/Users/lubna/Documents/local-assos-webstore/node_modules/nightwatch/lib/core/assertion.js:100:21)
    at Object.&lt;anonymous&gt; (/Users/lubna/Documents/local-assos-webstore/node_modules/nightwatch/lib/api/element-commands.js:346:18)
    at HttpRequest.&lt;anonymous&gt; (/Users/lubna/Documents/local-assos-webstore/node_modules/nightwatch/lib/index.js:366:18)
    at emitTwo (events.js:125:13)
    at HttpRequest.emit (events.js:213:7)
    at HttpRequest.&lt;anonymous&gt; (/Users/lubna/Documents/local-assos-webstore/node_modules/nightwatch/lib/index.js:393:15)
    at emitThree (events.js:135:13)
ERROR: Unable to locate element: &quot;.support-form-holder .section-title&quot; using: css selector
    at F.command (/Users/lubna/Documents/local-assos-webstore/node_modules/nightwatch/lib/api/assertions/containsText.js:46:21)
    at F.module.exports.BaseAssertion._scheduleAssertion (/Users/lubna/Documents/local-assos-webstore/node_modules/nightwatch/lib/core/assertion.js:87:17)
    at F.module.exports.BaseAssertion._reschedule (/Users/lubna/Documents/local-assos-webstore/node_modules/nightwatch/lib/core/assertion.js:121:17)
    at Object.&lt;anonymous&gt; (/Users/lubna/Documents/local-assos-webstore/node_modules/nightwatch/lib/core/assertion.js:100:21)
    at Object.&lt;anonymous&gt; (/Users/lubna/Documents/local-assos-webstore/node_modules/nightwatch/lib/api/element-commands.js:346:18)
    at HttpRequest.&lt;anonymous&gt; (/Users/lubna/Documents/local-assos-webstore/node_modules/nightwatch/lib/index.js:366:18)
    at emitTwo (events.js:125:13)
    at HttpRequest.emit (events.js:213:7)
    at HttpRequest.&lt;anonymous&gt; (/Users/lubna/Documents/local-assos-webstore/node_modules/nightwatch/lib/index.js:393:15)
    at emitThree (events.js:135:13)
ERROR: Unable to locate element: &quot;.section-dediscription-holder p&quot; using: css selector
    at F.command (/Users/lubna/Documents/local-assos-webstore/node_modules/nightwatch/lib/api/assertions/containsText.js:46:21)
    at F.module.exports.BaseAssertion._scheduleAssertion (/Users/lubna/Documents/local-assos-webstore/node_modules/nightwatch/lib/core/assertion.js:87:17)
    at F.module.exports.BaseAssertion._executeCommand (/Users/lubna/Documents/local-assos-webstore/node_modules/nightwatch/lib/core/assertion.js:82:17)
    at AssertionInstance.commandFn [as _commandFn] (/Users/lubna/Documents/local-assos-webstore/node_modules/nightwatch/lib/core/assertion.js:180:21)
    at AsyncTree.runCommand (/Users/lubna/Documents/local-assos-webstore/node_modules/nightwatch/lib/core/queue.js:154:30)
    at AsyncTree.runChildNode (/Users/lubna/Documents/local-assos-webstore/node_modules/nightwatch/lib/core/queue.js:114:8)
    at AsyncTree.walkDown (/Users/lubna/Documents/local-assos-webstore/node_modules/nightwatch/lib/core/queue.js:80:10)
    at AsyncTree.walkUp (/Users/lubna/Documents/local-assos-webstore/node_modules/nightwatch/lib/core/queue.js:97:8)
    at AsyncTree.walkDown (/Users/lubna/Documents/local-assos-webstore/node_modules/nightwatch/lib/core/queue.js:90:12)
    at AsyncTree.walkUp (/Users/lubna/Documents/local-assos-webstore/node_modules/nightwatch/lib/core/queue.js:97:8)
ERROR: Unable to locate element: &quot;.section-dediscription-holder p&quot; using: css selector
    at F.command (/Users/lubna/Documents/local-assos-webstore/node_modules/nightwatch/lib/api/assertions/containsText.js:46:21)
    at F.module.exports.BaseAssertion._scheduleAssertion (/Users/lubna/Documents/local-assos-webstore/node_modules/nightwatch/lib/core/assertion.js:87:17)
    at F.module.exports.BaseAssertion._reschedule (/Users/lubna/Documents/local-assos-webstore/node_modules/nightwatch/lib/core/assertion.js:121:17)
    at Object.&lt;anonymous&gt; (/Users/lubna/Documents/local-assos-webstore/node_modules/nightwatch/lib/core/assertion.js:100:21)
    at Object.&lt;anonymous&gt; (/Users/lubna/Documents/local-assos-webstore/node_modules/nightwatch/lib/api/element-commands.js:346:18)
    at HttpRequest.&lt;anonymous&gt; (/Users/lubna/Documents/local-assos-webstore/node_modules/nightwatch/lib/index.js:366:18)
    at emitTwo (events.js:125:13)
    at HttpRequest.emit (events.js:213:7)
    at HttpRequest.&lt;anonymous&gt; (/Users/lubna/Documents/local-assos-webstore/node_modules/nightwatch/lib/index.js:393:15)
    at emitThree (events.js:135:13)
ERROR: Unable to locate element: &quot;.section-dediscription-holder p&quot; using: css selector
    at F.command (/Users/lubna/Documents/local-assos-webstore/node_modules/nightwatch/lib/api/assertions/containsText.js:46:21)
    at F.module.exports.BaseAssertion._scheduleAssertion (/Users/lubna/Documents/local-assos-webstore/node_modules/nightwatch/lib/core/assertion.js:87:17)
    at F.module.exports.BaseAssertion._reschedule (/Users/lubna/Documents/local-assos-webstore/node_modules/nightwatch/lib/core/assertion.js:121:17)
    at Object.&lt;anonymous&gt; (/Users/lubna/Documents/local-assos-webstore/node_modules/nightwatch/lib/core/assertion.js:100:21)
    at Object.&lt;anonymous&gt; (/Users/lubna/Documents/local-assos-webstore/node_modules/nightwatch/lib/api/element-commands.js:346:18)
    at HttpRequest.&lt;anonymous&gt; (/Users/lubna/Documents/local-assos-webstore/node_modules/nightwatch/lib/index.js:366:18)
    at emitTwo (events.js:125:13)
    at HttpRequest.emit (events.js:213:7)
    at HttpRequest.&lt;anonymous&gt; (/Users/lubna/Documents/local-assos-webstore/node_modules/nightwatch/lib/index.js:393:15)
    at emitThree (events.js:135:13)
ERROR: Unable to locate element: &quot;.section-dediscription-holder p&quot; using: css selector
    at F.command (/Users/lubna/Documents/local-assos-webstore/node_modules/nightwatch/lib/api/assertions/containsText.js:46:21)
    at F.module.exports.BaseAssertion._scheduleAssertion (/Users/lubna/Documents/local-assos-webstore/node_modules/nightwatch/lib/core/assertion.js:87:17)
    at F.module.exports.BaseAssertion._reschedule (/Users/lubna/Documents/local-assos-webstore/node_modules/nightwatch/lib/core/assertion.js:121:17)
    at Object.&lt;anonymous&gt; (/Users/lubna/Documents/local-assos-webstore/node_modules/nightwatch/lib/core/assertion.js:100:21)
    at Object.&lt;anonymous&gt; (/Users/lubna/Documents/local-assos-webstore/node_modules/nightwatch/lib/api/element-commands.js:346:18)
    at HttpRequest.&lt;anonymous&gt; (/Users/lubna/Documents/local-assos-webstore/node_modules/nightwatch/lib/index.js:366:18)
    at emitTwo (events.js:125:13)
    at HttpRequest.emit (events.js:213:7)
    at HttpRequest.&lt;anonymous&gt; (/Users/lubna/Documents/local-assos-webstore/node_modules/nightwatch/lib/index.js:393:15)
    at emitThree (events.js:135:13)
ERROR: Unable to locate element: &quot;.section-dediscription-holder p&quot; using: css selector
    at F.command (/Users/lubna/Documents/local-assos-webstore/node_modules/nightwatch/lib/api/assertions/containsText.js:46:21)
    at F.module.exports.BaseAssertion._scheduleAssertion (/Users/lubna/Documents/local-assos-webstore/node_modules/nightwatch/lib/core/assertion.js:87:17)
    at F.module.exports.BaseAssertion._reschedule (/Users/lubna/Documents/local-assos-webstore/node_modules/nightwatch/lib/core/assertion.js:121:17)
    at Object.&lt;anonymous&gt; (/Users/lubna/Documents/local-assos-webstore/node_modules/nightwatch/lib/core/assertion.js:100:21)
    at Object.&lt;anonymous&gt; (/Users/lubna/Documents/local-assos-webstore/node_modules/nightwatch/lib/api/element-commands.js:346:18)
    at HttpRequest.&lt;anonymous&gt; (/Users/lubna/Documents/local-assos-webstore/node_modules/nightwatch/lib/index.js:366:18)
    at emitTwo (events.js:125:13)
    at HttpRequest.emit (events.js:213:7)
    at HttpRequest.&lt;anonymous&gt; (/Users/lubna/Documents/local-assos-webstore/node_modules/nightwatch/lib/index.js:393:15)
    at emitThree (events.js:135:13)
ERROR: Unable to locate element: &quot;.section-dediscription-holder p&quot; using: css selector
    at F.command (/Users/lubna/Documents/local-assos-webstore/node_modules/nightwatch/lib/api/assertions/containsText.js:46:21)
    at F.module.exports.BaseAssertion._scheduleAssertion (/Users/lubna/Documents/local-assos-webstore/node_modules/nightwatch/lib/core/assertion.js:87:17)
    at F.module.exports.BaseAssertion._reschedule (/Users/lubna/Documents/local-assos-webstore/node_modules/nightwatch/lib/core/assertion.js:121:17)
    at Object.&lt;anonymous&gt; (/Users/lubna/Documents/local-assos-webstore/node_modules/nightwatch/lib/core/assertion.js:100:21)
    at Object.&lt;anonymous&gt; (/Users/lubna/Documents/local-assos-webstore/node_modules/nightwatch/lib/api/element-commands.js:346:18)
    at HttpRequest.&lt;anonymous&gt; (/Users/lubna/Documents/local-assos-webstore/node_modules/nightwatch/lib/index.js:366:18)
    at emitTwo (events.js:125:13)
    at HttpRequest.emit (events.js:213:7)
    at HttpRequest.&lt;anonymous&gt; (/Users/lubna/Documents/local-assos-webstore/node_modules/nightwatch/lib/index.js:393:15)
    at emitThree (events.js:135:13)
ERROR: Unable to locate element: &quot;.section-dediscription-holder p&quot; using: css selector
    at F.command (/Users/lubna/Documents/local-assos-webstore/node_modules/nightwatch/lib/api/assertions/containsText.js:46:21)
    at F.module.exports.BaseAssertion._scheduleAssertion (/Users/lubna/Documents/local-assos-webstore/node_modules/nightwatch/lib/core/assertion.js:87:17)
    at F.module.exports.BaseAssertion._reschedule (/Users/lubna/Documents/local-assos-webstore/node_modules/nightwatch/lib/core/assertion.js:121:17)
    at Object.&lt;anonymous&gt; (/Users/lubna/Documents/local-assos-webstore/node_modules/nightwatch/lib/core/assertion.js:100:21)
    at Object.&lt;anonymous&gt; (/Users/lubna/Documents/local-assos-webstore/node_modules/nightwatch/lib/api/element-commands.js:346:18)
    at HttpRequest.&lt;anonymous&gt; (/Users/lubna/Documents/local-assos-webstore/node_modules/nightwatch/lib/index.js:366:18)
    at emitTwo (events.js:125:13)
    at HttpRequest.emit (events.js:213:7)
    at HttpRequest.&lt;anonymous&gt; (/Users/lubna/Documents/local-assos-webstore/node_modules/nightwatch/lib/index.js:393:15)
    at emitThree (events.js:135:13)
ERROR: Unable to locate element: &quot;.section-dediscription-holder p&quot; using: css selector
    at F.command (/Users/lubna/Documents/local-assos-webstore/node_modules/nightwatch/lib/api/assertions/containsText.js:46:21)
    at F.module.exports.BaseAssertion._scheduleAssertion (/Users/lubna/Documents/local-assos-webstore/node_modules/nightwatch/lib/core/assertion.js:87:17)
    at F.module.exports.BaseAssertion._reschedule (/Users/lubna/Documents/local-assos-webstore/node_modules/nightwatch/lib/core/assertion.js:121:17)
    at Object.&lt;anonymous&gt; (/Users/lubna/Documents/local-assos-webstore/node_modules/nightwatch/lib/core/assertion.js:100:21)
    at Object.&lt;anonymous&gt; (/Users/lubna/Documents/local-assos-webstore/node_modules/nightwatch/lib/api/element-commands.js:346:18)
    at HttpRequest.&lt;anonymous&gt; (/Users/lubna/Documents/local-assos-webstore/node_modules/nightwatch/lib/index.js:366:18)
    at emitTwo (events.js:125:13)
    at HttpRequest.emit (events.js:213:7)
    at HttpRequest.&lt;anonymous&gt; (/Users/lubna/Documents/local-assos-webstore/node_modules/nightwatch/lib/index.js:393:15)
    at emitThree (events.js:135:13)
ERROR: Unable to locate element: &quot;.section-dediscription-holder p&quot; using: css selector
    at F.command (/Users/lubna/Documents/local-assos-webstore/node_modules/nightwatch/lib/api/assertions/containsText.js:46:21)
    at F.module.exports.BaseAssertion._scheduleAssertion (/Users/lubna/Documents/local-assos-webstore/node_modules/nightwatch/lib/core/assertion.js:87:17)
    at F.module.exports.BaseAssertion._reschedule (/Users/lubna/Documents/local-assos-webstore/node_modules/nightwatch/lib/core/assertion.js:121:17)
    at Object.&lt;anonymous&gt; (/Users/lubna/Documents/local-assos-webstore/node_modules/nightwatch/lib/core/assertion.js:100:21)
    at Object.&lt;anonymous&gt; (/Users/lubna/Documents/local-assos-webstore/node_modules/nightwatch/lib/api/element-commands.js:346:18)
    at HttpRequest.&lt;anonymous&gt; (/Users/lubna/Documents/local-assos-webstore/node_modules/nightwatch/lib/index.js:366:18)
    at emitTwo (events.js:125:13)
    at HttpRequest.emit (events.js:213:7)
    at HttpRequest.&lt;anonymous&gt; (/Users/lubna/Documents/local-assos-webstore/node_modules/nightwatch/lib/index.js:393:15)
    at emitThree (events.js:135:13)
ERROR: Unable to locate element: &quot;.section-dediscription-holder p&quot; using: css selector
    at F.command (/Users/lubna/Documents/local-assos-webstore/node_modules/nightwatch/lib/api/assertions/containsText.js:46:21)
    at F.module.exports.BaseAssertion._scheduleAssertion (/Users/lubna/Documents/local-assos-webstore/node_modules/nightwatch/lib/core/assertion.js:87:17)
    at F.module.exports.BaseAssertion._reschedule (/Users/lubna/Documents/local-assos-webstore/node_modules/nightwatch/lib/core/assertion.js:121:17)
    at Object.&lt;anonymous&gt; (/Users/lubna/Documents/local-assos-webstore/node_modules/nightwatch/lib/core/assertion.js:100:21)
    at Object.&lt;anonymous&gt; (/Users/lubna/Documents/local-assos-webstore/node_modules/nightwatch/lib/api/element-commands.js:346:18)
    at HttpRequest.&lt;anonymous&gt; (/Users/lubna/Documents/local-assos-webstore/node_modules/nightwatch/lib/index.js:366:18)
    at emitTwo (events.js:125:13)
    at HttpRequest.emit (events.js:213:7)
    at HttpRequest.&lt;anonymous&gt; (/Users/lubna/Documents/local-assos-webstore/node_modules/nightwatch/lib/index.js:393:15)
    at emitThree (events.js:135:13)
ERROR: Unable to locate element: &quot;.section-dediscription-holder p&quot; using: css selector
    at F.command (/Users/lubna/Documents/local-assos-webstore/node_modules/nightwatch/lib/api/assertions/containsText.js:46:21)
    at F.module.exports.BaseAssertion._scheduleAssertion (/Users/lubna/Documents/local-assos-webstore/node_modules/nightwatch/lib/core/assertion.js:87:17)
    at F.module.exports.BaseAssertion._reschedule (/Users/lubna/Documents/local-assos-webstore/node_modules/nightwatch/lib/core/assertion.js:121:17)
    at Object.&lt;anonymous&gt; (/Users/lubna/Documents/local-assos-webstore/node_modules/nightwatch/lib/core/assertion.js:100:21)
    at Object.&lt;anonymous&gt; (/Users/lubna/Documents/local-assos-webstore/node_modules/nightwatch/lib/api/element-commands.js:346:18)
    at HttpRequest.&lt;anonymous&gt; (/Users/lubna/Documents/local-assos-webstore/node_modules/nightwatch/lib/index.js:366:18)
    at emitTwo (events.js:125:13)
    at HttpRequest.emit (events.js:213:7)
    at HttpRequest.&lt;anonymous&gt; (/Users/lubna/Documents/local-assos-webstore/node_modules/nightwatch/lib/index.js:393:15)
    at emitThree (events.js:135:13)
ERROR: Unable to locate element: &quot;.section-dediscription-holder p&quot; using: css selector
    at F.command (/Users/lubna/Documents/local-assos-webstore/node_modules/nightwatch/lib/api/assertions/containsText.js:46:21)
    at F.module.exports.BaseAssertion._scheduleAssertion (/Users/lubna/Documents/local-assos-webstore/node_modules/nightwatch/lib/core/assertion.js:87:17)
    at F.module.exports.BaseAssertion._reschedule (/Users/lubna/Documents/local-assos-webstore/node_modules/nightwatch/lib/core/assertion.js:121:17)
    at Object.&lt;anonymous&gt; (/Users/lubna/Documents/local-assos-webstore/node_modules/nightwatch/lib/core/assertion.js:100:21)
    at Object.&lt;anonymous&gt; (/Users/lubna/Documents/local-assos-webstore/node_modules/nightwatch/lib/api/element-commands.js:346:18)
    at HttpRequest.&lt;anonymous&gt; (/Users/lubna/Documents/local-assos-webstore/node_modules/nightwatch/lib/index.js:366:18)
    at emitTwo (events.js:125:13)
    at HttpRequest.emit (events.js:213:7)
    at HttpRequest.&lt;anonymous&gt; (/Users/lubna/Documents/local-assos-webstore/node_modules/nightwatch/lib/index.js:393:15)
    at emitThree (events.js:135:13)
ERROR: Unable to locate element: &quot;.section-dediscription-holder p&quot; using: css selector
    at F.command (/Users/lubna/Documents/local-assos-webstore/node_modules/nightwatch/lib/api/assertions/containsText.js:46:21)
    at F.module.exports.BaseAssertion._scheduleAssertion (/Users/lubna/Documents/local-assos-webstore/node_modules/nightwatch/lib/core/assertion.js:87:17)
    at F.module.exports.BaseAssertion._reschedule (/Users/lubna/Documents/local-assos-webstore/node_modules/nightwatch/lib/core/assertion.js:121:17)
    at Object.&lt;anonymous&gt; (/Users/lubna/Documents/local-assos-webstore/node_modules/nightwatch/lib/core/assertion.js:100:21)
    at Object.&lt;anonymous&gt; (/Users/lubna/Documents/local-assos-webstore/node_modules/nightwatch/lib/api/element-commands.js:346:18)
    at HttpRequest.&lt;anonymous&gt; (/Users/lubna/Documents/local-assos-webstore/node_modules/nightwatch/lib/index.js:366:18)
    at emitTwo (events.js:125:13)
    at HttpRequest.emit (events.js:213:7)
    at HttpRequest.&lt;anonymous&gt; (/Users/lubna/Documents/local-assos-webstore/node_modules/nightwatch/lib/index.js:393:15)
    at emitThree (events.js:135:13)
ERROR: Unable to locate element: &quot;.section-dediscription-holder p&quot; using: css selector
    at F.command (/Users/lubna/Documents/local-assos-webstore/node_modules/nightwatch/lib/api/assertions/containsText.js:46:21)
    at F.module.exports.BaseAssertion._scheduleAssertion (/Users/lubna/Documents/local-assos-webstore/node_modules/nightwatch/lib/core/assertion.js:87:17)
    at F.module.exports.BaseAssertion._reschedule (/Users/lubna/Documents/local-assos-webstore/node_modules/nightwatch/lib/core/assertion.js:121:17)
    at Object.&lt;anonymous&gt; (/Users/lubna/Documents/local-assos-webstore/node_modules/nightwatch/lib/core/assertion.js:100:21)
    at Object.&lt;anonymous&gt; (/Users/lubna/Documents/local-assos-webstore/node_modules/nightwatch/lib/api/element-commands.js:346:18)
    at HttpRequest.&lt;anonymous&gt; (/Users/lubna/Documents/local-assos-webstore/node_modules/nightwatch/lib/index.js:366:18)
    at emitTwo (events.js:125:13)
    at HttpRequest.emit (events.js:213:7)
    at HttpRequest.&lt;anonymous&gt; (/Users/lubna/Documents/local-assos-webstore/node_modules/nightwatch/lib/index.js:393:15)
    at emitThree (events.js:135:13)
ERROR: Unable to locate element: &quot;.section-dediscription-holder p&quot; using: css selector
    at F.command (/Users/lubna/Documents/local-assos-webstore/node_modules/nightwatch/lib/api/assertions/containsText.js:46:21)
    at F.module.exports.BaseAssertion._scheduleAssertion (/Users/lubna/Documents/local-assos-webstore/node_modules/nightwatch/lib/core/assertion.js:87:17)
    at F.module.exports.BaseAssertion._reschedule (/Users/lubna/Documents/local-assos-webstore/node_modules/nightwatch/lib/core/assertion.js:121:17)
    at Object.&lt;anonymous&gt; (/Users/lubna/Documents/local-assos-webstore/node_modules/nightwatch/lib/core/assertion.js:100:21)
    at Object.&lt;anonymous&gt; (/Users/lubna/Documents/local-assos-webstore/node_modules/nightwatch/lib/api/element-commands.js:346:18)
    at HttpRequest.&lt;anonymous&gt; (/Users/lubna/Documents/local-assos-webstore/node_modules/nightwatch/lib/index.js:366:18)
    at emitTwo (events.js:125:13)
    at HttpRequest.emit (events.js:213:7)
    at HttpRequest.&lt;anonymous&gt; (/Users/lubna/Documents/local-assos-webstore/node_modules/nightwatch/lib/index.js:393:15)
    at emitThree (events.js:135:13)
ERROR: Unable to locate element: &quot;.global-views-message:not(#newsletter-message-box) .form-succuss-message p:nth-child(1)&quot; using: css selector
    at F.command (/Users/lubna/Documents/local-assos-webstore/node_modules/nightwatch/lib/api/assertions/containsText.js:46:21)
    at F.module.exports.BaseAssertion._scheduleAssertion (/Users/lubna/Documents/local-assos-webstore/node_modules/nightwatch/lib/core/assertion.js:87:17)
    at F.module.exports.BaseAssertion._executeCommand (/Users/lubna/Documents/local-assos-webstore/node_modules/nightwatch/lib/core/assertion.js:82:17)
    at AssertionInstance.commandFn [as _commandFn] (/Users/lubna/Documents/local-assos-webstore/node_modules/nightwatch/lib/core/assertion.js:180:21)
    at AsyncTree.runCommand (/Users/lubna/Documents/local-assos-webstore/node_modules/nightwatch/lib/core/queue.js:154:30)
    at AsyncTree.runChildNode (/Users/lubna/Documents/local-assos-webstore/node_modules/nightwatch/lib/core/queue.js:114:8)
    at AsyncTree.walkDown (/Users/lubna/Documents/local-assos-webstore/node_modules/nightwatch/lib/core/queue.js:80:10)
    at AsyncTree.walkUp (/Users/lubna/Documents/local-assos-webstore/node_modules/nightwatch/lib/core/queue.js:97:8)
    at AsyncTree.walkDown (/Users/lubna/Documents/local-assos-webstore/node_modules/nightwatch/lib/core/queue.js:90:12)
    at AsyncTree.walkUp (/Users/lubna/Documents/local-assos-webstore/node_modules/nightwatch/lib/core/queue.js:97:8)
ERROR: Unable to locate element: &quot;.global-views-message:not(#newsletter-message-box) .form-succuss-message p:nth-child(1)&quot; using: css selector
    at F.command (/Users/lubna/Documents/local-assos-webstore/node_modules/nightwatch/lib/api/assertions/containsText.js:46:21)
    at F.module.exports.BaseAssertion._scheduleAssertion (/Users/lubna/Documents/local-assos-webstore/node_modules/nightwatch/lib/core/assertion.js:87:17)
    at F.module.exports.BaseAssertion._reschedule (/Users/lubna/Documents/local-assos-webstore/node_modules/nightwatch/lib/core/assertion.js:121:17)
    at Object.&lt;anonymous&gt; (/Users/lubna/Documents/local-assos-webstore/node_modules/nightwatch/lib/core/assertion.js:100:21)
    at Object.&lt;anonymous&gt; (/Users/lubna/Documents/local-assos-webstore/node_modules/nightwatch/lib/api/element-commands.js:346:18)
    at HttpRequest.&lt;anonymous&gt; (/Users/lubna/Documents/local-assos-webstore/node_modules/nightwatch/lib/index.js:366:18)
    at emitTwo (events.js:125:13)
    at HttpRequest.emit (events.js:213:7)
    at HttpRequest.&lt;anonymous&gt; (/Users/lubna/Documents/local-assos-webstore/node_modules/nightwatch/lib/index.js:393:15)
    at emitThree (events.js:135:13)
ERROR: Unable to locate element: &quot;.global-views-message:not(#newsletter-message-box) .form-succuss-message p:nth-child(1)&quot; using: css selector
    at F.command (/Users/lubna/Documents/local-assos-webstore/node_modules/nightwatch/lib/api/assertions/containsText.js:46:21)
    at F.module.exports.BaseAssertion._scheduleAssertion (/Users/lubna/Documents/local-assos-webstore/node_modules/nightwatch/lib/core/assertion.js:87:17)
    at F.module.exports.BaseAssertion._reschedule (/Users/lubna/Documents/local-assos-webstore/node_modules/nightwatch/lib/core/assertion.js:121:17)
    at Object.&lt;anonymous&gt; (/Users/lubna/Documents/local-assos-webstore/node_modules/nightwatch/lib/core/assertion.js:100:21)
    at Object.&lt;anonymous&gt; (/Users/lubna/Documents/local-assos-webstore/node_modules/nightwatch/lib/api/element-commands.js:346:18)
    at HttpRequest.&lt;anonymous&gt; (/Users/lubna/Documents/local-assos-webstore/node_modules/nightwatch/lib/index.js:366:18)
    at emitTwo (events.js:125:13)
    at HttpRequest.emit (events.js:213:7)
    at HttpRequest.&lt;anonymous&gt; (/Users/lubna/Documents/local-assos-webstore/node_modules/nightwatch/lib/index.js:393:15)
    at emitThree (events.js:135:13)
ERROR: Unable to locate element: &quot;.global-views-message:not(#newsletter-message-box) .form-succuss-message p:nth-child(1)&quot; using: css selector
    at F.command (/Users/lubna/Documents/local-assos-webstore/node_modules/nightwatch/lib/api/assertions/containsText.js:46:21)
    at F.module.exports.BaseAssertion._scheduleAssertion (/Users/lubna/Documents/local-assos-webstore/node_modules/nightwatch/lib/core/assertion.js:87:17)
    at F.module.exports.BaseAssertion._reschedule (/Users/lubna/Documents/local-assos-webstore/node_modules/nightwatch/lib/core/assertion.js:121:17)
    at Object.&lt;anonymous&gt; (/Users/lubna/Documents/local-assos-webstore/node_modules/nightwatch/lib/core/assertion.js:100:21)
    at Object.&lt;anonymous&gt; (/Users/lubna/Documents/local-assos-webstore/node_modules/nightwatch/lib/api/element-commands.js:346:18)
    at HttpRequest.&lt;anonymous&gt; (/Users/lubna/Documents/local-assos-webstore/node_modules/nightwatch/lib/index.js:366:18)
    at emitTwo (events.js:125:13)
    at HttpRequest.emit (events.js:213:7)
    at HttpRequest.&lt;anonymous&gt; (/Users/lubna/Documents/local-assos-webstore/node_modules/nightwatch/lib/index.js:393:15)
    at emitThree (events.js:135:13)
ERROR: Unable to locate element: &quot;.global-views-message:not(#newsletter-message-box) .form-succuss-message p:nth-child(1)&quot; using: css selector
    at F.command (/Users/lubna/Documents/local-assos-webstore/node_modules/nightwatch/lib/api/assertions/containsText.js:46:21)
    at F.module.exports.BaseAssertion._scheduleAssertion (/Users/lubna/Documents/local-assos-webstore/node_modules/nightwatch/lib/core/assertion.js:87:17)
    at F.module.exports.BaseAssertion._reschedule (/Users/lubna/Documents/local-assos-webstore/node_modules/nightwatch/lib/core/assertion.js:121:17)
    at Object.&lt;anonymous&gt; (/Users/lubna/Documents/local-assos-webstore/node_modules/nightwatch/lib/core/assertion.js:100:21)
    at Object.&lt;anonymous&gt; (/Users/lubna/Documents/local-assos-webstore/node_modules/nightwatch/lib/api/element-commands.js:346:18)
    at HttpRequest.&lt;anonymous&gt; (/Users/lubna/Documents/local-assos-webstore/node_modules/nightwatch/lib/index.js:366:18)
    at emitTwo (events.js:125:13)
    at HttpRequest.emit (events.js:213:7)
    at HttpRequest.&lt;anonymous&gt; (/Users/lubna/Documents/local-assos-webstore/node_modules/nightwatch/lib/index.js:393:15)
    at emitThree (events.js:135:13)
ERROR: Unable to locate element: &quot;.global-views-message:not(#newsletter-message-box) .form-succuss-message p:nth-child(1)&quot; using: css selector
    at F.command (/Users/lubna/Documents/local-assos-webstore/node_modules/nightwatch/lib/api/assertions/containsText.js:46:21)
    at F.module.exports.BaseAssertion._scheduleAssertion (/Users/lubna/Documents/local-assos-webstore/node_modules/nightwatch/lib/core/assertion.js:87:17)
    at F.module.exports.BaseAssertion._reschedule (/Users/lubna/Documents/local-assos-webstore/node_modules/nightwatch/lib/core/assertion.js:121:17)
    at Object.&lt;anonymous&gt; (/Users/lubna/Documents/local-assos-webstore/node_modules/nightwatch/lib/core/assertion.js:100:21)
    at Object.&lt;anonymous&gt; (/Users/lubna/Documents/local-assos-webstore/node_modules/nightwatch/lib/api/element-commands.js:346:18)
    at HttpRequest.&lt;anonymous&gt; (/Users/lubna/Documents/local-assos-webstore/node_modules/nightwatch/lib/index.js:366:18)
    at emitTwo (events.js:125:13)
    at HttpRequest.emit (events.js:213:7)
    at HttpRequest.&lt;anonymous&gt; (/Users/lubna/Documents/local-assos-webstore/node_modules/nightwatch/lib/index.js:393:15)
    at emitThree (events.js:135:13)
ERROR: Unable to locate element: &quot;.global-views-message:not(#newsletter-message-box) .form-succuss-message p:nth-child(1)&quot; using: css selector
    at F.command (/Users/lubna/Documents/local-assos-webstore/node_modules/nightwatch/lib/api/assertions/containsText.js:46:21)
    at F.module.exports.BaseAssertion._scheduleAssertion (/Users/lubna/Documents/local-assos-webstore/node_modules/nightwatch/lib/core/assertion.js:87:17)
    at F.module.exports.BaseAssertion._reschedule (/Users/lubna/Documents/local-assos-webstore/node_modules/nightwatch/lib/core/assertion.js:121:17)
    at Object.&lt;anonymous&gt; (/Users/lubna/Documents/local-assos-webstore/node_modules/nightwatch/lib/core/assertion.js:100:21)
    at Object.&lt;anonymous&gt; (/Users/lubna/Documents/local-assos-webstore/node_modules/nightwatch/lib/api/element-commands.js:346:18)
    at HttpRequest.&lt;anonymous&gt; (/Users/lubna/Documents/local-assos-webstore/node_modules/nightwatch/lib/index.js:366:18)
    at emitTwo (events.js:125:13)
    at HttpRequest.emit (events.js:213:7)
    at HttpRequest.&lt;anonymous&gt; (/Users/lubna/Documents/local-assos-webstore/node_modules/nightwatch/lib/index.js:393:15)
    at emitThree (events.js:135:13)
ERROR: Unable to locate element: &quot;.global-views-message:not(#newsletter-message-box) .form-succuss-message p:nth-child(1)&quot; using: css selector
    at F.command (/Users/lubna/Documents/local-assos-webstore/node_modules/nightwatch/lib/api/assertions/containsText.js:46:21)
    at F.module.exports.BaseAssertion._scheduleAssertion (/Users/lubna/Documents/local-assos-webstore/node_modules/nightwatch/lib/core/assertion.js:87:17)
    at F.module.exports.BaseAssertion._reschedule (/Users/lubna/Documents/local-assos-webstore/node_modules/nightwatch/lib/core/assertion.js:121:17)
    at Object.&lt;anonymous&gt; (/Users/lubna/Documents/local-assos-webstore/node_modules/nightwatch/lib/core/assertion.js:100:21)
    at Object.&lt;anonymous&gt; (/Users/lubna/Documents/local-assos-webstore/node_modules/nightwatch/lib/api/element-commands.js:346:18)
    at HttpRequest.&lt;anonymous&gt; (/Users/lubna/Documents/local-assos-webstore/node_modules/nightwatch/lib/index.js:366:18)
    at emitTwo (events.js:125:13)
    at HttpRequest.emit (events.js:213:7)
    at HttpRequest.&lt;anonymous&gt; (/Users/lubna/Documents/local-assos-webstore/node_modules/nightwatch/lib/index.js:393:15)
    at emitThree (events.js:135:13)
ERROR: Unable to locate element: &quot;.global-views-message:not(#newsletter-message-box) .form-succuss-message p:nth-child(1)&quot; using: css selector
    at F.command (/Users/lubna/Documents/local-assos-webstore/node_modules/nightwatch/lib/api/assertions/containsText.js:46:21)
    at F.module.exports.BaseAssertion._scheduleAssertion (/Users/lubna/Documents/local-assos-webstore/node_modules/nightwatch/lib/core/assertion.js:87:17)
    at F.module.exports.BaseAssertion._reschedule (/Users/lubna/Documents/local-assos-webstore/node_modules/nightwatch/lib/core/assertion.js:121:17)
    at Object.&lt;anonymous&gt; (/Users/lubna/Documents/local-assos-webstore/node_modules/nightwatch/lib/core/assertion.js:100:21)
    at Object.&lt;anonymous&gt; (/Users/lubna/Documents/local-assos-webstore/node_modules/nightwatch/lib/api/element-commands.js:346:18)
    at HttpRequest.&lt;anonymous&gt; (/Users/lubna/Documents/local-assos-webstore/node_modules/nightwatch/lib/index.js:366:18)
    at emitTwo (events.js:125:13)
    at HttpRequest.emit (events.js:213:7)
    at HttpRequest.&lt;anonymous&gt; (/Users/lubna/Documents/local-assos-webstore/node_modules/nightwatch/lib/index.js:393:15)
    at emitThree (events.js:135:13)
ERROR: Unable to locate element: &quot;.global-views-message:not(#newsletter-message-box) .form-succuss-message p:nth-child(1)&quot; using: css selector
    at F.command (/Users/lubna/Documents/local-assos-webstore/node_modules/nightwatch/lib/api/assertions/containsText.js:46:21)
    at F.module.exports.BaseAssertion._scheduleAssertion (/Users/lubna/Documents/local-assos-webstore/node_modules/nightwatch/lib/core/assertion.js:87:17)
    at F.module.exports.BaseAssertion._reschedule (/Users/lubna/Documents/local-assos-webstore/node_modules/nightwatch/lib/core/assertion.js:121:17)
    at Object.&lt;anonymous&gt; (/Users/lubna/Documents/local-assos-webstore/node_modules/nightwatch/lib/core/assertion.js:100:21)
    at Object.&lt;anonymous&gt; (/Users/lubna/Documents/local-assos-webstore/node_modules/nightwatch/lib/api/element-commands.js:346:18)
    at HttpRequest.&lt;anonymous&gt; (/Users/lubna/Documents/local-assos-webstore/node_modules/nightwatch/lib/index.js:366:18)
    at emitTwo (events.js:125:13)
    at HttpRequest.emit (events.js:213:7)
    at HttpRequest.&lt;anonymous&gt; (/Users/lubna/Documents/local-assos-webstore/node_modules/nightwatch/lib/index.js:393:15)
    at emitThree (events.js:135:13)
ERROR: Unable to locate element: &quot;.global-views-message:not(#newsletter-message-box) .form-succuss-message p:nth-child(1)&quot; using: css selector
    at F.command (/Users/lubna/Documents/local-assos-webstore/node_modules/nightwatch/lib/api/assertions/containsText.js:46:21)
    at F.module.exports.BaseAssertion._scheduleAssertion (/Users/lubna/Documents/local-assos-webstore/node_modules/nightwatch/lib/core/assertion.js:87:17)
    at F.module.exports.BaseAssertion._reschedule (/Users/lubna/Documents/local-assos-webstore/node_modules/nightwatch/lib/core/assertion.js:121:17)
    at Object.&lt;anonymous&gt; (/Users/lubna/Documents/local-assos-webstore/node_modules/nightwatch/lib/core/assertion.js:100:21)
    at Object.&lt;anonymous&gt; (/Users/lubna/Documents/local-assos-webstore/node_modules/nightwatch/lib/api/element-commands.js:346:18)
    at HttpRequest.&lt;anonymous&gt; (/Users/lubna/Documents/local-assos-webstore/node_modules/nightwatch/lib/index.js:366:18)
    at emitTwo (events.js:125:13)
    at HttpRequest.emit (events.js:213:7)
    at HttpRequest.&lt;anonymous&gt; (/Users/lubna/Documents/local-assos-webstore/node_modules/nightwatch/lib/index.js:393:15)
    at emitThree (events.js:135:13)
ERROR: Unable to locate element: &quot;.global-views-message:not(#newsletter-message-box) .form-succuss-message p:nth-child(1)&quot; using: css selector
    at F.command (/Users/lubna/Documents/local-assos-webstore/node_modules/nightwatch/lib/api/assertions/containsText.js:46:21)
    at F.module.exports.BaseAssertion._scheduleAssertion (/Users/lubna/Documents/local-assos-webstore/node_modules/nightwatch/lib/core/assertion.js:87:17)
    at F.module.exports.BaseAssertion._reschedule (/Users/lubna/Documents/local-assos-webstore/node_modules/nightwatch/lib/core/assertion.js:121:17)
    at Object.&lt;anonymous&gt; (/Users/lubna/Documents/local-assos-webstore/node_modules/nightwatch/lib/core/assertion.js:100:21)
    at Object.&lt;anonymous&gt; (/Users/lubna/Documents/local-assos-webstore/node_modules/nightwatch/lib/api/element-commands.js:346:18)
    at HttpRequest.&lt;anonymous&gt; (/Users/lubna/Documents/local-assos-webstore/node_modules/nightwatch/lib/index.js:366:18)
    at emitTwo (events.js:125:13)
    at HttpRequest.emit (events.js:213:7)
    at HttpRequest.&lt;anonymous&gt; (/Users/lubna/Documents/local-assos-webstore/node_modules/nightwatch/lib/index.js:393:15)
    at emitThree (events.js:135:13)
ERROR: Unable to locate element: &quot;.global-views-message:not(#newsletter-message-box) .form-succuss-message p:nth-child(1)&quot; using: css selector
    at F.command (/Users/lubna/Documents/local-assos-webstore/node_modules/nightwatch/lib/api/assertions/containsText.js:46:21)
    at F.module.exports.BaseAssertion._scheduleAssertion (/Users/lubna/Documents/local-assos-webstore/node_modules/nightwatch/lib/core/assertion.js:87:17)
    at F.module.exports.BaseAssertion._reschedule (/Users/lubna/Documents/local-assos-webstore/node_modules/nightwatch/lib/core/assertion.js:121:17)
    at Object.&lt;anonymous&gt; (/Users/lubna/Documents/local-assos-webstore/node_modules/nightwatch/lib/core/assertion.js:100:21)
    at Object.&lt;anonymous&gt; (/Users/lubna/Documents/local-assos-webstore/node_modules/nightwatch/lib/api/element-commands.js:346:18)
    at HttpRequest.&lt;anonymous&gt; (/Users/lubna/Documents/local-assos-webstore/node_modules/nightwatch/lib/index.js:366:18)
    at emitTwo (events.js:125:13)
    at HttpRequest.emit (events.js:213:7)
    at HttpRequest.&lt;anonymous&gt; (/Users/lubna/Documents/local-assos-webstore/node_modules/nightwatch/lib/index.js:393:15)
    at emitThree (events.js:135:13)
ERROR: Unable to locate element: &quot;.global-views-message:not(#newsletter-message-box) .form-succuss-message p:nth-child(1)&quot; using: css selector
    at F.command (/Users/lubna/Documents/local-assos-webstore/node_modules/nightwatch/lib/api/assertions/containsText.js:46:21)
    at F.module.exports.BaseAssertion._scheduleAssertion (/Users/lubna/Documents/local-assos-webstore/node_modules/nightwatch/lib/core/assertion.js:87:17)
    at F.module.exports.BaseAssertion._reschedule (/Users/lubna/Documents/local-assos-webstore/node_modules/nightwatch/lib/core/assertion.js:121:17)
    at Object.&lt;anonymous&gt; (/Users/lubna/Documents/local-assos-webstore/node_modules/nightwatch/lib/core/assertion.js:100:21)
    at Object.&lt;anonymous&gt; (/Users/lubna/Documents/local-assos-webstore/node_modules/nightwatch/lib/api/element-commands.js:346:18)
    at HttpRequest.&lt;anonymous&gt; (/Users/lubna/Documents/local-assos-webstore/node_modules/nightwatch/lib/index.js:366:18)
    at emitTwo (events.js:125:13)
    at HttpRequest.emit (events.js:213:7)
    at HttpRequest.&lt;anonymous&gt; (/Users/lubna/Documents/local-assos-webstore/node_modules/nightwatch/lib/index.js:393:15)
    at emitThree (events.js:135:13)
ERROR: Unable to locate element: &quot;.global-views-message:not(#newsletter-message-box) .form-succuss-message p:nth-child(1)&quot; using: css selector
    at F.command (/Users/lubna/Documents/local-assos-webstore/node_modules/nightwatch/lib/api/assertions/containsText.js:46:21)
    at F.module.exports.BaseAssertion._scheduleAssertion (/Users/lubna/Documents/local-assos-webstore/node_modules/nightwatch/lib/core/assertion.js:87:17)
    at F.module.exports.BaseAssertion._reschedule (/Users/lubna/Documents/local-assos-webstore/node_modules/nightwatch/lib/core/assertion.js:121:17)
    at Object.&lt;anonymous&gt; (/Users/lubna/Documents/local-assos-webstore/node_modules/nightwatch/lib/core/assertion.js:100:21)
    at Object.&lt;anonymous&gt; (/Users/lubna/Documents/local-assos-webstore/node_modules/nightwatch/lib/api/element-commands.js:346:18)
    at HttpRequest.&lt;anonymous&gt; (/Users/lubna/Documents/local-assos-webstore/node_modules/nightwatch/lib/index.js:366:18)
    at emitTwo (events.js:125:13)
    at HttpRequest.emit (events.js:213:7)
    at HttpRequest.&lt;anonymous&gt; (/Users/lubna/Documents/local-assos-webstore/node_modules/nightwatch/lib/index.js:393:15)
    at emitThree (events.js:135:13)
ERROR: Unable to locate element: &quot;.global-views-message:not(#newsletter-message-box) .form-succuss-message p:nth-child(2)&quot; using: css selector
    at F.command (/Users/lubna/Documents/local-assos-webstore/node_modules/nightwatch/lib/api/assertions/containsText.js:46:21)
    at F.module.exports.BaseAssertion._scheduleAssertion (/Users/lubna/Documents/local-assos-webstore/node_modules/nightwatch/lib/core/assertion.js:87:17)
    at F.module.exports.BaseAssertion._executeCommand (/Users/lubna/Documents/local-assos-webstore/node_modules/nightwatch/lib/core/assertion.js:82:17)
    at AssertionInstance.commandFn [as _commandFn] (/Users/lubna/Documents/local-assos-webstore/node_modules/nightwatch/lib/core/assertion.js:180:21)
    at AsyncTree.runCommand (/Users/lubna/Documents/local-assos-webstore/node_modules/nightwatch/lib/core/queue.js:154:30)
    at AsyncTree.runChildNode (/Users/lubna/Documents/local-assos-webstore/node_modules/nightwatch/lib/core/queue.js:114:8)
    at AsyncTree.walkDown (/Users/lubna/Documents/local-assos-webstore/node_modules/nightwatch/lib/core/queue.js:80:10)
    at AsyncTree.walkUp (/Users/lubna/Documents/local-assos-webstore/node_modules/nightwatch/lib/core/queue.js:97:8)
    at AsyncTree.walkDown (/Users/lubna/Documents/local-assos-webstore/node_modules/nightwatch/lib/core/queue.js:90:12)
    at AsyncTree.walkUp (/Users/lubna/Documents/local-assos-webstore/node_modules/nightwatch/lib/core/queue.js:97:8)
ERROR: Unable to locate element: &quot;.global-views-message:not(#newsletter-message-box) .form-succuss-message p:nth-child(2)&quot; using: css selector
    at F.command (/Users/lubna/Documents/local-assos-webstore/node_modules/nightwatch/lib/api/assertions/containsText.js:46:21)
    at F.module.exports.BaseAssertion._scheduleAssertion (/Users/lubna/Documents/local-assos-webstore/node_modules/nightwatch/lib/core/assertion.js:87:17)
    at F.module.exports.BaseAssertion._reschedule (/Users/lubna/Documents/local-assos-webstore/node_modules/nightwatch/lib/core/assertion.js:121:17)
    at Object.&lt;anonymous&gt; (/Users/lubna/Documents/local-assos-webstore/node_modules/nightwatch/lib/core/assertion.js:100:21)
    at Object.&lt;anonymous&gt; (/Users/lubna/Documents/local-assos-webstore/node_modules/nightwatch/lib/api/element-commands.js:346:18)
    at HttpRequest.&lt;anonymous&gt; (/Users/lubna/Documents/local-assos-webstore/node_modules/nightwatch/lib/index.js:366:18)
    at emitTwo (events.js:125:13)
    at HttpRequest.emit (events.js:213:7)
    at HttpRequest.&lt;anonymous&gt; (/Users/lubna/Documents/local-assos-webstore/node_modules/nightwatch/lib/index.js:393:15)
    at emitThree (events.js:135:13)
ERROR: Unable to locate element: &quot;.global-views-message:not(#newsletter-message-box) .form-succuss-message p:nth-child(2)&quot; using: css selector
    at F.command (/Users/lubna/Documents/local-assos-webstore/node_modules/nightwatch/lib/api/assertions/containsText.js:46:21)
    at F.module.exports.BaseAssertion._scheduleAssertion (/Users/lubna/Documents/local-assos-webstore/node_modules/nightwatch/lib/core/assertion.js:87:17)
    at F.module.exports.BaseAssertion._reschedule (/Users/lubna/Documents/local-assos-webstore/node_modules/nightwatch/lib/core/assertion.js:121:17)
    at Object.&lt;anonymous&gt; (/Users/lubna/Documents/local-assos-webstore/node_modules/nightwatch/lib/core/assertion.js:100:21)
    at Object.&lt;anonymous&gt; (/Users/lubna/Documents/local-assos-webstore/node_modules/nightwatch/lib/api/element-commands.js:346:18)
    at HttpRequest.&lt;anonymous&gt; (/Users/lubna/Documents/local-assos-webstore/node_modules/nightwatch/lib/index.js:366:18)
    at emitTwo (events.js:125:13)
    at HttpRequest.emit (events.js:213:7)
    at HttpRequest.&lt;anonymous&gt; (/Users/lubna/Documents/local-assos-webstore/node_modules/nightwatch/lib/index.js:393:15)
    at emitThree (events.js:135:13)
ERROR: Unable to locate element: &quot;.global-views-message:not(#newsletter-message-box) .form-succuss-message p:nth-child(2)&quot; using: css selector
    at F.command (/Users/lubna/Documents/local-assos-webstore/node_modules/nightwatch/lib/api/assertions/containsText.js:46:21)
    at F.module.exports.BaseAssertion._scheduleAssertion (/Users/lubna/Documents/local-assos-webstore/node_modules/nightwatch/lib/core/assertion.js:87:17)
    at F.module.exports.BaseAssertion._reschedule (/Users/lubna/Documents/local-assos-webstore/node_modules/nightwatch/lib/core/assertion.js:121:17)
    at Object.&lt;anonymous&gt; (/Users/lubna/Documents/local-assos-webstore/node_modules/nightwatch/lib/core/assertion.js:100:21)
    at Object.&lt;anonymous&gt; (/Users/lubna/Documents/local-assos-webstore/node_modules/nightwatch/lib/api/element-commands.js:346:18)
    at HttpRequest.&lt;anonymous&gt; (/Users/lubna/Documents/local-assos-webstore/node_modules/nightwatch/lib/index.js:366:18)
    at emitTwo (events.js:125:13)
    at HttpRequest.emit (events.js:213:7)
    at HttpRequest.&lt;anonymous&gt; (/Users/lubna/Documents/local-assos-webstore/node_modules/nightwatch/lib/index.js:393:15)
    at emitThree (events.js:135:13)
ERROR: Unable to locate element: &quot;.global-views-message:not(#newsletter-message-box) .form-succuss-message p:nth-child(2)&quot; using: css selector
    at F.command (/Users/lubna/Documents/local-assos-webstore/node_modules/nightwatch/lib/api/assertions/containsText.js:46:21)
    at F.module.exports.BaseAssertion._scheduleAssertion (/Users/lubna/Documents/local-assos-webstore/node_modules/nightwatch/lib/core/assertion.js:87:17)
    at F.module.exports.BaseAssertion._reschedule (/Users/lubna/Documents/local-assos-webstore/node_modules/nightwatch/lib/core/assertion.js:121:17)
    at Object.&lt;anonymous&gt; (/Users/lubna/Documents/local-assos-webstore/node_modules/nightwatch/lib/core/assertion.js:100:21)
    at Object.&lt;anonymous&gt; (/Users/lubna/Documents/local-assos-webstore/node_modules/nightwatch/lib/api/element-commands.js:346:18)
    at HttpRequest.&lt;anonymous&gt; (/Users/lubna/Documents/local-assos-webstore/node_modules/nightwatch/lib/index.js:366:18)
    at emitTwo (events.js:125:13)
    at HttpRequest.emit (events.js:213:7)
    at HttpRequest.&lt;anonymous&gt; (/Users/lubna/Documents/local-assos-webstore/node_modules/nightwatch/lib/index.js:393:15)
    at emitThree (events.js:135:13)
ERROR: Unable to locate element: &quot;.global-views-message:not(#newsletter-message-box) .form-succuss-message p:nth-child(2)&quot; using: css selector
    at F.command (/Users/lubna/Documents/local-assos-webstore/node_modules/nightwatch/lib/api/assertions/containsText.js:46:21)
    at F.module.exports.BaseAssertion._scheduleAssertion (/Users/lubna/Documents/local-assos-webstore/node_modules/nightwatch/lib/core/assertion.js:87:17)
    at F.module.exports.BaseAssertion._reschedule (/Users/lubna/Documents/local-assos-webstore/node_modules/nightwatch/lib/core/assertion.js:121:17)
    at Object.&lt;anonymous&gt; (/Users/lubna/Documents/local-assos-webstore/node_modules/nightwatch/lib/core/assertion.js:100:21)
    at Object.&lt;anonymous&gt; (/Users/lubna/Documents/local-assos-webstore/node_modules/nightwatch/lib/api/element-commands.js:346:18)
    at HttpRequest.&lt;anonymous&gt; (/Users/lubna/Documents/local-assos-webstore/node_modules/nightwatch/lib/index.js:366:18)
    at emitTwo (events.js:125:13)
    at HttpRequest.emit (events.js:213:7)
    at HttpRequest.&lt;anonymous&gt; (/Users/lubna/Documents/local-assos-webstore/node_modules/nightwatch/lib/index.js:393:15)
    at emitThree (events.js:135:13)
ERROR: Unable to locate element: &quot;.global-views-message:not(#newsletter-message-box) .form-succuss-message p:nth-child(2)&quot; using: css selector
    at F.command (/Users/lubna/Documents/local-assos-webstore/node_modules/nightwatch/lib/api/assertions/containsText.js:46:21)
    at F.module.exports.BaseAssertion._scheduleAssertion (/Users/lubna/Documents/local-assos-webstore/node_modules/nightwatch/lib/core/assertion.js:87:17)
    at F.module.exports.BaseAssertion._reschedule (/Users/lubna/Documents/local-assos-webstore/node_modules/nightwatch/lib/core/assertion.js:121:17)
    at Object.&lt;anonymous&gt; (/Users/lubna/Documents/local-assos-webstore/node_modules/nightwatch/lib/core/assertion.js:100:21)
    at Object.&lt;anonymous&gt; (/Users/lubna/Documents/local-assos-webstore/node_modules/nightwatch/lib/api/element-commands.js:346:18)
    at HttpRequest.&lt;anonymous&gt; (/Users/lubna/Documents/local-assos-webstore/node_modules/nightwatch/lib/index.js:366:18)
    at emitTwo (events.js:125:13)
    at HttpRequest.emit (events.js:213:7)
    at HttpRequest.&lt;anonymous&gt; (/Users/lubna/Documents/local-assos-webstore/node_modules/nightwatch/lib/index.js:393:15)
    at emitThree (events.js:135:13)
ERROR: Unable to locate element: &quot;.global-views-message:not(#newsletter-message-box) .form-succuss-message p:nth-child(2)&quot; using: css selector
    at F.command (/Users/lubna/Documents/local-assos-webstore/node_modules/nightwatch/lib/api/assertions/containsText.js:46:21)
    at F.module.exports.BaseAssertion._scheduleAssertion (/Users/lubna/Documents/local-assos-webstore/node_modules/nightwatch/lib/core/assertion.js:87:17)
    at F.module.exports.BaseAssertion._reschedule (/Users/lubna/Documents/local-assos-webstore/node_modules/nightwatch/lib/core/assertion.js:121:17)
    at Object.&lt;anonymous&gt; (/Users/lubna/Documents/local-assos-webstore/node_modules/nightwatch/lib/core/assertion.js:100:21)
    at Object.&lt;anonymous&gt; (/Users/lubna/Documents/local-assos-webstore/node_modules/nightwatch/lib/api/element-commands.js:346:18)
    at HttpRequest.&lt;anonymous&gt; (/Users/lubna/Documents/local-assos-webstore/node_modules/nightwatch/lib/index.js:366:18)
    at emitTwo (events.js:125:13)
    at HttpRequest.emit (events.js:213:7)
    at HttpRequest.&lt;anonymous&gt; (/Users/lubna/Documents/local-assos-webstore/node_modules/nightwatch/lib/index.js:393:15)
    at emitThree (events.js:135:13)
ERROR: Unable to locate element: &quot;.global-views-message:not(#newsletter-message-box) .form-succuss-message p:nth-child(2)&quot; using: css selector
    at F.command (/Users/lubna/Documents/local-assos-webstore/node_modules/nightwatch/lib/api/assertions/containsText.js:46:21)
    at F.module.exports.BaseAssertion._scheduleAssertion (/Users/lubna/Documents/local-assos-webstore/node_modules/nightwatch/lib/core/assertion.js:87:17)
    at F.module.exports.BaseAssertion._reschedule (/Users/lubna/Documents/local-assos-webstore/node_modules/nightwatch/lib/core/assertion.js:121:17)
    at Object.&lt;anonymous&gt; (/Users/lubna/Documents/local-assos-webstore/node_modules/nightwatch/lib/core/assertion.js:100:21)
    at Object.&lt;anonymous&gt; (/Users/lubna/Documents/local-assos-webstore/node_modules/nightwatch/lib/api/element-commands.js:346:18)
    at HttpRequest.&lt;anonymous&gt; (/Users/lubna/Documents/local-assos-webstore/node_modules/nightwatch/lib/index.js:366:18)
    at emitTwo (events.js:125:13)
    at HttpRequest.emit (events.js:213:7)
    at HttpRequest.&lt;anonymous&gt; (/Users/lubna/Documents/local-assos-webstore/node_modules/nightwatch/lib/index.js:393:15)
    at emitThree (events.js:135:13)
ERROR: Unable to locate element: &quot;.global-views-message:not(#newsletter-message-box) .form-succuss-message p:nth-child(2)&quot; using: css selector
    at F.command (/Users/lubna/Documents/local-assos-webstore/node_modules/nightwatch/lib/api/assertions/containsText.js:46:21)
    at F.module.exports.BaseAssertion._scheduleAssertion (/Users/lubna/Documents/local-assos-webstore/node_modules/nightwatch/lib/core/assertion.js:87:17)
    at F.module.exports.BaseAssertion._reschedule (/Users/lubna/Documents/local-assos-webstore/node_modules/nightwatch/lib/core/assertion.js:121:17)
    at Object.&lt;anonymous&gt; (/Users/lubna/Documents/local-assos-webstore/node_modules/nightwatch/lib/core/assertion.js:100:21)
    at Object.&lt;anonymous&gt; (/Users/lubna/Documents/local-assos-webstore/node_modules/nightwatch/lib/api/element-commands.js:346:18)
    at HttpRequest.&lt;anonymous&gt; (/Users/lubna/Documents/local-assos-webstore/node_modules/nightwatch/lib/index.js:366:18)
    at emitTwo (events.js:125:13)
    at HttpRequest.emit (events.js:213:7)
    at HttpRequest.&lt;anonymous&gt; (/Users/lubna/Documents/local-assos-webstore/node_modules/nightwatch/lib/index.js:393:15)
    at emitThree (events.js:135:13)
ERROR: Unable to locate element: &quot;.global-views-message:not(#newsletter-message-box) .form-succuss-message p:nth-child(2)&quot; using: css selector
    at F.command (/Users/lubna/Documents/local-assos-webstore/node_modules/nightwatch/lib/api/assertions/containsText.js:46:21)
    at F.module.exports.BaseAssertion._scheduleAssertion (/Users/lubna/Documents/local-assos-webstore/node_modules/nightwatch/lib/core/assertion.js:87:17)
    at F.module.exports.BaseAssertion._reschedule (/Users/lubna/Documents/local-assos-webstore/node_modules/nightwatch/lib/core/assertion.js:121:17)
    at Object.&lt;anonymous&gt; (/Users/lubna/Documents/local-assos-webstore/node_modules/nightwatch/lib/core/assertion.js:100:21)
    at Object.&lt;anonymous&gt; (/Users/lubna/Documents/local-assos-webstore/node_modules/nightwatch/lib/api/element-commands.js:346:18)
    at HttpRequest.&lt;anonymous&gt; (/Users/lubna/Documents/local-assos-webstore/node_modules/nightwatch/lib/index.js:366:18)
    at emitTwo (events.js:125:13)
    at HttpRequest.emit (events.js:213:7)
    at HttpRequest.&lt;anonymous&gt; (/Users/lubna/Documents/local-assos-webstore/node_modules/nightwatch/lib/index.js:393:15)
    at emitThree (events.js:135:13)
ERROR: Unable to locate element: &quot;.global-views-message:not(#newsletter-message-box) .form-succuss-message p:nth-child(2)&quot; using: css selector
    at F.command (/Users/lubna/Documents/local-assos-webstore/node_modules/nightwatch/lib/api/assertions/containsText.js:46:21)
    at F.module.exports.BaseAssertion._scheduleAssertion (/Users/lubna/Documents/local-assos-webstore/node_modules/nightwatch/lib/core/assertion.js:87:17)
    at F.module.exports.BaseAssertion._reschedule (/Users/lubna/Documents/local-assos-webstore/node_modules/nightwatch/lib/core/assertion.js:121:17)
    at Object.&lt;anonymous&gt; (/Users/lubna/Documents/local-assos-webstore/node_modules/nightwatch/lib/core/assertion.js:100:21)
    at Object.&lt;anonymous&gt; (/Users/lubna/Documents/local-assos-webstore/node_modules/nightwatch/lib/api/element-commands.js:346:18)
    at HttpRequest.&lt;anonymous&gt; (/Users/lubna/Documents/local-assos-webstore/node_modules/nightwatch/lib/index.js:366:18)
    at emitTwo (events.js:125:13)
    at HttpRequest.emit (events.js:213:7)
    at HttpRequest.&lt;anonymous&gt; (/Users/lubna/Documents/local-assos-webstore/node_modules/nightwatch/lib/index.js:393:15)
    at emitThree (events.js:135:13)
ERROR: Unable to locate element: &quot;.global-views-message:not(#newsletter-message-box) .form-succuss-message p:nth-child(2)&quot; using: css selector
    at F.command (/Users/lubna/Documents/local-assos-webstore/node_modules/nightwatch/lib/api/assertions/containsText.js:46:21)
    at F.module.exports.BaseAssertion._scheduleAssertion (/Users/lubna/Documents/local-assos-webstore/node_modules/nightwatch/lib/core/assertion.js:87:17)
    at F.module.exports.BaseAssertion._reschedule (/Users/lubna/Documents/local-assos-webstore/node_modules/nightwatch/lib/core/assertion.js:121:17)
    at Object.&lt;anonymous&gt; (/Users/lubna/Documents/local-assos-webstore/node_modules/nightwatch/lib/core/assertion.js:100:21)
    at Object.&lt;anonymous&gt; (/Users/lubna/Documents/local-assos-webstore/node_modules/nightwatch/lib/api/element-commands.js:346:18)
    at HttpRequest.&lt;anonymous&gt; (/Users/lubna/Documents/local-assos-webstore/node_modules/nightwatch/lib/index.js:366:18)
    at emitTwo (events.js:125:13)
    at HttpRequest.emit (events.js:213:7)
    at HttpRequest.&lt;anonymous&gt; (/Users/lubna/Documents/local-assos-webstore/node_modules/nightwatch/lib/index.js:393:15)
    at emitThree (events.js:135:13)
ERROR: Unable to locate element: &quot;.global-views-message:not(#newsletter-message-box) .form-succuss-message p:nth-child(2)&quot; using: css selector
    at F.command (/Users/lubna/Documents/local-assos-webstore/node_modules/nightwatch/lib/api/assertions/containsText.js:46:21)
    at F.module.exports.BaseAssertion._scheduleAssertion (/Users/lubna/Documents/local-assos-webstore/node_modules/nightwatch/lib/core/assertion.js:87:17)
    at F.module.exports.BaseAssertion._reschedule (/Users/lubna/Documents/local-assos-webstore/node_modules/nightwatch/lib/core/assertion.js:121:17)
    at Object.&lt;anonymous&gt; (/Users/lubna/Documents/local-assos-webstore/node_modules/nightwatch/lib/core/assertion.js:100:21)
    at Object.&lt;anonymous&gt; (/Users/lubna/Documents/local-assos-webstore/node_modules/nightwatch/lib/api/element-commands.js:346:18)
    at HttpRequest.&lt;anonymous&gt; (/Users/lubna/Documents/local-assos-webstore/node_modules/nightwatch/lib/index.js:366:18)
    at emitTwo (events.js:125:13)
    at HttpRequest.emit (events.js:213:7)
    at HttpRequest.&lt;anonymous&gt; (/Users/lubna/Documents/local-assos-webstore/node_modules/nightwatch/lib/index.js:393:15)
    at emitThree (events.js:135:13)
ERROR: Unable to locate element: &quot;.global-views-message:not(#newsletter-message-box) .form-succuss-message p:nth-child(2)&quot; using: css selector
    at F.command (/Users/lubna/Documents/local-assos-webstore/node_modules/nightwatch/lib/api/assertions/containsText.js:46:21)
    at F.module.exports.BaseAssertion._scheduleAssertion (/Users/lubna/Documents/local-assos-webstore/node_modules/nightwatch/lib/core/assertion.js:87:17)
    at F.module.exports.BaseAssertion._reschedule (/Users/lubna/Documents/local-assos-webstore/node_modules/nightwatch/lib/core/assertion.js:121:17)
    at Object.&lt;anonymous&gt; (/Users/lubna/Documents/local-assos-webstore/node_modules/nightwatch/lib/core/assertion.js:100:21)
    at Object.&lt;anonymous&gt; (/Users/lubna/Documents/local-assos-webstore/node_modules/nightwatch/lib/api/element-commands.js:346:18)
    at HttpRequest.&lt;anonymous&gt; (/Users/lubna/Documents/local-assos-webstore/node_modules/nightwatch/lib/index.js:366:18)
    at emitTwo (events.js:125:13)
    at HttpRequest.emit (events.js:213:7)
    at HttpRequest.&lt;anonymous&gt; (/Users/lubna/Documents/local-assos-webstore/node_modules/nightwatch/lib/index.js:393:15)
    at emitThree (events.js:135:13)
ERROR: Unable to locate element: &quot;.global-views-message:not(#newsletter-message-box) .form-succuss-message p:nth-child(2)&quot; using: css selector
    at F.command (/Users/lubna/Documents/local-assos-webstore/node_modules/nightwatch/lib/api/assertions/containsText.js:46:21)
    at F.module.exports.BaseAssertion._scheduleAssertion (/Users/lubna/Documents/local-assos-webstore/node_modules/nightwatch/lib/core/assertion.js:87:17)
    at F.module.exports.BaseAssertion._reschedule (/Users/lubna/Documents/local-assos-webstore/node_modules/nightwatch/lib/core/assertion.js:121:17)
    at Object.&lt;anonymous&gt; (/Users/lubna/Documents/local-assos-webstore/node_modules/nightwatch/lib/core/assertion.js:100:21)
    at Object.&lt;anonymous&gt; (/Users/lubna/Documents/local-assos-webstore/node_modules/nightwatch/lib/api/element-commands.js:346:18)
    at HttpRequest.&lt;anonymous&gt; (/Users/lubna/Documents/local-assos-webstore/node_modules/nightwatch/lib/index.js:366:18)
    at emitTwo (events.js:125:13)
    at HttpRequest.emit (events.js:213:7)
    at HttpRequest.&lt;anonymous&gt; (/Users/lubna/Documents/local-assos-webstore/node_modules/nightwatch/lib/index.js:393:15)
    at emitThree (events.js:135:13)
ERROR: Unable to locate element: &quot;.global-views-message:not(#newsletter-message-box) .form-succuss-message p:nth-child(3)&quot; using: css selector
    at F.command (/Users/lubna/Documents/local-assos-webstore/node_modules/nightwatch/lib/api/assertions/containsText.js:46:21)
    at F.module.exports.BaseAssertion._scheduleAssertion (/Users/lubna/Documents/local-assos-webstore/node_modules/nightwatch/lib/core/assertion.js:87:17)
    at F.module.exports.BaseAssertion._executeCommand (/Users/lubna/Documents/local-assos-webstore/node_modules/nightwatch/lib/core/assertion.js:82:17)
    at AssertionInstance.commandFn [as _commandFn] (/Users/lubna/Documents/local-assos-webstore/node_modules/nightwatch/lib/core/assertion.js:180:21)
    at AsyncTree.runCommand (/Users/lubna/Documents/local-assos-webstore/node_modules/nightwatch/lib/core/queue.js:154:30)
    at AsyncTree.runChildNode (/Users/lubna/Documents/local-assos-webstore/node_modules/nightwatch/lib/core/queue.js:114:8)
    at AsyncTree.walkDown (/Users/lubna/Documents/local-assos-webstore/node_modules/nightwatch/lib/core/queue.js:80:10)
    at AsyncTree.walkUp (/Users/lubna/Documents/local-assos-webstore/node_modules/nightwatch/lib/core/queue.js:97:8)
    at AsyncTree.walkDown (/Users/lubna/Documents/local-assos-webstore/node_modules/nightwatch/lib/core/queue.js:90:12)
    at AsyncTree.walkUp (/Users/lubna/Documents/local-assos-webstore/node_modules/nightwatch/lib/core/queue.js:97:8)
ERROR: Unable to locate element: &quot;.global-views-message:not(#newsletter-message-box) .form-succuss-message p:nth-child(3)&quot; using: css selector
    at F.command (/Users/lubna/Documents/local-assos-webstore/node_modules/nightwatch/lib/api/assertions/containsText.js:46:21)
    at F.module.exports.BaseAssertion._scheduleAssertion (/Users/lubna/Documents/local-assos-webstore/node_modules/nightwatch/lib/core/assertion.js:87:17)
    at F.module.exports.BaseAssertion._reschedule (/Users/lubna/Documents/local-assos-webstore/node_modules/nightwatch/lib/core/assertion.js:121:17)
    at Object.&lt;anonymous&gt; (/Users/lubna/Documents/local-assos-webstore/node_modules/nightwatch/lib/core/assertion.js:100:21)
    at Object.&lt;anonymous&gt; (/Users/lubna/Documents/local-assos-webstore/node_modules/nightwatch/lib/api/element-commands.js:346:18)
    at HttpRequest.&lt;anonymous&gt; (/Users/lubna/Documents/local-assos-webstore/node_modules/nightwatch/lib/index.js:366:18)
    at emitTwo (events.js:125:13)
    at HttpRequest.emit (events.js:213:7)
    at HttpRequest.&lt;anonymous&gt; (/Users/lubna/Documents/local-assos-webstore/node_modules/nightwatch/lib/index.js:393:15)
    at emitThree (events.js:135:13)
ERROR: Unable to locate element: &quot;.global-views-message:not(#newsletter-message-box) .form-succuss-message p:nth-child(3)&quot; using: css selector
    at F.command (/Users/lubna/Documents/local-assos-webstore/node_modules/nightwatch/lib/api/assertions/containsText.js:46:21)
    at F.module.exports.BaseAssertion._scheduleAssertion (/Users/lubna/Documents/local-assos-webstore/node_modules/nightwatch/lib/core/assertion.js:87:17)
    at F.module.exports.BaseAssertion._reschedule (/Users/lubna/Documents/local-assos-webstore/node_modules/nightwatch/lib/core/assertion.js:121:17)
    at Object.&lt;anonymous&gt; (/Users/lubna/Documents/local-assos-webstore/node_modules/nightwatch/lib/core/assertion.js:100:21)
    at Object.&lt;anonymous&gt; (/Users/lubna/Documents/local-assos-webstore/node_modules/nightwatch/lib/api/element-commands.js:346:18)
    at HttpRequest.&lt;anonymous&gt; (/Users/lubna/Documents/local-assos-webstore/node_modules/nightwatch/lib/index.js:366:18)
    at emitTwo (events.js:125:13)
    at HttpRequest.emit (events.js:213:7)
    at HttpRequest.&lt;anonymous&gt; (/Users/lubna/Documents/local-assos-webstore/node_modules/nightwatch/lib/index.js:393:15)
    at emitThree (events.js:135:13)
ERROR: Unable to locate element: &quot;.global-views-message:not(#newsletter-message-box) .form-succuss-message p:nth-child(3)&quot; using: css selector
    at F.command (/Users/lubna/Documents/local-assos-webstore/node_modules/nightwatch/lib/api/assertions/containsText.js:46:21)
    at F.module.exports.BaseAssertion._scheduleAssertion (/Users/lubna/Documents/local-assos-webstore/node_modules/nightwatch/lib/core/assertion.js:87:17)
    at F.module.exports.BaseAssertion._reschedule (/Users/lubna/Documents/local-assos-webstore/node_modules/nightwatch/lib/core/assertion.js:121:17)
    at Object.&lt;anonymous&gt; (/Users/lubna/Documents/local-assos-webstore/node_modules/nightwatch/lib/core/assertion.js:100:21)
    at Object.&lt;anonymous&gt; (/Users/lubna/Documents/local-assos-webstore/node_modules/nightwatch/lib/api/element-commands.js:346:18)
    at HttpRequest.&lt;anonymous&gt; (/Users/lubna/Documents/local-assos-webstore/node_modules/nightwatch/lib/index.js:366:18)
    at emitTwo (events.js:125:13)
    at HttpRequest.emit (events.js:213:7)
    at HttpRequest.&lt;anonymous&gt; (/Users/lubna/Documents/local-assos-webstore/node_modules/nightwatch/lib/index.js:393:15)
    at emitThree (events.js:135:13)
ERROR: Unable to locate element: &quot;.global-views-message:not(#newsletter-message-box) .form-succuss-message p:nth-child(3)&quot; using: css selector
    at F.command (/Users/lubna/Documents/local-assos-webstore/node_modules/nightwatch/lib/api/assertions/containsText.js:46:21)
    at F.module.exports.BaseAssertion._scheduleAssertion (/Users/lubna/Documents/local-assos-webstore/node_modules/nightwatch/lib/core/assertion.js:87:17)
    at F.module.exports.BaseAssertion._reschedule (/Users/lubna/Documents/local-assos-webstore/node_modules/nightwatch/lib/core/assertion.js:121:17)
    at Object.&lt;anonymous&gt; (/Users/lubna/Documents/local-assos-webstore/node_modules/nightwatch/lib/core/assertion.js:100:21)
    at Object.&lt;anonymous&gt; (/Users/lubna/Documents/local-assos-webstore/node_modules/nightwatch/lib/api/element-commands.js:346:18)
    at HttpRequest.&lt;anonymous&gt; (/Users/lubna/Documents/local-assos-webstore/node_modules/nightwatch/lib/index.js:366:18)
    at emitTwo (events.js:125:13)
    at HttpRequest.emit (events.js:213:7)
    at HttpRequest.&lt;anonymous&gt; (/Users/lubna/Documents/local-assos-webstore/node_modules/nightwatch/lib/index.js:393:15)
    at emitThree (events.js:135:13)
ERROR: Unable to locate element: &quot;.global-views-message:not(#newsletter-message-box) .form-succuss-message p:nth-child(3)&quot; using: css selector
    at F.command (/Users/lubna/Documents/local-assos-webstore/node_modules/nightwatch/lib/api/assertions/containsText.js:46:21)
    at F.module.exports.BaseAssertion._scheduleAssertion (/Users/lubna/Documents/local-assos-webstore/node_modules/nightwatch/lib/core/assertion.js:87:17)
    at F.module.exports.BaseAssertion._reschedule (/Users/lubna/Documents/local-assos-webstore/node_modules/nightwatch/lib/core/assertion.js:121:17)
    at Object.&lt;anonymous&gt; (/Users/lubna/Documents/local-assos-webstore/node_modules/nightwatch/lib/core/assertion.js:100:21)
    at Object.&lt;anonymous&gt; (/Users/lubna/Documents/local-assos-webstore/node_modules/nightwatch/lib/api/element-commands.js:346:18)
    at HttpRequest.&lt;anonymous&gt; (/Users/lubna/Documents/local-assos-webstore/node_modules/nightwatch/lib/index.js:366:18)
    at emitTwo (events.js:125:13)
    at HttpRequest.emit (events.js:213:7)
    at HttpRequest.&lt;anonymous&gt; (/Users/lubna/Documents/local-assos-webstore/node_modules/nightwatch/lib/index.js:393:15)
    at emitThree (events.js:135:13)
ERROR: Unable to locate element: &quot;.global-views-message:not(#newsletter-message-box) .form-succuss-message p:nth-child(3)&quot; using: css selector
    at F.command (/Users/lubna/Documents/local-assos-webstore/node_modules/nightwatch/lib/api/assertions/containsText.js:46:21)
    at F.module.exports.BaseAssertion._scheduleAssertion (/Users/lubna/Documents/local-assos-webstore/node_modules/nightwatch/lib/core/assertion.js:87:17)
    at F.module.exports.BaseAssertion._reschedule (/Users/lubna/Documents/local-assos-webstore/node_modules/nightwatch/lib/core/assertion.js:121:17)
    at Object.&lt;anonymous&gt; (/Users/lubna/Documents/local-assos-webstore/node_modules/nightwatch/lib/core/assertion.js:100:21)
    at Object.&lt;anonymous&gt; (/Users/lubna/Documents/local-assos-webstore/node_modules/nightwatch/lib/api/element-commands.js:346:18)
    at HttpRequest.&lt;anonymous&gt; (/Users/lubna/Documents/local-assos-webstore/node_modules/nightwatch/lib/index.js:366:18)
    at emitTwo (events.js:125:13)
    at HttpRequest.emit (events.js:213:7)
    at HttpRequest.&lt;anonymous&gt; (/Users/lubna/Documents/local-assos-webstore/node_modules/nightwatch/lib/index.js:393:15)
    at emitThree (events.js:135:13)
ERROR: Unable to locate element: &quot;.global-views-message:not(#newsletter-message-box) .form-succuss-message p:nth-child(3)&quot; using: css selector
    at F.command (/Users/lubna/Documents/local-assos-webstore/node_modules/nightwatch/lib/api/assertions/containsText.js:46:21)
    at F.module.exports.BaseAssertion._scheduleAssertion (/Users/lubna/Documents/local-assos-webstore/node_modules/nightwatch/lib/core/assertion.js:87:17)
    at F.module.exports.BaseAssertion._reschedule (/Users/lubna/Documents/local-assos-webstore/node_modules/nightwatch/lib/core/assertion.js:121:17)
    at Object.&lt;anonymous&gt; (/Users/lubna/Documents/local-assos-webstore/node_modules/nightwatch/lib/core/assertion.js:100:21)
    at Object.&lt;anonymous&gt; (/Users/lubna/Documents/local-assos-webstore/node_modules/nightwatch/lib/api/element-commands.js:346:18)
    at HttpRequest.&lt;anonymous&gt; (/Users/lubna/Documents/local-assos-webstore/node_modules/nightwatch/lib/index.js:366:18)
    at emitTwo (events.js:125:13)
    at HttpRequest.emit (events.js:213:7)
    at HttpRequest.&lt;anonymous&gt; (/Users/lubna/Documents/local-assos-webstore/node_modules/nightwatch/lib/index.js:393:15)
    at emitThree (events.js:135:13)
ERROR: Unable to locate element: &quot;.global-views-message:not(#newsletter-message-box) .form-succuss-message p:nth-child(3)&quot; using: css selector
    at F.command (/Users/lubna/Documents/local-assos-webstore/node_modules/nightwatch/lib/api/assertions/containsText.js:46:21)
    at F.module.exports.BaseAssertion._scheduleAssertion (/Users/lubna/Documents/local-assos-webstore/node_modules/nightwatch/lib/core/assertion.js:87:17)
    at F.module.exports.BaseAssertion._reschedule (/Users/lubna/Documents/local-assos-webstore/node_modules/nightwatch/lib/core/assertion.js:121:17)
    at Object.&lt;anonymous&gt; (/Users/lubna/Documents/local-assos-webstore/node_modules/nightwatch/lib/core/assertion.js:100:21)
    at Object.&lt;anonymous&gt; (/Users/lubna/Documents/local-assos-webstore/node_modules/nightwatch/lib/api/element-commands.js:346:18)
    at HttpRequest.&lt;anonymous&gt; (/Users/lubna/Documents/local-assos-webstore/node_modules/nightwatch/lib/index.js:366:18)
    at emitTwo (events.js:125:13)
    at HttpRequest.emit (events.js:213:7)
    at HttpRequest.&lt;anonymous&gt; (/Users/lubna/Documents/local-assos-webstore/node_modules/nightwatch/lib/index.js:393:15)
    at emitThree (events.js:135:13)
ERROR: Unable to locate element: &quot;.global-views-message:not(#newsletter-message-box) .form-succuss-message p:nth-child(3)&quot; using: css selector
    at F.command (/Users/lubna/Documents/local-assos-webstore/node_modules/nightwatch/lib/api/assertions/containsText.js:46:21)
    at F.module.exports.BaseAssertion._scheduleAssertion (/Users/lubna/Documents/local-assos-webstore/node_modules/nightwatch/lib/core/assertion.js:87:17)
    at F.module.exports.BaseAssertion._reschedule (/Users/lubna/Documents/local-assos-webstore/node_modules/nightwatch/lib/core/assertion.js:121:17)
    at Object.&lt;anonymous&gt; (/Users/lubna/Documents/local-assos-webstore/node_modules/nightwatch/lib/core/assertion.js:100:21)
    at Object.&lt;anonymous&gt; (/Users/lubna/Documents/local-assos-webstore/node_modules/nightwatch/lib/api/element-commands.js:346:18)
    at HttpRequest.&lt;anonymous&gt; (/Users/lubna/Documents/local-assos-webstore/node_modules/nightwatch/lib/index.js:366:18)
    at emitTwo (events.js:125:13)
    at HttpRequest.emit (events.js:213:7)
    at HttpRequest.&lt;anonymous&gt; (/Users/lubna/Documents/local-assos-webstore/node_modules/nightwatch/lib/index.js:393:15)
    at emitThree (events.js:135:13)
ERROR: Unable to locate element: &quot;.global-views-message:not(#newsletter-message-box) .form-succuss-message p:nth-child(3)&quot; using: css selector
    at F.command (/Users/lubna/Documents/local-assos-webstore/node_modules/nightwatch/lib/api/assertions/containsText.js:46:21)
    at F.module.exports.BaseAssertion._scheduleAssertion (/Users/lubna/Documents/local-assos-webstore/node_modules/nightwatch/lib/core/assertion.js:87:17)
    at F.module.exports.BaseAssertion._reschedule (/Users/lubna/Documents/local-assos-webstore/node_modules/nightwatch/lib/core/assertion.js:121:17)
    at Object.&lt;anonymous&gt; (/Users/lubna/Documents/local-assos-webstore/node_modules/nightwatch/lib/core/assertion.js:100:21)
    at Object.&lt;anonymous&gt; (/Users/lubna/Documents/local-assos-webstore/node_modules/nightwatch/lib/api/element-commands.js:346:18)
    at HttpRequest.&lt;anonymous&gt; (/Users/lubna/Documents/local-assos-webstore/node_modules/nightwatch/lib/index.js:366:18)
    at emitTwo (events.js:125:13)
    at HttpRequest.emit (events.js:213:7)
    at HttpRequest.&lt;anonymous&gt; (/Users/lubna/Documents/local-assos-webstore/node_modules/nightwatch/lib/index.js:393:15)
    at emitThree (events.js:135:13)
ERROR: Unable to locate element: &quot;.global-views-message:not(#newsletter-message-box) .form-succuss-message p:nth-child(3)&quot; using: css selector
    at F.command (/Users/lubna/Documents/local-assos-webstore/node_modules/nightwatch/lib/api/assertions/containsText.js:46:21)
    at F.module.exports.BaseAssertion._scheduleAssertion (/Users/lubna/Documents/local-assos-webstore/node_modules/nightwatch/lib/core/assertion.js:87:17)
    at F.module.exports.BaseAssertion._reschedule (/Users/lubna/Documents/local-assos-webstore/node_modules/nightwatch/lib/core/assertion.js:121:17)
    at Object.&lt;anonymous&gt; (/Users/lubna/Documents/local-assos-webstore/node_modules/nightwatch/lib/core/assertion.js:100:21)
    at Object.&lt;anonymous&gt; (/Users/lubna/Documents/local-assos-webstore/node_modules/nightwatch/lib/api/element-commands.js:346:18)
    at HttpRequest.&lt;anonymous&gt; (/Users/lubna/Documents/local-assos-webstore/node_modules/nightwatch/lib/index.js:366:18)
    at emitTwo (events.js:125:13)
    at HttpRequest.emit (events.js:213:7)
    at HttpRequest.&lt;anonymous&gt; (/Users/lubna/Documents/local-assos-webstore/node_modules/nightwatch/lib/index.js:393:15)
    at emitThree (events.js:135:13)
ERROR: Unable to locate element: &quot;.global-views-message:not(#newsletter-message-box) .form-succuss-message p:nth-child(3)&quot; using: css selector
    at F.command (/Users/lubna/Documents/local-assos-webstore/node_modules/nightwatch/lib/api/assertions/containsText.js:46:21)
    at F.module.exports.BaseAssertion._scheduleAssertion (/Users/lubna/Documents/local-assos-webstore/node_modules/nightwatch/lib/core/assertion.js:87:17)
    at F.module.exports.BaseAssertion._reschedule (/Users/lubna/Documents/local-assos-webstore/node_modules/nightwatch/lib/core/assertion.js:121:17)
    at Object.&lt;anonymous&gt; (/Users/lubna/Documents/local-assos-webstore/node_modules/nightwatch/lib/core/assertion.js:100:21)
    at Object.&lt;anonymous&gt; (/Users/lubna/Documents/local-assos-webstore/node_modules/nightwatch/lib/api/element-commands.js:346:18)
    at HttpRequest.&lt;anonymous&gt; (/Users/lubna/Documents/local-assos-webstore/node_modules/nightwatch/lib/index.js:366:18)
    at emitTwo (events.js:125:13)
    at HttpRequest.emit (events.js:213:7)
    at HttpRequest.&lt;anonymous&gt; (/Users/lubna/Documents/local-assos-webstore/node_modules/nightwatch/lib/index.js:393:15)
    at emitThree (events.js:135:13)
ERROR: Unable to locate element: &quot;.global-views-message:not(#newsletter-message-box) .form-succuss-message p:nth-child(3)&quot; using: css selector
    at F.command (/Users/lubna/Documents/local-assos-webstore/node_modules/nightwatch/lib/api/assertions/containsText.js:46:21)
    at F.module.exports.BaseAssertion._scheduleAssertion (/Users/lubna/Documents/local-assos-webstore/node_modules/nightwatch/lib/core/assertion.js:87:17)
    at F.module.exports.BaseAssertion._reschedule (/Users/lubna/Documents/local-assos-webstore/node_modules/nightwatch/lib/core/assertion.js:121:17)
    at Object.&lt;anonymous&gt; (/Users/lubna/Documents/local-assos-webstore/node_modules/nightwatch/lib/core/assertion.js:100:21)
    at Object.&lt;anonymous&gt; (/Users/lubna/Documents/local-assos-webstore/node_modules/nightwatch/lib/api/element-commands.js:346:18)
    at HttpRequest.&lt;anonymous&gt; (/Users/lubna/Documents/local-assos-webstore/node_modules/nightwatch/lib/index.js:366:18)
    at emitTwo (events.js:125:13)
    at HttpRequest.emit (events.js:213:7)
    at HttpRequest.&lt;anonymous&gt; (/Users/lubna/Documents/local-assos-webstore/node_modules/nightwatch/lib/index.js:393:15)
    at emitThree (events.js:135:13)
ERROR: Unable to locate element: &quot;.global-views-message:not(#newsletter-message-box) .form-succuss-message p:nth-child(3)&quot; using: css selector
    at F.command (/Users/lubna/Documents/local-assos-webstore/node_modules/nightwatch/lib/api/assertions/containsText.js:46:21)
    at F.module.exports.BaseAssertion._scheduleAssertion (/Users/lubna/Documents/local-assos-webstore/node_modules/nightwatch/lib/core/assertion.js:87:17)
    at F.module.exports.BaseAssertion._reschedule (/Users/lubna/Documents/local-assos-webstore/node_modules/nightwatch/lib/core/assertion.js:121:17)
    at Object.&lt;anonymous&gt; (/Users/lubna/Documents/local-assos-webstore/node_modules/nightwatch/lib/core/assertion.js:100:21)
    at Object.&lt;anonymous&gt; (/Users/lubna/Documents/local-assos-webstore/node_modules/nightwatch/lib/api/element-commands.js:346:18)
    at HttpRequest.&lt;anonymous&gt; (/Users/lubna/Documents/local-assos-webstore/node_modules/nightwatch/lib/index.js:366:18)
    at emitTwo (events.js:125:13)
    at HttpRequest.emit (events.js:213:7)
    at HttpRequest.&lt;anonymous&gt; (/Users/lubna/Documents/local-assos-webstore/node_modules/nightwatch/lib/index.js:393:15)
    at emitThree (events.js:135:13)
ERROR: Unable to locate element: &quot;.global-views-message:not(#newsletter-message-box) .form-succuss-message p:nth-child(3)&quot; using: css selector
    at F.command (/Users/lubna/Documents/local-assos-webstore/node_modules/nightwatch/lib/api/assertions/containsText.js:46:21)
    at F.module.exports.BaseAssertion._scheduleAssertion (/Users/lubna/Documents/local-assos-webstore/node_modules/nightwatch/lib/core/assertion.js:87:17)
    at F.module.exports.BaseAssertion._reschedule (/Users/lubna/Documents/local-assos-webstore/node_modules/nightwatch/lib/core/assertion.js:121:17)
    at Object.&lt;anonymous&gt; (/Users/lubna/Documents/local-assos-webstore/node_modules/nightwatch/lib/core/assertion.js:100:21)
    at Object.&lt;anonymous&gt; (/Users/lubna/Documents/local-assos-webstore/node_modules/nightwatch/lib/api/element-commands.js:346:18)
    at HttpRequest.&lt;anonymous&gt; (/Users/lubna/Documents/local-assos-webstore/node_modules/nightwatch/lib/index.js:366:18)
    at emitTwo (events.js:125:13)
    at HttpRequest.emit (events.js:213:7)
    at HttpRequest.&lt;anonymous&gt; (/Users/lubna/Documents/local-assos-webstore/node_modules/nightwatch/lib/index.js:393:15)
    at emitThree (events.js:135:13)
ERROR: Unable to locate element: &quot;.contactus-button-submit&quot; using: css selector
    at privacyPolicyTab (/Users/lubna/Documents/local-assos-webstore/nightwatch/test/forms/submitForms.js:115:10)
    at Object.it Should check that Privacy Policy opens in a new tab - Club Gear form (/Users/lubna/Documents/local-assos-webstore/nightwatch/test/forms/submitForms.js:173:9)
    at Module.call (/Users/lubna/Documents/local-assos-webstore/node_modules/nightwatch/lib/runner/module.js:62:34)
    at /Users/lubna/Documents/local-assos-webstore/node_modules/nightwatch/lib/runner/testcase.js:70:29
    at _fulfilled (/Users/lubna/Documents/local-assos-webstore/node_modules/nightwatch/node_modules/q/q.js:834:54)
    at self.promiseDispatch.done (/Users/lubna/Documents/local-assos-webstore/node_modules/nightwatch/node_modules/q/q.js:863:30)
    at Promise.promise.promiseDispatch (/Users/lubna/Documents/local-assos-webstore/node_modules/nightwatch/node_modules/q/q.js:796:13)
    at /Users/lubna/Documents/local-assos-webstore/node_modules/nightwatch/node_modules/q/q.js:556:49
    at runSingle (/Users/lubna/Documents/local-assos-webstore/node_modules/nightwatch/node_modules/q/q.js:137:13)
    at flush (/Users/lubna/Documents/local-assos-webstore/node_modules/nightwatch/node_modules/q/q.js:125:13)
ERROR: Unable to locate element: &quot;a[href=&quot;/privacy&quot;].privacy-policy-checkbox-text&quot; using: css selector
    at privacyPolicyTab (/Users/lubna/Documents/local-assos-webstore/nightwatch/test/forms/submitForms.js:116:10)
    at Object.it Should check that Privacy Policy opens in a new tab - Club Gear form (/Users/lubna/Documents/local-assos-webstore/nightwatch/test/forms/submitForms.js:173:9)
    at Module.call (/Users/lubna/Documents/local-assos-webstore/node_modules/nightwatch/lib/runner/module.js:62:34)
    at /Users/lubna/Documents/local-assos-webstore/node_modules/nightwatch/lib/runner/testcase.js:70:29
    at _fulfilled (/Users/lubna/Documents/local-assos-webstore/node_modules/nightwatch/node_modules/q/q.js:834:54)
    at self.promiseDispatch.done (/Users/lubna/Documents/local-assos-webstore/node_modules/nightwatch/node_modules/q/q.js:863:30)
    at Promise.promise.promiseDispatch (/Users/lubna/Documents/local-assos-webstore/node_modules/nightwatch/node_modules/q/q.js:796:13)
    at /Users/lubna/Documents/local-assos-webstore/node_modules/nightwatch/node_modules/q/q.js:556:49
    at runSingle (/Users/lubna/Documents/local-assos-webstore/node_modules/nightwatch/node_modules/q/q.js:137:13)
    at flush (/Users/lubna/Documents/local-assos-webstore/node_modules/nightwatch/node_modules/q/q.js:125:13)
    </system-err>
  

  
  </testsuite>
</testsuites>
