<?xml version="1.0" encoding="UTF-8" ?>
<testsuites errors="18"
            failures="3"
            tests="30">

  <testsuite name="subCategory.addToCartSCMen"
    errors="18" failures="3" hostname="" id="" package="subCategory" skipped="0"
    tests="30" time="1821" timestamp="Wed, 20 Dec 2017 09:49:18 GMT">
  
    <testcase name="it Should add item to cart from Men &gt; Road" classname="subCategory.addToCartSCMen" time="63.35" assertions="2">

    

    
    </testcase>
  
    <testcase name="it Should add item to cart from Men &gt; Mountain" classname="subCategory.addToCartSCMen" time="75.28" assertions="2">

    

    
    </testcase>
  
    <testcase name="it Should add item to cart from Men &gt; Urban" classname="subCategory.addToCartSCMen" time="57.55" assertions="2">

    

    
    </testcase>
  
    <testcase name="it Should add item to cart from Men &gt; 1.4 Summer" classname="subCategory.addToCartSCMen" time="54.40" assertions="2">

    

    
    </testcase>
  
    <testcase name="it Should add item to cart from Men &gt; 2.4 SPRING-FALL" classname="subCategory.addToCartSCMen" time="51.55" assertions="2">

    

    
    </testcase>
  
    <testcase name="it Should add item to cart from Men &gt; 3.4 EARLY WINTER" classname="subCategory.addToCartSCMen" time="56.96" assertions="2">

    

    
    </testcase>
  
    <testcase name="it Should add item to cart from Men &gt; 4.4 WINTER" classname="subCategory.addToCartSCMen" time="54.81" assertions="2">

    

    
    </testcase>
  
    <testcase name="it Should add item to cart from Men &gt; Bib Shorts" classname="subCategory.addToCartSCMen" time="53.27" assertions="2">

    

    
    </testcase>
  
    <testcase name="it Should add item to cart from Men &gt; KNICKERS AND TIGHTS" classname="subCategory.addToCartSCMen" time="70.03" assertions="2">

    

    
    </testcase>
  
    <testcase name="it Should add item to cart from Men &gt; BODY INSULATOR" classname="subCategory.addToCartSCMen" time="72.59" assertions="2">

    

    
    </testcase>
  
    <testcase name="it Should add item to cart from Men &gt; JERSEY" classname="subCategory.addToCartSCMen" time="51.56" assertions="2">

    

    
    </testcase>
  
    <testcase name="it Should add item to cart from Men &gt; JACKETS" classname="subCategory.addToCartSCMen" time="53.36" assertions="2">

    

    
    </testcase>
  
    <testcase name="it Should add item to cart from Men &gt; WIND-RAIN SHELLS" classname="subCategory.addToCartSCMen" time="65.75" assertions="2">

    

    
    </testcase>
  
    <testcase name="it Should add item to cart from Men &gt; CHRONOSUITS" classname="subCategory.addToCartSCMen" time="73.08" assertions="2">

      <failure message="Testing if element &lt;.header-mini-cart-menu-cart-legend&gt; contains text: &quot;1&quot;. after 5000 milliseconds.">    at Object.&lt;anonymous&gt; (/Users/lubna/Documents/local-assos-webstore/nightwatch/commands/addToCart.js:31:29)</failure>

    
    </testcase>
  
    <testcase name="it Should add item to cart from Men &gt; CAPS AND HEADBANDS" classname="subCategory.addToCartSCMen" time="69.44" assertions="2">

    

    
    </testcase>
  
    <testcase name="it Should add item to cart from Men &gt; WARMERS - PROTECTORS" classname="subCategory.addToCartSCMen" time="62.57" assertions="2">

    

    
    </testcase>
  
    <testcase name="it Should add item to cart from Men &gt; GLOVES" classname="subCategory.addToCartSCMen" time="59.90" assertions="2">

    

    
    </testcase>
  
    <testcase name="it Should add item to cart from Men &gt; SOCKS" classname="subCategory.addToCartSCMen" time="63.88" assertions="2">

    

    
    </testcase>
  
    <testcase name="it Should add item to cart from Men &gt; OVERSHOES" classname="subCategory.addToCartSCMen" time="70.46" assertions="2">

    

    
    </testcase>
  
    <testcase name="it Should add item to cart from Men &gt; WATER BOTTLES" classname="subCategory.addToCartSCMen" time="47.57" assertions="2">  <failure message="Timed out while waiting for element &lt;.ditch-mobile .header-logo-image&gt; to be present for 10000 milliseconds.">    at goToSubCategoryPage (/Users/lubna/Documents/local-assos-webstore/nightwatch/test/subCategory/addToCartSCMen.js:7:10)
    at Object.it Should add item to cart from Men &gt; WATER BOTTLES (/Users/lubna/Documents/local-assos-webstore/nightwatch/test/subCategory/addToCartSCMen.js:128:9)</failure>

    

    
    </testcase>
  
    <testcase name="it Should add item to cart from Men &gt; BMC REPLICA KIT" classname="subCategory.addToCartSCMen" time="60.74" assertions="2">

    

    
    </testcase>
  
    <testcase name="it Should add item to cart from Men &gt; USA CYCLING REPLICA KIT" classname="subCategory.addToCartSCMen" time="61.96" assertions="2">

    

    
    </testcase>
  
    <testcase name="it Should add item to cart from Men &gt; PROFBLACK COLLECTION" classname="subCategory.addToCartSCMen" time="61.40" assertions="2">

    

    
    </testcase>
  
    <testcase name="it Should add item to cart from Men &gt; WORKS TEAM" classname="subCategory.addToCartSCMen" time="65.06" assertions="2">

    

    
    </testcase>
  
    <testcase name="it Should add item to cart from Men &gt; REPLICA KITS" classname="subCategory.addToCartSCMen" time="55.09" assertions="2">

    

    
    </testcase>
  
    <testcase name="it Should add item to cart from Men &gt; SIGNATURE" classname="subCategory.addToCartSCMen" time="65.68" assertions="2">

    

    
    </testcase>
  
    <testcase name="it Should add item to cart from Men &gt; HELMETS" classname="subCategory.addToCartSCMen" time="64.60" assertions="2">

      <failure message="Testing if element &lt;.header-mini-cart-menu-cart-legend&gt; contains text: &quot;1&quot;. after 5000 milliseconds.">    at Object.&lt;anonymous&gt; (/Users/lubna/Documents/local-assos-webstore/nightwatch/commands/addToCart.js:31:29)</failure>

    
    </testcase>
  
    <testcase name="it Should add item to cart from Men &gt; SHOES" classname="subCategory.addToCartSCMen" time="55.41" assertions="2">

    

    
    </testcase>
  
    <testcase name="it Should add item to cart from Men &gt; EYEWEAR" classname="subCategory.addToCartSCMen" time="41.42" assertions="2">

    

    
    </testcase>
  
    <testcase name="it Should add item to cart from Men &gt; GOOMAH BIKE" classname="subCategory.addToCartSCMen" time="62.43" assertions="2">

    

    
    </testcase>
  

  
    <system-err>
      ERROR: Unable to locate element: &quot;.product-set .item-block-container:nth-child(2) .item-card-image-block&quot; using: css selector
    at scrollToProducts (/Users/lubna/Documents/local-assos-webstore/nightwatch/test/subCategory/addToCartSCMen.js:16:10)
    at Object.it Should add item to cart from Men &gt; CHRONOSUITS (/Users/lubna/Documents/local-assos-webstore/nightwatch/test/subCategory/addToCartSCMen.js:98:9)
    at Module.call (/Users/lubna/Documents/local-assos-webstore/node_modules/nightwatch/lib/runner/module.js:62:34)
    at /Users/lubna/Documents/local-assos-webstore/node_modules/nightwatch/lib/runner/testcase.js:70:29
    at _fulfilled (/Users/lubna/Documents/local-assos-webstore/node_modules/nightwatch/node_modules/q/q.js:834:54)
    at self.promiseDispatch.done (/Users/lubna/Documents/local-assos-webstore/node_modules/nightwatch/node_modules/q/q.js:863:30)
    at Promise.promise.promiseDispatch (/Users/lubna/Documents/local-assos-webstore/node_modules/nightwatch/node_modules/q/q.js:796:13)
    at /Users/lubna/Documents/local-assos-webstore/node_modules/nightwatch/node_modules/q/q.js:556:49
    at runSingle (/Users/lubna/Documents/local-assos-webstore/node_modules/nightwatch/node_modules/q/q.js:137:13)
    at flush (/Users/lubna/Documents/local-assos-webstore/node_modules/nightwatch/node_modules/q/q.js:125:13)
ERROR: Unable to locate element: &quot;.product-set .item-block-container:nth-child(2) .item-card-image-block&quot; using: css selector
    at scrollToProducts (/Users/lubna/Documents/local-assos-webstore/nightwatch/test/subCategory/addToCartSCMen.js:18:10)
    at Object.it Should add item to cart from Men &gt; CHRONOSUITS (/Users/lubna/Documents/local-assos-webstore/nightwatch/test/subCategory/addToCartSCMen.js:98:9)
    at Module.call (/Users/lubna/Documents/local-assos-webstore/node_modules/nightwatch/lib/runner/module.js:62:34)
    at /Users/lubna/Documents/local-assos-webstore/node_modules/nightwatch/lib/runner/testcase.js:70:29
    at _fulfilled (/Users/lubna/Documents/local-assos-webstore/node_modules/nightwatch/node_modules/q/q.js:834:54)
    at self.promiseDispatch.done (/Users/lubna/Documents/local-assos-webstore/node_modules/nightwatch/node_modules/q/q.js:863:30)
    at Promise.promise.promiseDispatch (/Users/lubna/Documents/local-assos-webstore/node_modules/nightwatch/node_modules/q/q.js:796:13)
    at /Users/lubna/Documents/local-assos-webstore/node_modules/nightwatch/node_modules/q/q.js:556:49
    at runSingle (/Users/lubna/Documents/local-assos-webstore/node_modules/nightwatch/node_modules/q/q.js:137:13)
    at flush (/Users/lubna/Documents/local-assos-webstore/node_modules/nightwatch/node_modules/q/q.js:125:13)
ERROR: Unable to locate element: &quot;.product-set .item-block-container:nth-child(2) .item-card-image-block .add-to-cart-btn&quot; using: css selector
    at Object.&lt;anonymous&gt; (/Users/lubna/Documents/local-assos-webstore/nightwatch/commands/addToCart.js:8:22)
    at Object.&lt;anonymous&gt; (/Users/lubna/Documents/local-assos-webstore/node_modules/nightwatch/lib/api/element-commands.js:361:20)
    at HttpRequest.&lt;anonymous&gt; (/Users/lubna/Documents/local-assos-webstore/node_modules/nightwatch/lib/index.js:366:18)
    at emitTwo (events.js:125:13)
    at HttpRequest.emit (events.js:213:7)
    at HttpRequest.&lt;anonymous&gt; (/Users/lubna/Documents/local-assos-webstore/node_modules/nightwatch/lib/index.js:382:15)
    at emitThree (events.js:135:13)
    at HttpRequest.emit (events.js:216:7)
    at IncomingMessage.&lt;anonymous&gt; (/Users/lubna/Documents/local-assos-webstore/node_modules/nightwatch/lib/http/request.js:166:16)
    at emitNone (events.js:110:20)
ERROR: Unable to locate element: &quot;.product-set .item-block-container:nth-child(2) .item-card-image-block .size-options-drop-down&quot; using: css selector
    at Object.&lt;anonymous&gt; (/Users/lubna/Documents/local-assos-webstore/nightwatch/commands/addToCart.js:10:22)
    at Object.&lt;anonymous&gt; (/Users/lubna/Documents/local-assos-webstore/node_modules/nightwatch/lib/api/element-commands.js:361:20)
    at HttpRequest.&lt;anonymous&gt; (/Users/lubna/Documents/local-assos-webstore/node_modules/nightwatch/lib/index.js:366:18)
    at emitTwo (events.js:125:13)
    at HttpRequest.emit (events.js:213:7)
    at HttpRequest.&lt;anonymous&gt; (/Users/lubna/Documents/local-assos-webstore/node_modules/nightwatch/lib/index.js:382:15)
    at emitThree (events.js:135:13)
    at HttpRequest.emit (events.js:216:7)
    at IncomingMessage.&lt;anonymous&gt; (/Users/lubna/Documents/local-assos-webstore/node_modules/nightwatch/lib/http/request.js:166:16)
    at emitNone (events.js:110:20)
ERROR: Unable to locate element: &quot;.product-set .item-block-container:nth-child(2) .item-card-image-block .size-options-drop-down option[value=&quot;null&quot;]&quot; using: css selector
    at Object.&lt;anonymous&gt; (/Users/lubna/Documents/local-assos-webstore/nightwatch/commands/addToCart.js:25:30)
    at HttpRequest.&lt;anonymous&gt; (/Users/lubna/Documents/local-assos-webstore/node_modules/nightwatch/lib/index.js:366:18)
    at emitTwo (events.js:125:13)
    at HttpRequest.emit (events.js:213:7)
    at HttpRequest.&lt;anonymous&gt; (/Users/lubna/Documents/local-assos-webstore/node_modules/nightwatch/lib/index.js:382:15)
    at emitThree (events.js:135:13)
    at HttpRequest.emit (events.js:216:7)
    at IncomingMessage.&lt;anonymous&gt; (/Users/lubna/Documents/local-assos-webstore/node_modules/nightwatch/lib/http/request.js:166:16)
    at emitNone (events.js:110:20)
    at IncomingMessage.emit (events.js:207:7)
ERROR: Unable to locate element: &quot;.product-set .item-block-container:nth-child(2) .item-card-image-block .add-to-cart-btn-block&quot; using: css selector
    at Object.&lt;anonymous&gt; (/Users/lubna/Documents/local-assos-webstore/nightwatch/commands/addToCart.js:29:22)
    at Object.&lt;anonymous&gt; (/Users/lubna/Documents/local-assos-webstore/node_modules/nightwatch/lib/api/element-commands.js:361:20)
    at HttpRequest.&lt;anonymous&gt; (/Users/lubna/Documents/local-assos-webstore/node_modules/nightwatch/lib/index.js:366:18)
    at emitTwo (events.js:125:13)
    at HttpRequest.emit (events.js:213:7)
    at HttpRequest.&lt;anonymous&gt; (/Users/lubna/Documents/local-assos-webstore/node_modules/nightwatch/lib/index.js:382:15)
    at emitThree (events.js:135:13)
    at HttpRequest.emit (events.js:216:7)
    at IncomingMessage.&lt;anonymous&gt; (/Users/lubna/Documents/local-assos-webstore/node_modules/nightwatch/lib/http/request.js:166:16)
    at emitNone (events.js:110:20)
ERROR: Unable to locate element: &quot;.product-set .item-block-container:nth-child(2) .item-card-image-block .size-options-drop-down&quot; using: css selector
    at Object.&lt;anonymous&gt; (/Users/lubna/Documents/local-assos-webstore/nightwatch/commands/addToCart.js:10:22)
    at Object.&lt;anonymous&gt; (/Users/lubna/Documents/local-assos-webstore/node_modules/nightwatch/lib/api/element-commands.js:361:20)
    at HttpRequest.&lt;anonymous&gt; (/Users/lubna/Documents/local-assos-webstore/node_modules/nightwatch/lib/index.js:366:18)
    at emitTwo (events.js:125:13)
    at HttpRequest.emit (events.js:213:7)
    at HttpRequest.&lt;anonymous&gt; (/Users/lubna/Documents/local-assos-webstore/node_modules/nightwatch/lib/index.js:382:15)
    at emitThree (events.js:135:13)
    at HttpRequest.emit (events.js:216:7)
    at IncomingMessage.&lt;anonymous&gt; (/Users/lubna/Documents/local-assos-webstore/node_modules/nightwatch/lib/http/request.js:166:16)
    at emitNone (events.js:110:20)
ERROR: Unable to locate element: &quot;.product-set .item-block-container:nth-child(2) .item-card-image-block .size-options-drop-down option[value=&quot;null&quot;]&quot; using: css selector
    at Object.&lt;anonymous&gt; (/Users/lubna/Documents/local-assos-webstore/nightwatch/commands/addToCart.js:25:30)
    at HttpRequest.&lt;anonymous&gt; (/Users/lubna/Documents/local-assos-webstore/node_modules/nightwatch/lib/index.js:366:18)
    at emitTwo (events.js:125:13)
    at HttpRequest.emit (events.js:213:7)
    at HttpRequest.&lt;anonymous&gt; (/Users/lubna/Documents/local-assos-webstore/node_modules/nightwatch/lib/index.js:382:15)
    at emitThree (events.js:135:13)
    at HttpRequest.emit (events.js:216:7)
    at IncomingMessage.&lt;anonymous&gt; (/Users/lubna/Documents/local-assos-webstore/node_modules/nightwatch/lib/http/request.js:166:16)
    at emitNone (events.js:110:20)
    at IncomingMessage.emit (events.js:207:7)
ERROR: Unable to locate element: &quot;.product-set .item-block-container:nth-child(2) .item-card-image-block .size-options-drop-down&quot; using: css selector
    at Object.&lt;anonymous&gt; (/Users/lubna/Documents/local-assos-webstore/nightwatch/commands/addToCart.js:10:22)
    at Object.&lt;anonymous&gt; (/Users/lubna/Documents/local-assos-webstore/node_modules/nightwatch/lib/api/element-commands.js:361:20)
    at HttpRequest.&lt;anonymous&gt; (/Users/lubna/Documents/local-assos-webstore/node_modules/nightwatch/lib/index.js:366:18)
    at emitTwo (events.js:125:13)
    at HttpRequest.emit (events.js:213:7)
    at HttpRequest.&lt;anonymous&gt; (/Users/lubna/Documents/local-assos-webstore/node_modules/nightwatch/lib/index.js:382:15)
    at emitThree (events.js:135:13)
    at HttpRequest.emit (events.js:216:7)
    at IncomingMessage.&lt;anonymous&gt; (/Users/lubna/Documents/local-assos-webstore/node_modules/nightwatch/lib/http/request.js:166:16)
    at emitNone (events.js:110:20)
ERROR: Unable to locate element: &quot;.product-set .item-block-container:nth-child(2) .item-card-image-block .size-options-drop-down option[value=&quot;null&quot;]&quot; using: css selector
    at Object.&lt;anonymous&gt; (/Users/lubna/Documents/local-assos-webstore/nightwatch/commands/addToCart.js:25:30)
    at HttpRequest.&lt;anonymous&gt; (/Users/lubna/Documents/local-assos-webstore/node_modules/nightwatch/lib/index.js:366:18)
    at emitTwo (events.js:125:13)
    at HttpRequest.emit (events.js:213:7)
    at HttpRequest.&lt;anonymous&gt; (/Users/lubna/Documents/local-assos-webstore/node_modules/nightwatch/lib/index.js:382:15)
    at emitThree (events.js:135:13)
    at HttpRequest.emit (events.js:216:7)
    at IncomingMessage.&lt;anonymous&gt; (/Users/lubna/Documents/local-assos-webstore/node_modules/nightwatch/lib/http/request.js:166:16)
    at emitNone (events.js:110:20)
    at IncomingMessage.emit (events.js:207:7)
ERROR: Unable to locate element: &quot;.product-set .item-block-container:nth-child(2) .item-card-image-block&quot; using: css selector
    at scrollToProducts (/Users/lubna/Documents/local-assos-webstore/nightwatch/test/subCategory/addToCartSCMen.js:16:10)
    at Object.it Should add item to cart from Men &gt; HELMETS (/Users/lubna/Documents/local-assos-webstore/nightwatch/test/subCategory/addToCartSCMen.js:168:9)
    at Module.call (/Users/lubna/Documents/local-assos-webstore/node_modules/nightwatch/lib/runner/module.js:62:34)
    at /Users/lubna/Documents/local-assos-webstore/node_modules/nightwatch/lib/runner/testcase.js:70:29
    at _fulfilled (/Users/lubna/Documents/local-assos-webstore/node_modules/nightwatch/node_modules/q/q.js:834:54)
    at self.promiseDispatch.done (/Users/lubna/Documents/local-assos-webstore/node_modules/nightwatch/node_modules/q/q.js:863:30)
    at Promise.promise.promiseDispatch (/Users/lubna/Documents/local-assos-webstore/node_modules/nightwatch/node_modules/q/q.js:796:13)
    at /Users/lubna/Documents/local-assos-webstore/node_modules/nightwatch/node_modules/q/q.js:556:49
    at runSingle (/Users/lubna/Documents/local-assos-webstore/node_modules/nightwatch/node_modules/q/q.js:137:13)
    at flush (/Users/lubna/Documents/local-assos-webstore/node_modules/nightwatch/node_modules/q/q.js:125:13)
ERROR: Unable to locate element: &quot;.product-set .item-block-container:nth-child(2) .item-card-image-block&quot; using: css selector
    at scrollToProducts (/Users/lubna/Documents/local-assos-webstore/nightwatch/test/subCategory/addToCartSCMen.js:18:10)
    at Object.it Should add item to cart from Men &gt; HELMETS (/Users/lubna/Documents/local-assos-webstore/nightwatch/test/subCategory/addToCartSCMen.js:168:9)
    at Module.call (/Users/lubna/Documents/local-assos-webstore/node_modules/nightwatch/lib/runner/module.js:62:34)
    at /Users/lubna/Documents/local-assos-webstore/node_modules/nightwatch/lib/runner/testcase.js:70:29
    at _fulfilled (/Users/lubna/Documents/local-assos-webstore/node_modules/nightwatch/node_modules/q/q.js:834:54)
    at self.promiseDispatch.done (/Users/lubna/Documents/local-assos-webstore/node_modules/nightwatch/node_modules/q/q.js:863:30)
    at Promise.promise.promiseDispatch (/Users/lubna/Documents/local-assos-webstore/node_modules/nightwatch/node_modules/q/q.js:796:13)
    at /Users/lubna/Documents/local-assos-webstore/node_modules/nightwatch/node_modules/q/q.js:556:49
    at runSingle (/Users/lubna/Documents/local-assos-webstore/node_modules/nightwatch/node_modules/q/q.js:137:13)
    at flush (/Users/lubna/Documents/local-assos-webstore/node_modules/nightwatch/node_modules/q/q.js:125:13)
ERROR: Unable to locate element: &quot;.product-set .item-block-container:nth-child(2) .item-card-image-block .add-to-cart-btn&quot; using: css selector
    at Object.&lt;anonymous&gt; (/Users/lubna/Documents/local-assos-webstore/nightwatch/commands/addToCart.js:8:22)
    at Object.&lt;anonymous&gt; (/Users/lubna/Documents/local-assos-webstore/node_modules/nightwatch/lib/api/element-commands.js:361:20)
    at HttpRequest.&lt;anonymous&gt; (/Users/lubna/Documents/local-assos-webstore/node_modules/nightwatch/lib/index.js:366:18)
    at emitTwo (events.js:125:13)
    at HttpRequest.emit (events.js:213:7)
    at HttpRequest.&lt;anonymous&gt; (/Users/lubna/Documents/local-assos-webstore/node_modules/nightwatch/lib/index.js:382:15)
    at emitThree (events.js:135:13)
    at HttpRequest.emit (events.js:216:7)
    at IncomingMessage.&lt;anonymous&gt; (/Users/lubna/Documents/local-assos-webstore/node_modules/nightwatch/lib/http/request.js:166:16)
    at emitNone (events.js:110:20)
ERROR: Unable to locate element: &quot;.product-set .item-block-container:nth-child(2) .item-card-image-block .size-options-drop-down&quot; using: css selector
    at Object.&lt;anonymous&gt; (/Users/lubna/Documents/local-assos-webstore/nightwatch/commands/addToCart.js:10:22)
    at Object.&lt;anonymous&gt; (/Users/lubna/Documents/local-assos-webstore/node_modules/nightwatch/lib/api/element-commands.js:361:20)
    at HttpRequest.&lt;anonymous&gt; (/Users/lubna/Documents/local-assos-webstore/node_modules/nightwatch/lib/index.js:366:18)
    at emitTwo (events.js:125:13)
    at HttpRequest.emit (events.js:213:7)
    at HttpRequest.&lt;anonymous&gt; (/Users/lubna/Documents/local-assos-webstore/node_modules/nightwatch/lib/index.js:382:15)
    at emitThree (events.js:135:13)
    at HttpRequest.emit (events.js:216:7)
    at IncomingMessage.&lt;anonymous&gt; (/Users/lubna/Documents/local-assos-webstore/node_modules/nightwatch/lib/http/request.js:166:16)
    at emitNone (events.js:110:20)
ERROR: Unable to locate element: &quot;.product-set .item-block-container:nth-child(2) .item-card-image-block .size-options-drop-down option[value=&quot;null&quot;]&quot; using: css selector
    at Object.&lt;anonymous&gt; (/Users/lubna/Documents/local-assos-webstore/nightwatch/commands/addToCart.js:25:30)
    at HttpRequest.&lt;anonymous&gt; (/Users/lubna/Documents/local-assos-webstore/node_modules/nightwatch/lib/index.js:366:18)
    at emitTwo (events.js:125:13)
    at HttpRequest.emit (events.js:213:7)
    at HttpRequest.&lt;anonymous&gt; (/Users/lubna/Documents/local-assos-webstore/node_modules/nightwatch/lib/index.js:382:15)
    at emitThree (events.js:135:13)
    at HttpRequest.emit (events.js:216:7)
    at IncomingMessage.&lt;anonymous&gt; (/Users/lubna/Documents/local-assos-webstore/node_modules/nightwatch/lib/http/request.js:166:16)
    at emitNone (events.js:110:20)
    at IncomingMessage.emit (events.js:207:7)
ERROR: Unable to locate element: &quot;.product-set .item-block-container:nth-child(2) .item-card-image-block .add-to-cart-btn-block&quot; using: css selector
    at Object.&lt;anonymous&gt; (/Users/lubna/Documents/local-assos-webstore/nightwatch/commands/addToCart.js:29:22)
    at Object.&lt;anonymous&gt; (/Users/lubna/Documents/local-assos-webstore/node_modules/nightwatch/lib/api/element-commands.js:361:20)
    at HttpRequest.&lt;anonymous&gt; (/Users/lubna/Documents/local-assos-webstore/node_modules/nightwatch/lib/index.js:366:18)
    at emitTwo (events.js:125:13)
    at HttpRequest.emit (events.js:213:7)
    at HttpRequest.&lt;anonymous&gt; (/Users/lubna/Documents/local-assos-webstore/node_modules/nightwatch/lib/index.js:382:15)
    at emitThree (events.js:135:13)
    at HttpRequest.emit (events.js:216:7)
    at IncomingMessage.&lt;anonymous&gt; (/Users/lubna/Documents/local-assos-webstore/node_modules/nightwatch/lib/http/request.js:166:16)
    at emitNone (events.js:110:20)
ERROR: Unable to locate element: &quot;.product-set .item-block-container:nth-child(2) .item-card-image-block .size-options-drop-down&quot; using: css selector
    at Object.&lt;anonymous&gt; (/Users/lubna/Documents/local-assos-webstore/nightwatch/commands/addToCart.js:10:22)
    at Object.&lt;anonymous&gt; (/Users/lubna/Documents/local-assos-webstore/node_modules/nightwatch/lib/api/element-commands.js:361:20)
    at HttpRequest.&lt;anonymous&gt; (/Users/lubna/Documents/local-assos-webstore/node_modules/nightwatch/lib/index.js:366:18)
    at emitTwo (events.js:125:13)
    at HttpRequest.emit (events.js:213:7)
    at HttpRequest.&lt;anonymous&gt; (/Users/lubna/Documents/local-assos-webstore/node_modules/nightwatch/lib/index.js:382:15)
    at emitThree (events.js:135:13)
    at HttpRequest.emit (events.js:216:7)
    at IncomingMessage.&lt;anonymous&gt; (/Users/lubna/Documents/local-assos-webstore/node_modules/nightwatch/lib/http/request.js:166:16)
    at emitNone (events.js:110:20)
ERROR: Unable to locate element: &quot;.product-set .item-block-container:nth-child(2) .item-card-image-block .size-options-drop-down option[value=&quot;null&quot;]&quot; using: css selector
    at Object.&lt;anonymous&gt; (/Users/lubna/Documents/local-assos-webstore/nightwatch/commands/addToCart.js:25:30)
    at HttpRequest.&lt;anonymous&gt; (/Users/lubna/Documents/local-assos-webstore/node_modules/nightwatch/lib/index.js:366:18)
    at emitTwo (events.js:125:13)
    at HttpRequest.emit (events.js:213:7)
    at HttpRequest.&lt;anonymous&gt; (/Users/lubna/Documents/local-assos-webstore/node_modules/nightwatch/lib/index.js:382:15)
    at emitThree (events.js:135:13)
    at HttpRequest.emit (events.js:216:7)
    at IncomingMessage.&lt;anonymous&gt; (/Users/lubna/Documents/local-assos-webstore/node_modules/nightwatch/lib/http/request.js:166:16)
    at emitNone (events.js:110:20)
    at IncomingMessage.emit (events.js:207:7)
ERROR: Unable to locate element: &quot;.product-set .item-block-container:nth-child(2) .item-card-image-block .size-options-drop-down&quot; using: css selector
    at Object.&lt;anonymous&gt; (/Users/lubna/Documents/local-assos-webstore/nightwatch/commands/addToCart.js:10:22)
    at Object.&lt;anonymous&gt; (/Users/lubna/Documents/local-assos-webstore/node_modules/nightwatch/lib/api/element-commands.js:361:20)
    at HttpRequest.&lt;anonymous&gt; (/Users/lubna/Documents/local-assos-webstore/node_modules/nightwatch/lib/index.js:366:18)
    at emitTwo (events.js:125:13)
    at HttpRequest.emit (events.js:213:7)
    at HttpRequest.&lt;anonymous&gt; (/Users/lubna/Documents/local-assos-webstore/node_modules/nightwatch/lib/index.js:382:15)
    at emitThree (events.js:135:13)
    at HttpRequest.emit (events.js:216:7)
    at IncomingMessage.&lt;anonymous&gt; (/Users/lubna/Documents/local-assos-webstore/node_modules/nightwatch/lib/http/request.js:166:16)
    at emitNone (events.js:110:20)
ERROR: Unable to locate element: &quot;.product-set .item-block-container:nth-child(2) .item-card-image-block .size-options-drop-down option[value=&quot;null&quot;]&quot; using: css selector
    at Object.&lt;anonymous&gt; (/Users/lubna/Documents/local-assos-webstore/nightwatch/commands/addToCart.js:25:30)
    at HttpRequest.&lt;anonymous&gt; (/Users/lubna/Documents/local-assos-webstore/node_modules/nightwatch/lib/index.js:366:18)
    at emitTwo (events.js:125:13)
    at HttpRequest.emit (events.js:213:7)
    at HttpRequest.&lt;anonymous&gt; (/Users/lubna/Documents/local-assos-webstore/node_modules/nightwatch/lib/index.js:382:15)
    at emitThree (events.js:135:13)
    at HttpRequest.emit (events.js:216:7)
    at IncomingMessage.&lt;anonymous&gt; (/Users/lubna/Documents/local-assos-webstore/node_modules/nightwatch/lib/http/request.js:166:16)
    at emitNone (events.js:110:20)
    at IncomingMessage.emit (events.js:207:7)
ERROR: Unable to locate element: &quot;.product-set .item-block-container:nth-child(2) .item-card-image-block .size-options-drop-down&quot; using: css selector
    at Object.&lt;anonymous&gt; (/Users/lubna/Documents/local-assos-webstore/nightwatch/commands/addToCart.js:10:22)
    at Object.&lt;anonymous&gt; (/Users/lubna/Documents/local-assos-webstore/node_modules/nightwatch/lib/api/element-commands.js:361:20)
    at HttpRequest.&lt;anonymous&gt; (/Users/lubna/Documents/local-assos-webstore/node_modules/nightwatch/lib/index.js:366:18)
    at emitTwo (events.js:125:13)
    at HttpRequest.emit (events.js:213:7)
    at HttpRequest.&lt;anonymous&gt; (/Users/lubna/Documents/local-assos-webstore/node_modules/nightwatch/lib/index.js:382:15)
    at emitThree (events.js:135:13)
    at HttpRequest.emit (events.js:216:7)
    at IncomingMessage.&lt;anonymous&gt; (/Users/lubna/Documents/local-assos-webstore/node_modules/nightwatch/lib/http/request.js:166:16)
    at emitNone (events.js:110:20)
ERROR: Unable to locate element: &quot;.product-set .item-block-container:nth-child(2) .item-card-image-block .size-options-drop-down option[value=&quot;null&quot;]&quot; using: css selector
    at Object.&lt;anonymous&gt; (/Users/lubna/Documents/local-assos-webstore/nightwatch/commands/addToCart.js:25:30)
    at HttpRequest.&lt;anonymous&gt; (/Users/lubna/Documents/local-assos-webstore/node_modules/nightwatch/lib/index.js:366:18)
    at emitTwo (events.js:125:13)
    at HttpRequest.emit (events.js:213:7)
    at HttpRequest.&lt;anonymous&gt; (/Users/lubna/Documents/local-assos-webstore/node_modules/nightwatch/lib/index.js:382:15)
    at emitThree (events.js:135:13)
    at HttpRequest.emit (events.js:216:7)
    at IncomingMessage.&lt;anonymous&gt; (/Users/lubna/Documents/local-assos-webstore/node_modules/nightwatch/lib/http/request.js:166:16)
    at emitNone (events.js:110:20)
    at IncomingMessage.emit (events.js:207:7)
ERROR: Unable to locate element: &quot;.product-set .item-block-container:nth-child(2) .item-card-image-block&quot; using: css selector
    at scrollToProducts (/Users/lubna/Documents/local-assos-webstore/nightwatch/test/subCategory/addToCartSCWomen.js:15:10)
    at Object.it Should add item to cart from Women &gt; PROFBLACK COLLECTION (/Users/lubna/Documents/local-assos-webstore/nightwatch/test/subCategory/addToCartSCWomen.js:144:9)
    at Module.call (/Users/lubna/Documents/local-assos-webstore/node_modules/nightwatch/lib/runner/module.js:62:34)
    at /Users/lubna/Documents/local-assos-webstore/node_modules/nightwatch/lib/runner/testcase.js:70:29
    at _fulfilled (/Users/lubna/Documents/local-assos-webstore/node_modules/nightwatch/node_modules/q/q.js:834:54)
    at self.promiseDispatch.done (/Users/lubna/Documents/local-assos-webstore/node_modules/nightwatch/node_modules/q/q.js:863:30)
    at Promise.promise.promiseDispatch (/Users/lubna/Documents/local-assos-webstore/node_modules/nightwatch/node_modules/q/q.js:796:13)
    at /Users/lubna/Documents/local-assos-webstore/node_modules/nightwatch/node_modules/q/q.js:556:49
    at runSingle (/Users/lubna/Documents/local-assos-webstore/node_modules/nightwatch/node_modules/q/q.js:137:13)
    at flush (/Users/lubna/Documents/local-assos-webstore/node_modules/nightwatch/node_modules/q/q.js:125:13)
ERROR: Unable to locate element: &quot;.product-set .item-block-container:nth-child(2) .item-card-image-block&quot; using: css selector
    at scrollToProducts (/Users/lubna/Documents/local-assos-webstore/nightwatch/test/subCategory/addToCartSCWomen.js:17:10)
    at Object.it Should add item to cart from Women &gt; PROFBLACK COLLECTION (/Users/lubna/Documents/local-assos-webstore/nightwatch/test/subCategory/addToCartSCWomen.js:144:9)
    at Module.call (/Users/lubna/Documents/local-assos-webstore/node_modules/nightwatch/lib/runner/module.js:62:34)
    at /Users/lubna/Documents/local-assos-webstore/node_modules/nightwatch/lib/runner/testcase.js:70:29
    at _fulfilled (/Users/lubna/Documents/local-assos-webstore/node_modules/nightwatch/node_modules/q/q.js:834:54)
    at self.promiseDispatch.done (/Users/lubna/Documents/local-assos-webstore/node_modules/nightwatch/node_modules/q/q.js:863:30)
    at Promise.promise.promiseDispatch (/Users/lubna/Documents/local-assos-webstore/node_modules/nightwatch/node_modules/q/q.js:796:13)
    at /Users/lubna/Documents/local-assos-webstore/node_modules/nightwatch/node_modules/q/q.js:556:49
    at runSingle (/Users/lubna/Documents/local-assos-webstore/node_modules/nightwatch/node_modules/q/q.js:137:13)
    at flush (/Users/lubna/Documents/local-assos-webstore/node_modules/nightwatch/node_modules/q/q.js:125:13)
ERROR: Unable to locate element: &quot;.product-set .item-block-container:nth-child(2) .item-card-image-block .add-to-cart-btn&quot; using: css selector
    at Object.&lt;anonymous&gt; (/Users/lubna/Documents/local-assos-webstore/nightwatch/commands/addToCart.js:8:22)
    at Object.&lt;anonymous&gt; (/Users/lubna/Documents/local-assos-webstore/node_modules/nightwatch/lib/api/element-commands.js:361:20)
    at HttpRequest.&lt;anonymous&gt; (/Users/lubna/Documents/local-assos-webstore/node_modules/nightwatch/lib/index.js:366:18)
    at emitTwo (events.js:125:13)
    at HttpRequest.emit (events.js:213:7)
    at HttpRequest.&lt;anonymous&gt; (/Users/lubna/Documents/local-assos-webstore/node_modules/nightwatch/lib/index.js:382:15)
    at emitThree (events.js:135:13)
    at HttpRequest.emit (events.js:216:7)
    at IncomingMessage.&lt;anonymous&gt; (/Users/lubna/Documents/local-assos-webstore/node_modules/nightwatch/lib/http/request.js:166:16)
    at emitNone (events.js:110:20)
ERROR: Unable to locate element: &quot;.product-set .item-block-container:nth-child(2) .item-card-image-block .size-options-drop-down&quot; using: css selector
    at Object.&lt;anonymous&gt; (/Users/lubna/Documents/local-assos-webstore/nightwatch/commands/addToCart.js:10:22)
    at Object.&lt;anonymous&gt; (/Users/lubna/Documents/local-assos-webstore/node_modules/nightwatch/lib/api/element-commands.js:361:20)
    at HttpRequest.&lt;anonymous&gt; (/Users/lubna/Documents/local-assos-webstore/node_modules/nightwatch/lib/index.js:366:18)
    at emitTwo (events.js:125:13)
    at HttpRequest.emit (events.js:213:7)
    at HttpRequest.&lt;anonymous&gt; (/Users/lubna/Documents/local-assos-webstore/node_modules/nightwatch/lib/index.js:382:15)
    at emitThree (events.js:135:13)
    at HttpRequest.emit (events.js:216:7)
    at IncomingMessage.&lt;anonymous&gt; (/Users/lubna/Documents/local-assos-webstore/node_modules/nightwatch/lib/http/request.js:166:16)
    at emitNone (events.js:110:20)
ERROR: Unable to locate element: &quot;.product-set .item-block-container:nth-child(2) .item-card-image-block .size-options-drop-down option[value=&quot;null&quot;]&quot; using: css selector
    at Object.&lt;anonymous&gt; (/Users/lubna/Documents/local-assos-webstore/nightwatch/commands/addToCart.js:25:30)
    at HttpRequest.&lt;anonymous&gt; (/Users/lubna/Documents/local-assos-webstore/node_modules/nightwatch/lib/index.js:366:18)
    at emitTwo (events.js:125:13)
    at HttpRequest.emit (events.js:213:7)
    at HttpRequest.&lt;anonymous&gt; (/Users/lubna/Documents/local-assos-webstore/node_modules/nightwatch/lib/index.js:382:15)
    at emitThree (events.js:135:13)
    at HttpRequest.emit (events.js:216:7)
    at IncomingMessage.&lt;anonymous&gt; (/Users/lubna/Documents/local-assos-webstore/node_modules/nightwatch/lib/http/request.js:166:16)
    at emitNone (events.js:110:20)
    at IncomingMessage.emit (events.js:207:7)
ERROR: Unable to locate element: &quot;.product-set .item-block-container:nth-child(2) .item-card-image-block .add-to-cart-btn-block&quot; using: css selector
    at Object.&lt;anonymous&gt; (/Users/lubna/Documents/local-assos-webstore/nightwatch/commands/addToCart.js:29:22)
    at Object.&lt;anonymous&gt; (/Users/lubna/Documents/local-assos-webstore/node_modules/nightwatch/lib/api/element-commands.js:361:20)
    at HttpRequest.&lt;anonymous&gt; (/Users/lubna/Documents/local-assos-webstore/node_modules/nightwatch/lib/index.js:366:18)
    at emitTwo (events.js:125:13)
    at HttpRequest.emit (events.js:213:7)
    at HttpRequest.&lt;anonymous&gt; (/Users/lubna/Documents/local-assos-webstore/node_modules/nightwatch/lib/index.js:382:15)
    at emitThree (events.js:135:13)
    at HttpRequest.emit (events.js:216:7)
    at IncomingMessage.&lt;anonymous&gt; (/Users/lubna/Documents/local-assos-webstore/node_modules/nightwatch/lib/http/request.js:166:16)
    at emitNone (events.js:110:20)
ERROR: Unable to locate element: &quot;.product-set .item-block-container:nth-child(2) .item-card-image-block&quot; using: css selector
    at scrollToProducts (/Users/lubna/Documents/local-assos-webstore/nightwatch/test/subCategory/addToCartSCWomen.js:15:10)
    at Object.it Should add item to cart from Women &gt; HELMETS (/Users/lubna/Documents/local-assos-webstore/nightwatch/test/subCategory/addToCartSCWomen.js:167:9)
    at Module.call (/Users/lubna/Documents/local-assos-webstore/node_modules/nightwatch/lib/runner/module.js:62:34)
    at /Users/lubna/Documents/local-assos-webstore/node_modules/nightwatch/lib/runner/testcase.js:70:29
    at _fulfilled (/Users/lubna/Documents/local-assos-webstore/node_modules/nightwatch/node_modules/q/q.js:834:54)
    at self.promiseDispatch.done (/Users/lubna/Documents/local-assos-webstore/node_modules/nightwatch/node_modules/q/q.js:863:30)
    at Promise.promise.promiseDispatch (/Users/lubna/Documents/local-assos-webstore/node_modules/nightwatch/node_modules/q/q.js:796:13)
    at /Users/lubna/Documents/local-assos-webstore/node_modules/nightwatch/node_modules/q/q.js:556:49
    at runSingle (/Users/lubna/Documents/local-assos-webstore/node_modules/nightwatch/node_modules/q/q.js:137:13)
    at flush (/Users/lubna/Documents/local-assos-webstore/node_modules/nightwatch/node_modules/q/q.js:125:13)
ERROR: Unable to locate element: &quot;.product-set .item-block-container:nth-child(2) .item-card-image-block&quot; using: css selector
    at scrollToProducts (/Users/lubna/Documents/local-assos-webstore/nightwatch/test/subCategory/addToCartSCWomen.js:17:10)
    at Object.it Should add item to cart from Women &gt; HELMETS (/Users/lubna/Documents/local-assos-webstore/nightwatch/test/subCategory/addToCartSCWomen.js:167:9)
    at Module.call (/Users/lubna/Documents/local-assos-webstore/node_modules/nightwatch/lib/runner/module.js:62:34)
    at /Users/lubna/Documents/local-assos-webstore/node_modules/nightwatch/lib/runner/testcase.js:70:29
    at _fulfilled (/Users/lubna/Documents/local-assos-webstore/node_modules/nightwatch/node_modules/q/q.js:834:54)
    at self.promiseDispatch.done (/Users/lubna/Documents/local-assos-webstore/node_modules/nightwatch/node_modules/q/q.js:863:30)
    at Promise.promise.promiseDispatch (/Users/lubna/Documents/local-assos-webstore/node_modules/nightwatch/node_modules/q/q.js:796:13)
    at /Users/lubna/Documents/local-assos-webstore/node_modules/nightwatch/node_modules/q/q.js:556:49
    at runSingle (/Users/lubna/Documents/local-assos-webstore/node_modules/nightwatch/node_modules/q/q.js:137:13)
    at flush (/Users/lubna/Documents/local-assos-webstore/node_modules/nightwatch/node_modules/q/q.js:125:13)
ERROR: Unable to locate element: &quot;.product-set .item-block-container:nth-child(2) .item-card-image-block .add-to-cart-btn&quot; using: css selector
    at Object.&lt;anonymous&gt; (/Users/lubna/Documents/local-assos-webstore/nightwatch/commands/addToCart.js:8:22)
    at Object.&lt;anonymous&gt; (/Users/lubna/Documents/local-assos-webstore/node_modules/nightwatch/lib/api/element-commands.js:361:20)
    at HttpRequest.&lt;anonymous&gt; (/Users/lubna/Documents/local-assos-webstore/node_modules/nightwatch/lib/index.js:366:18)
    at emitTwo (events.js:125:13)
    at HttpRequest.emit (events.js:213:7)
    at HttpRequest.&lt;anonymous&gt; (/Users/lubna/Documents/local-assos-webstore/node_modules/nightwatch/lib/index.js:382:15)
    at emitThree (events.js:135:13)
    at HttpRequest.emit (events.js:216:7)
    at IncomingMessage.&lt;anonymous&gt; (/Users/lubna/Documents/local-assos-webstore/node_modules/nightwatch/lib/http/request.js:166:16)
    at emitNone (events.js:110:20)
ERROR: Unable to locate element: &quot;.product-set .item-block-container:nth-child(2) .item-card-image-block .size-options-drop-down&quot; using: css selector
    at Object.&lt;anonymous&gt; (/Users/lubna/Documents/local-assos-webstore/nightwatch/commands/addToCart.js:10:22)
    at Object.&lt;anonymous&gt; (/Users/lubna/Documents/local-assos-webstore/node_modules/nightwatch/lib/api/element-commands.js:361:20)
    at HttpRequest.&lt;anonymous&gt; (/Users/lubna/Documents/local-assos-webstore/node_modules/nightwatch/lib/index.js:366:18)
    at emitTwo (events.js:125:13)
    at HttpRequest.emit (events.js:213:7)
    at HttpRequest.&lt;anonymous&gt; (/Users/lubna/Documents/local-assos-webstore/node_modules/nightwatch/lib/index.js:382:15)
    at emitThree (events.js:135:13)
    at HttpRequest.emit (events.js:216:7)
    at IncomingMessage.&lt;anonymous&gt; (/Users/lubna/Documents/local-assos-webstore/node_modules/nightwatch/lib/http/request.js:166:16)
    at emitNone (events.js:110:20)
ERROR: Unable to locate element: &quot;.product-set .item-block-container:nth-child(2) .item-card-image-block .size-options-drop-down option[value=&quot;null&quot;]&quot; using: css selector
    at Object.&lt;anonymous&gt; (/Users/lubna/Documents/local-assos-webstore/nightwatch/commands/addToCart.js:25:30)
    at HttpRequest.&lt;anonymous&gt; (/Users/lubna/Documents/local-assos-webstore/node_modules/nightwatch/lib/index.js:366:18)
    at emitTwo (events.js:125:13)
    at HttpRequest.emit (events.js:213:7)
    at HttpRequest.&lt;anonymous&gt; (/Users/lubna/Documents/local-assos-webstore/node_modules/nightwatch/lib/index.js:382:15)
    at emitThree (events.js:135:13)
    at HttpRequest.emit (events.js:216:7)
    at IncomingMessage.&lt;anonymous&gt; (/Users/lubna/Documents/local-assos-webstore/node_modules/nightwatch/lib/http/request.js:166:16)
    at emitNone (events.js:110:20)
    at IncomingMessage.emit (events.js:207:7)
ERROR: Unable to locate element: &quot;.product-set .item-block-container:nth-child(2) .item-card-image-block .add-to-cart-btn-block&quot; using: css selector
    at Object.&lt;anonymous&gt; (/Users/lubna/Documents/local-assos-webstore/nightwatch/commands/addToCart.js:29:22)
    at Object.&lt;anonymous&gt; (/Users/lubna/Documents/local-assos-webstore/node_modules/nightwatch/lib/api/element-commands.js:361:20)
    at HttpRequest.&lt;anonymous&gt; (/Users/lubna/Documents/local-assos-webstore/node_modules/nightwatch/lib/index.js:366:18)
    at emitTwo (events.js:125:13)
    at HttpRequest.emit (events.js:213:7)
    at HttpRequest.&lt;anonymous&gt; (/Users/lubna/Documents/local-assos-webstore/node_modules/nightwatch/lib/index.js:382:15)
    at emitThree (events.js:135:13)
    at HttpRequest.emit (events.js:216:7)
    at IncomingMessage.&lt;anonymous&gt; (/Users/lubna/Documents/local-assos-webstore/node_modules/nightwatch/lib/http/request.js:166:16)
    at emitNone (events.js:110:20)
ERROR: Unable to locate element: &quot;.product-set .item-block-container:nth-child(2) .item-card-image-block .size-options-drop-down&quot; using: css selector
    at Object.&lt;anonymous&gt; (/Users/lubna/Documents/local-assos-webstore/nightwatch/commands/addToCart.js:10:22)
    at Object.&lt;anonymous&gt; (/Users/lubna/Documents/local-assos-webstore/node_modules/nightwatch/lib/api/element-commands.js:361:20)
    at HttpRequest.&lt;anonymous&gt; (/Users/lubna/Documents/local-assos-webstore/node_modules/nightwatch/lib/index.js:366:18)
    at emitTwo (events.js:125:13)
    at HttpRequest.emit (events.js:213:7)
    at HttpRequest.&lt;anonymous&gt; (/Users/lubna/Documents/local-assos-webstore/node_modules/nightwatch/lib/index.js:382:15)
    at emitThree (events.js:135:13)
    at HttpRequest.emit (events.js:216:7)
    at IncomingMessage.&lt;anonymous&gt; (/Users/lubna/Documents/local-assos-webstore/node_modules/nightwatch/lib/http/request.js:166:16)
    at emitNone (events.js:110:20)
ERROR: Unable to locate element: &quot;.product-set .item-block-container:nth-child(2) .item-card-image-block .size-options-drop-down option[value=&quot;null&quot;]&quot; using: css selector
    at Object.&lt;anonymous&gt; (/Users/lubna/Documents/local-assos-webstore/nightwatch/commands/addToCart.js:25:30)
    at HttpRequest.&lt;anonymous&gt; (/Users/lubna/Documents/local-assos-webstore/node_modules/nightwatch/lib/index.js:366:18)
    at emitTwo (events.js:125:13)
    at HttpRequest.emit (events.js:213:7)
    at HttpRequest.&lt;anonymous&gt; (/Users/lubna/Documents/local-assos-webstore/node_modules/nightwatch/lib/index.js:382:15)
    at emitThree (events.js:135:13)
    at HttpRequest.emit (events.js:216:7)
    at IncomingMessage.&lt;anonymous&gt; (/Users/lubna/Documents/local-assos-webstore/node_modules/nightwatch/lib/http/request.js:166:16)
    at emitNone (events.js:110:20)
    at IncomingMessage.emit (events.js:207:7)
    </system-err>
  

  
  </testsuite>
</testsuites>
