<?xml version="1.0" encoding="UTF-8" ?>
<testsuites errors="0"
            failures="1"
            tests="1">

  <testsuite name="checkout.homePageSlider"
    errors="0" failures="1" hostname="" id="" package="checkout" skipped="0"
    tests="1" time="140.7" timestamp="Tue, 23 Jan 2018 09:32:32 GMT">
  
    <testcase name="it Should perform checkout from Home page slider, for a logged-in user - Transacted User (Address already present, Credit Card already present)" classname="checkout.homePageSlider" time="140.7" assertions="29">

    

    

    

    

    

    

    

    

    

    

    

    

    

    

      <failure message="Testing if element &lt;div[data-view=&quot;Shipping.Address&quot;] .sec-address-title&gt; contains text: &quot;Ritesh Bhanushali&quot;. after 5000 milliseconds.">    at Object.&lt;anonymous&gt; (/Users/lubna/Documents/local-assos-webstore/nightwatch/commands/globalCheckout/loggedInCheckout.js:111:29)</failure>

    

    

    

    

    

      <failure message="Testing if element &lt;div[data-view=&quot;Billing.Address&quot;] .sec-address-title&gt; contains text: &quot;Ritesh Bhanushali&quot;. after 5000 milliseconds.">    at Object.&lt;anonymous&gt; (/Users/lubna/Documents/local-assos-webstore/nightwatch/commands/globalCheckout/loggedInCheckout.js:119:29)</failure>

    

    

    

    

    

    

      <failure message="Testing if element &lt;.order-wizard-showshipments-module-shipmethod-rate&gt; contains text: &quot;FREE!&quot;. after 5000 milliseconds.">    at Object.&lt;anonymous&gt; (/Users/lubna/Documents/local-assos-webstore/nightwatch/commands/globalCheckout/loggedInCheckout.js:126:29)</failure>

    
    </testcase>
  

  

  
  </testsuite>
</testsuites>
