<?xml version="1.0" encoding="UTF-8" ?>
<testsuites errors="1"
            failures="1"
            tests="3">

  <testsuite name="checkout.registration"
    errors="1" failures="1" hostname="" id="" package="checkout" skipped="0"
    tests="3" time="184.5" timestamp="Tue, 09 Jan 2018 11:17:27 GMT">
  
    <testcase name="it Should Submit the registration form" classname="checkout.registration" time="63.68" assertions="6">

    

    

      <failure message="Timed out while waiting for element &lt;.user-name&gt; to be present for 20000 milliseconds.">    at Object.it Should Submit the registration form (/Users/lubna/Documents/local-assos-webstore/nightwatch/test/checkout/registration.js:26:14)
    at _combinedTickCallback (internal/process/next_tick.js:131:7)</failure>

      <failure message="Testing if element &lt;.user-name&gt; contains text: &quot;Lubna&quot;. Element could not be located. after 5000 milliseconds.">    at Object.it Should Submit the registration form (/Users/lubna/Documents/local-assos-webstore/nightwatch/test/checkout/registration.js:27:21)
    at _combinedTickCallback (internal/process/next_tick.js:131:7)</failure>

    

    
    </testcase>
  
    <testcase name="it Should check for validation error messages on the Registration form" classname="checkout.registration" time="36.87" assertions="9">

    

    

    

    

    

    

    

    

    
    </testcase>
  
    <testcase name="it Should display error for mismatch in Password and Confirm Password" classname="checkout.registration" time="83.96" assertions="4">

    

    

    

    
    </testcase>
  

  
    <system-err>
      ERROR: Unable to locate element: &quot;.user-name&quot; using: css selector
    at F.command (/Users/lubna/Documents/local-assos-webstore/node_modules/nightwatch/lib/api/assertions/containsText.js:46:21)
    at F.module.exports.BaseAssertion._scheduleAssertion (/Users/lubna/Documents/local-assos-webstore/node_modules/nightwatch/lib/core/assertion.js:87:17)
    at F.module.exports.BaseAssertion._executeCommand (/Users/lubna/Documents/local-assos-webstore/node_modules/nightwatch/lib/core/assertion.js:82:17)
    at AssertionInstance.commandFn [as _commandFn] (/Users/lubna/Documents/local-assos-webstore/node_modules/nightwatch/lib/core/assertion.js:180:21)
    at AsyncTree.runCommand (/Users/lubna/Documents/local-assos-webstore/node_modules/nightwatch/lib/core/queue.js:154:30)
    at AsyncTree.runChildNode (/Users/lubna/Documents/local-assos-webstore/node_modules/nightwatch/lib/core/queue.js:114:8)
    at AsyncTree.walkDown (/Users/lubna/Documents/local-assos-webstore/node_modules/nightwatch/lib/core/queue.js:80:10)
    at AsyncTree.walkUp (/Users/lubna/Documents/local-assos-webstore/node_modules/nightwatch/lib/core/queue.js:97:8)
    at AsyncTree.walkDown (/Users/lubna/Documents/local-assos-webstore/node_modules/nightwatch/lib/core/queue.js:90:12)
    at AsyncTree.traverse (/Users/lubna/Documents/local-assos-webstore/node_modules/nightwatch/lib/core/queue.js:73:8)
    </system-err>
  

  
  </testsuite>
</testsuites>
